<?xml version="1.0" encoding="UTF-8"?>
<robot generator="Robot 4.1.3 (Python 3.8.2 on win32)" generated="20220313 22:25:29.511" rpa="false" schemaversion="2">
<suite id="s1" name="Tests" source="D:\workspace_python\RahulUdemy\Tests">
<suite id="s1-s1" name="DemoTest2" source="D:\workspace_python\RahulUdemy\Tests\DemoTest2.robot">
<kw name="open the app browser" library="Common" type="SETUP">
<kw name="Open Browser" library="SeleniumLibrary">
<arg>about:blank</arg>
<arg>${browser_name}</arg>
<doc>Opens a new browser instance to the optional ``url``.</doc>
<msg timestamp="20220313 22:25:30.084" level="INFO">Opening browser 'chrome' to base url 'about:blank'.</msg>
<status status="PASS" starttime="20220313 22:25:30.084" endtime="20220313 22:25:35.043"/>
</kw>
<kw name="Maximize Browser Window" library="SeleniumLibrary">
<doc>Maximizes current browser window.</doc>
<status status="PASS" starttime="20220313 22:25:35.044" endtime="20220313 22:25:36.121"/>
</kw>
<status status="PASS" starttime="20220313 22:25:30.083" endtime="20220313 22:25:36.122"/>
</kw>
<test id="s1-s1-t1" name="Validate Child Window Functionality">
<kw name="open login page" library="Common" type="SETUP">
<kw name="Go To" library="SeleniumLibrary">
<arg>${url}</arg>
<doc>Navigates the current browser window to the provided ``url``.</doc>
<msg timestamp="20220313 22:25:36.127" level="INFO">Opening url 'https://rahulshettyacademy.com/loginpagePractise/'</msg>
<status status="PASS" starttime="20220313 22:25:36.126" endtime="20220313 22:25:39.005"/>
</kw>
<status status="PASS" starttime="20220313 22:25:36.124" endtime="20220313 22:25:39.007"/>
</kw>
<kw name="Select the link of child window">
<kw name="Click Link" library="SeleniumLibrary">
<arg>Free Access to InterviewQues/ResumeAssistance/Material</arg>
<doc>Clicks a link identified by ``locator``.</doc>
<msg timestamp="20220313 22:25:39.010" level="INFO">Clicking link 'Free Access to InterviewQues/ResumeAssistance/Material'.</msg>
<status status="PASS" starttime="20220313 22:25:39.009" endtime="20220313 22:25:39.687"/>
</kw>
<status status="PASS" starttime="20220313 22:25:39.007" endtime="20220313 22:25:39.687"/>
</kw>
<kw name="Verify the user is switch to child window">
<kw name="Switch Window" library="SeleniumLibrary">
<arg>NEW</arg>
<doc>Switches to browser window matching ``locator``.</doc>
<status status="PASS" starttime="20220313 22:25:39.689" endtime="20220313 22:25:40.056"/>
</kw>
<kw name="Wait Until Element Is Visible" library="SeleniumLibrary">
<arg>//h1</arg>
<doc>Waits until the element ``locator`` is visible.</doc>
<status status="PASS" starttime="20220313 22:25:40.057" endtime="20220313 22:26:00.687"/>
</kw>
<kw name="Element Text Should Be" library="SeleniumLibrary">
<arg>//h1</arg>
<arg>DOCUMENTS REQUEST</arg>
<doc>Verifies that element ``locator`` contains exact the text ``expected``.</doc>
<msg timestamp="20220313 22:26:00.689" level="INFO">Verifying element '//h1' contains exact text 'DOCUMENTS REQUEST'.</msg>
<status status="PASS" starttime="20220313 22:26:00.687" endtime="20220313 22:26:00.729"/>
</kw>
<status status="PASS" starttime="20220313 22:25:39.688" endtime="20220313 22:26:00.730"/>
</kw>
<kw name="Grab the email in the child window">
<kw name="Get Text" library="SeleniumLibrary">
<var>${text}</var>
<arg>css:.red</arg>
<doc>Returns the text value of the element identified by ``locator``.</doc>
<msg timestamp="20220313 22:26:00.792" level="INFO">${text} = Please email us at mentor@rahulshettyacademy.com with below template to receive response</msg>
<status status="PASS" starttime="20220313 22:26:00.732" endtime="20220313 22:26:00.792"/>
</kw>
<kw name="Log" library="BuiltIn">
<arg>${text}</arg>
<doc>Logs the given message with the given level.</doc>
<msg timestamp="20220313 22:26:00.794" level="INFO">Please email us at mentor@rahulshettyacademy.com with below template to receive response</msg>
<status status="PASS" starttime="20220313 22:26:00.793" endtime="20220313 22:26:00.794"/>
</kw>
<kw name="Split String" library="String">
<var>@{words}</var>
<arg>${text}</arg>
<arg>at</arg>
<doc>Splits the ``string`` using ``separator`` as a delimiter string.</doc>
<msg timestamp="20220313 22:26:00.795" level="INFO">@{words} = [ Please email us  |  mentor@rahulshettyacademy.com with below templ | e to receive response ]</msg>
<status status="PASS" starttime="20220313 22:26:00.794" endtime="20220313 22:26:00.795"/>
</kw>
<kw name="Log" library="BuiltIn">
<arg>${words}</arg>
<doc>Logs the given message with the given level.</doc>
<msg timestamp="20220313 22:26:00.797" level="INFO">['Please email us ', ' mentor@rahulshettyacademy.com with below templ', 'e to receive response']</msg>
<status status="PASS" starttime="20220313 22:26:00.796" endtime="20220313 22:26:00.797"/>
</kw>
<kw name="Get From List" library="Collections">
<var>${text_split}</var>
<arg>${words}</arg>
<arg>1</arg>
<doc>Returns the value specified with an ``index`` from ``list``.</doc>
<msg timestamp="20220313 22:26:00.799" level="INFO">${text_split} =  mentor@rahulshettyacademy.com with below templ</msg>
<status status="PASS" starttime="20220313 22:26:00.797" endtime="20220313 22:26:00.799"/>
</kw>
<kw name="Log" library="BuiltIn">
<arg>${text_split}</arg>
<doc>Logs the given message with the given level.</doc>
<msg timestamp="20220313 22:26:00.800" level="INFO"> mentor@rahulshettyacademy.com with below templ</msg>
<status status="PASS" starttime="20220313 22:26:00.799" endtime="20220313 22:26:00.800"/>
</kw>
<kw name="Split String" library="String">
<var>@{words_2}</var>
<arg>${text_split}</arg>
<doc>Splits the ``string`` using ``separator`` as a delimiter string.</doc>
<msg timestamp="20220313 22:26:00.803" level="INFO">@{words_2} = [ mentor@rahulshettyacademy.com | with | below | templ ]</msg>
<status status="PASS" starttime="20220313 22:26:00.801" endtime="20220313 22:26:00.803"/>
</kw>
<kw name="Get From List" library="Collections">
<var>${email}</var>
<arg>${words_2}</arg>
<arg>0</arg>
<doc>Returns the value specified with an ``index`` from ``list``.</doc>
<msg timestamp="20220313 22:26:00.804" level="INFO">${email} = mentor@rahulshettyacademy.com</msg>
<status status="PASS" starttime="20220313 22:26:00.803" endtime="20220313 22:26:00.804"/>
</kw>
<kw name="Log" library="BuiltIn">
<arg>${email}</arg>
<doc>Logs the given message with the given level.</doc>
<msg timestamp="20220313 22:26:00.805" level="INFO">mentor@rahulshettyacademy.com</msg>
<status status="PASS" starttime="20220313 22:26:00.804" endtime="20220313 22:26:00.805"/>
</kw>
<kw name="Set Global Variable" library="BuiltIn">
<arg>${email}</arg>
<doc>Makes a variable available globally in all tests and suites.</doc>
<msg timestamp="20220313 22:26:00.807" level="INFO">${email} = mentor@rahulshettyacademy.com</msg>
<status status="PASS" starttime="20220313 22:26:00.806" endtime="20220313 22:26:00.807"/>
</kw>
<status status="PASS" starttime="20220313 22:26:00.731" endtime="20220313 22:26:00.807"/>
</kw>
<kw name="Switch to parent window and enter the email">
<kw name="Switch Window" library="SeleniumLibrary">
<arg>MAIN</arg>
<doc>Switches to browser window matching ``locator``.</doc>
<status status="PASS" starttime="20220313 22:26:00.809" endtime="20220313 22:26:00.889"/>
</kw>
<kw name="Title Should Be" library="SeleniumLibrary">
<arg>LoginPage Practise | Rahul Shetty Academy</arg>
<doc>Verifies that the current page title equals ``title``.</doc>
<msg timestamp="20220313 22:26:00.907" level="INFO">Page title is 'LoginPage Practise | Rahul Shetty Academy'.</msg>
<status status="PASS" starttime="20220313 22:26:00.889" endtime="20220313 22:26:00.907"/>
</kw>
<kw name="Input Text" library="SeleniumLibrary">
<arg>username</arg>
<arg>${email}</arg>
<doc>Types the given ``text`` into the text field identified by ``locator``.</doc>
<msg timestamp="20220313 22:26:00.909" level="INFO">Typing text 'mentor@rahulshettyacademy.com' into text field 'username'.</msg>
<status status="PASS" starttime="20220313 22:26:00.908" endtime="20220313 22:26:01.387"/>
</kw>
<status status="PASS" starttime="20220313 22:26:00.808" endtime="20220313 22:26:01.387"/>
</kw>
<tag>Current</tag>
<status status="PASS" starttime="20220313 22:25:36.123" endtime="20220313 22:26:01.388"/>
</test>
<kw name="close the app browser" library="Common" type="TEARDOWN">
<kw name="Close Browser" library="SeleniumLibrary">
<doc>Closes the current browser.</doc>
<status status="PASS" starttime="20220313 22:26:01.391" endtime="20220313 22:26:04.600"/>
</kw>
<status status="PASS" starttime="20220313 22:26:01.390" endtime="20220313 22:26:04.601"/>
</kw>
<doc>To validate the Login form</doc>
<status status="PASS" starttime="20220313 22:25:29.573" endtime="20220313 22:26:04.601"/>
</suite>
<status status="PASS" starttime="20220313 22:25:29.526" endtime="20220313 22:26:04.605"/>
</suite>
<statistics>
<total>
<stat pass="1" fail="0" skip="0">All Tests</stat>
</total>
<tag>
<stat pass="1" fail="0" skip="0">Current</stat>
</tag>
<suite>
<stat pass="1" fail="0" skip="0" id="s1" name="Tests">Tests</stat>
<stat pass="1" fail="0" skip="0" id="s1-s1" name="DemoTest2">Tests.DemoTest2</stat>
</suite>
</statistics>
<errors>
</errors>
</robot>
