<?xml version="1.0" encoding="UTF-8"?>
<robot generator="Robot 4.1.3 (Python 3.8.2 on win32)" generated="20220313 22:26:05.574" rpa="false" schemaversion="2">
<suite id="s1" name="Tests" source="D:\workspace_python\RahulUdemy\Tests">
<suite id="s1-s1" name="DemoTest8" source="D:\workspace_python\RahulUdemy\Tests\DemoTest8.robot">
<kw name="open the app browser" library="Common" type="SETUP">
<kw name="Open Browser" library="SeleniumLibrary">
<arg>about:blank</arg>
<arg>${browser_name}</arg>
<doc>Opens a new browser instance to the optional ``url``.</doc>
<msg timestamp="20220313 22:26:06.326" level="INFO">Opening browser 'chrome' to base url 'about:blank'.</msg>
<status status="PASS" starttime="20220313 22:26:06.324" endtime="20220313 22:26:10.612"/>
</kw>
<kw name="Maximize Browser Window" library="SeleniumLibrary">
<doc>Maximizes current browser window.</doc>
<status status="PASS" starttime="20220313 22:26:10.612" endtime="20220313 22:26:10.901"/>
</kw>
<status status="PASS" starttime="20220313 22:26:06.323" endtime="20220313 22:26:10.902"/>
</kw>
<test id="s1-s1-t1" name="Validate Child window Functionality">
<kw name="open login page" library="Common" type="SETUP">
<kw name="Go To" library="SeleniumLibrary">
<arg>${url}</arg>
<doc>Navigates the current browser window to the provided ``url``.</doc>
<msg timestamp="20220313 22:26:10.908" level="INFO">Opening url 'https://rahulshettyacademy.com/loginpagePractise/'</msg>
<status status="PASS" starttime="20220313 22:26:10.907" endtime="20220313 22:26:12.788"/>
</kw>
<status status="PASS" starttime="20220313 22:26:10.906" endtime="20220313 22:26:12.788"/>
</kw>
<kw name="Select the link of Child window">
<kw name="Click Link" library="SeleniumLibrary">
<arg>Free Access to InterviewQues/ResumeAssistance/Material</arg>
<doc>Clicks a link identified by ``locator``.</doc>
<msg timestamp="20220313 22:26:12.792" level="INFO">Clicking link 'Free Access to InterviewQues/ResumeAssistance/Material'.</msg>
<status status="PASS" starttime="20220313 22:26:12.791" endtime="20220313 22:26:13.330"/>
</kw>
<status status="PASS" starttime="20220313 22:26:12.789" endtime="20220313 22:26:13.330"/>
</kw>
<kw name="Verify the user is Switched to Child window">
<kw name="Switch Window" library="SeleniumLibrary">
<arg>NEW</arg>
<doc>Switches to browser window matching ``locator``.</doc>
<status status="PASS" starttime="20220313 22:26:13.333" endtime="20220313 22:26:13.361"/>
</kw>
<kw name="Wait Until Element Is Visible" library="SeleniumLibrary">
<arg>//h1</arg>
<doc>Waits until the element ``locator`` is visible.</doc>
<status status="PASS" starttime="20220313 22:26:13.361" endtime="20220313 22:26:26.391"/>
</kw>
<kw name="Element Text Should Be" library="SeleniumLibrary">
<arg>//h1</arg>
<arg>DOCUMENTS REQUEST</arg>
<doc>Verifies that element ``locator`` contains exact the text ``expected``.</doc>
<msg timestamp="20220313 22:26:26.392" level="INFO">Verifying element '//h1' contains exact text 'DOCUMENTS REQUEST'.</msg>
<status status="PASS" starttime="20220313 22:26:26.392" endtime="20220313 22:26:26.412"/>
</kw>
<status status="PASS" starttime="20220313 22:26:13.331" endtime="20220313 22:26:26.412"/>
</kw>
<kw name="Grab the Email id in the Child Window">
<kw name="Get Text" library="SeleniumLibrary">
<var>${text}</var>
<arg>css:.red</arg>
<doc>Returns the text value of the element identified by ``locator``.</doc>
<msg timestamp="20220313 22:26:26.440" level="INFO">${text} = Please email us at mentor@rahulshettyacademy.com with below template to receive response</msg>
<status status="PASS" starttime="20220313 22:26:26.413" endtime="20220313 22:26:26.440"/>
</kw>
<kw name="Log" library="BuiltIn">
<arg>${text}</arg>
<doc>Logs the given message with the given level.</doc>
<msg timestamp="20220313 22:26:26.440" level="INFO">Please email us at mentor@rahulshettyacademy.com with below template to receive response</msg>
<status status="PASS" starttime="20220313 22:26:26.440" endtime="20220313 22:26:26.441"/>
</kw>
<kw name="Split String" library="String">
<var>@{words}</var>
<arg>${text}</arg>
<arg>at</arg>
<doc>Splits the ``string`` using ``separator`` as a delimiter string.</doc>
<msg timestamp="20220313 22:26:26.441" level="INFO">@{words} = [ Please email us  |  mentor@rahulshettyacademy.com with below templ | e to receive response ]</msg>
<status status="PASS" starttime="20220313 22:26:26.441" endtime="20220313 22:26:26.441"/>
</kw>
<kw name="Log" library="BuiltIn">
<arg>${words}</arg>
<doc>Logs the given message with the given level.</doc>
<msg timestamp="20220313 22:26:26.442" level="INFO">['Please email us ', ' mentor@rahulshettyacademy.com with below templ', 'e to receive response']</msg>
<status status="PASS" starttime="20220313 22:26:26.442" endtime="20220313 22:26:26.442"/>
</kw>
<kw name="Get From List" library="Collections">
<var>${text_split}</var>
<arg>${words}</arg>
<arg>1</arg>
<doc>Returns the value specified with an ``index`` from ``list``.</doc>
<msg timestamp="20220313 22:26:26.443" level="INFO">${text_split} =  mentor@rahulshettyacademy.com with below templ</msg>
<status status="PASS" starttime="20220313 22:26:26.442" endtime="20220313 22:26:26.443"/>
</kw>
<kw name="Log" library="BuiltIn">
<arg>${text_split}</arg>
<doc>Logs the given message with the given level.</doc>
<msg timestamp="20220313 22:26:26.443" level="INFO"> mentor@rahulshettyacademy.com with below templ</msg>
<status status="PASS" starttime="20220313 22:26:26.443" endtime="20220313 22:26:26.444"/>
</kw>
<kw name="Split String" library="String">
<var>@{words_2}</var>
<arg>${text_split}</arg>
<doc>Splits the ``string`` using ``separator`` as a delimiter string.</doc>
<msg timestamp="20220313 22:26:26.444" level="INFO">@{words_2} = [ mentor@rahulshettyacademy.com | with | below | templ ]</msg>
<status status="PASS" starttime="20220313 22:26:26.444" endtime="20220313 22:26:26.444"/>
</kw>
<kw name="Get From List" library="Collections">
<var>${new_email}</var>
<arg>${words_2}</arg>
<arg>0</arg>
<doc>Returns the value specified with an ``index`` from ``list``.</doc>
<msg timestamp="20220313 22:26:26.445" level="INFO">${new_email} = mentor@rahulshettyacademy.com</msg>
<status status="PASS" starttime="20220313 22:26:26.445" endtime="20220313 22:26:26.445"/>
</kw>
<kw name="Log" library="BuiltIn">
<arg>${new_email}</arg>
<doc>Logs the given message with the given level.</doc>
<msg timestamp="20220313 22:26:26.446" level="INFO">mentor@rahulshettyacademy.com</msg>
<status status="PASS" starttime="20220313 22:26:26.445" endtime="20220313 22:26:26.446"/>
</kw>
<kw name="Set Global Variable" library="BuiltIn">
<arg>${new_email}</arg>
<doc>Makes a variable available globally in all tests and suites.</doc>
<msg timestamp="20220313 22:26:26.447" level="INFO">${new_email} = mentor@rahulshettyacademy.com</msg>
<status status="PASS" starttime="20220313 22:26:26.446" endtime="20220313 22:26:26.447"/>
</kw>
<status status="PASS" starttime="20220313 22:26:26.412" endtime="20220313 22:26:26.447"/>
</kw>
<kw name="Switch to Parent window and enter the Email">
<kw name="Switch Window" library="SeleniumLibrary">
<arg>MAIN</arg>
<doc>Switches to browser window matching ``locator``.</doc>
<status status="PASS" starttime="20220313 22:26:26.448" endtime="20220313 22:26:26.485"/>
</kw>
<kw name="Title Should Be" library="SeleniumLibrary">
<arg>LoginPage Practise | Rahul Shetty Academy</arg>
<doc>Verifies that the current page title equals ``title``.</doc>
<msg timestamp="20220313 22:26:26.495" level="INFO">Page title is 'LoginPage Practise | Rahul Shetty Academy'.</msg>
<status status="PASS" starttime="20220313 22:26:26.486" endtime="20220313 22:26:26.495"/>
</kw>
<status status="PASS" starttime="20220313 22:26:26.447" endtime="20220313 22:26:26.496"/>
</kw>
<kw name="Fill the login form">
<arg>${new_email}</arg>
<arg>${invalid_password}</arg>
<kw name="Input Text" library="SeleniumLibrary">
<arg>username</arg>
<arg>${username}</arg>
<doc>Types the given ``text`` into the text field identified by ``locator``.</doc>
<msg timestamp="20220313 22:26:26.497" level="INFO">Typing text 'mentor@rahulshettyacademy.com' into text field 'username'.</msg>
<status status="PASS" starttime="20220313 22:26:26.497" endtime="20220313 22:26:26.624"/>
</kw>
<kw name="Input Password" library="SeleniumLibrary">
<arg>password</arg>
<arg>${password}</arg>
<doc>Types the given password into the text field identified by ``locator``.</doc>
<msg timestamp="20220313 22:26:26.625" level="INFO">Typing password into text field 'password'.</msg>
<msg timestamp="20220313 22:26:26.669" level="INFO">Temporally setting log level to: NONE</msg>
<msg timestamp="20220313 22:26:26.718" level="INFO">Log level changed from NONE to INFO.</msg>
<status status="PASS" starttime="20220313 22:26:26.624" endtime="20220313 22:26:26.718"/>
</kw>
<kw name="Click Button" library="SeleniumLibrary">
<arg>signInBtn</arg>
<doc>Clicks the button identified by ``locator``.</doc>
<msg timestamp="20220313 22:26:26.719" level="INFO">Clicking button 'signInBtn'.</msg>
<status status="PASS" starttime="20220313 22:26:26.718" endtime="20220313 22:26:26.777"/>
</kw>
<status status="PASS" starttime="20220313 22:26:26.496" endtime="20220313 22:26:26.777"/>
</kw>
<kw name="wait until Element is located in the page">
<arg>${Error_Message_Login_Element}</arg>
<kw name="Wait Until Element Is Visible" library="SeleniumLibrary">
<arg>${element}</arg>
<doc>Waits until the element ``locator`` is visible.</doc>
<status status="PASS" starttime="20220313 22:26:26.778" endtime="20220313 22:26:28.989"/>
</kw>
<status status="PASS" starttime="20220313 22:26:26.777" endtime="20220313 22:26:28.989"/>
</kw>
<kw name="Verify error message is correct">
<kw name="Get Text" library="SeleniumLibrary">
<var>${result}</var>
<arg>${Error_Message_Login_Element}</arg>
<doc>Returns the text value of the element identified by ``locator``.</doc>
<msg timestamp="20220313 22:26:29.007" level="INFO">${result} = Incorrect username/password.</msg>
<status status="PASS" starttime="20220313 22:26:28.990" endtime="20220313 22:26:29.007"/>
</kw>
<kw name="Should Be Equal As Strings" library="BuiltIn">
<arg>${result}</arg>
<arg>${Error_Message_Login_Text}</arg>
<doc>Fails if objects are unequal after converting them to strings.</doc>
<status status="PASS" starttime="20220313 22:26:29.007" endtime="20220313 22:26:29.007"/>
</kw>
<kw name="Element Text Should Be" library="SeleniumLibrary">
<arg>${Error_Message_Login_Element}</arg>
<arg>${Error_Message_Login_Text}</arg>
<doc>Verifies that element ``locator`` contains exact the text ``expected``.</doc>
<msg timestamp="20220313 22:26:29.008" level="INFO">Verifying element 'xpath://div[@class='alert alert-danger col-md-12']' contains exact text 'Incorrect username/password.'.</msg>
<status status="PASS" starttime="20220313 22:26:29.008" endtime="20220313 22:26:29.020"/>
</kw>
<status status="PASS" starttime="20220313 22:26:28.990" endtime="20220313 22:26:29.020"/>
</kw>
<tag>REGRESSION</tag>
<status status="PASS" starttime="20220313 22:26:10.903" endtime="20220313 22:26:29.020"/>
</test>
<kw name="close the app browser" library="Common" type="TEARDOWN">
<kw name="Close Browser" library="SeleniumLibrary">
<doc>Closes the current browser.</doc>
<status status="PASS" starttime="20220313 22:26:29.022" endtime="20220313 22:26:31.173"/>
</kw>
<status status="PASS" starttime="20220313 22:26:29.021" endtime="20220313 22:26:31.173"/>
</kw>
<doc>Validating Login Form</doc>
<status status="PASS" starttime="20220313 22:26:05.674" endtime="20220313 22:26:31.173"/>
</suite>
<status status="PASS" starttime="20220313 22:26:05.602" endtime="20220313 22:26:31.179"/>
</suite>
<statistics>
<total>
<stat pass="1" fail="0" skip="0">All Tests</stat>
</total>
<tag>
<stat pass="1" fail="0" skip="0">REGRESSION</stat>
</tag>
<suite>
<stat pass="1" fail="0" skip="0" id="s1" name="Tests">Tests</stat>
<stat pass="1" fail="0" skip="0" id="s1-s1" name="DemoTest8">Tests.DemoTest8</stat>
</suite>
</statistics>
<errors>
</errors>
</robot>
