<?xml version="1.0" encoding="UTF-8"?>
<robot generator="Robot 4.1.3 (Python 3.8.2 on win32)" generated="20220313 22:25:29.521" rpa="false" schemaversion="2">
<suite id="s1" name="Tests" source="D:\workspace_python\RahulUdemy\Tests">
<suite id="s1-s1" name="DemoTest4" source="D:\workspace_python\RahulUdemy\Tests\DemoTest4.robot">
<kw name="open the app browser" library="Common" type="SETUP">
<kw name="Open Browser" library="SeleniumLibrary">
<arg>about:blank</arg>
<arg>${browser_name}</arg>
<doc>Opens a new browser instance to the optional ``url``.</doc>
<msg timestamp="20220313 22:25:30.105" level="INFO">Opening browser 'chrome' to base url 'about:blank'.</msg>
<status status="PASS" starttime="20220313 22:25:30.104" endtime="20220313 22:25:35.030"/>
</kw>
<kw name="Maximize Browser Window" library="SeleniumLibrary">
<doc>Maximizes current browser window.</doc>
<status status="PASS" starttime="20220313 22:25:35.031" endtime="20220313 22:25:36.592"/>
</kw>
<status status="PASS" starttime="20220313 22:25:30.103" endtime="20220313 22:25:36.593"/>
</kw>
<test id="s1-s1-t1" name="Validate Cards Display in the Shopping Page">
<kw name="open login page" library="Common" type="SETUP">
<kw name="Go To" library="SeleniumLibrary">
<arg>${url}</arg>
<doc>Navigates the current browser window to the provided ``url``.</doc>
<msg timestamp="20220313 22:25:36.598" level="INFO">Opening url 'https://rahulshettyacademy.com/loginpagePractise/'</msg>
<status status="PASS" starttime="20220313 22:25:36.596" endtime="20220313 22:25:41.644"/>
</kw>
<status status="PASS" starttime="20220313 22:25:36.595" endtime="20220313 22:25:41.644"/>
</kw>
<kw name="Fill the login Form">
<arg>${user_name}</arg>
<arg>${valid_password}</arg>
<kw name="Input Text" library="SeleniumLibrary">
<arg>id=username</arg>
<arg>${user_name}</arg>
<doc>Types the given ``text`` into the text field identified by ``locator``.</doc>
<msg timestamp="20220313 22:25:41.649" level="INFO">Typing text 'rahulshettyacademy' into text field 'id=username'.</msg>
<status status="PASS" starttime="20220313 22:25:41.647" endtime="20220313 22:25:42.225"/>
</kw>
<kw name="Input Text" library="SeleniumLibrary">
<arg>id=password</arg>
<arg>${valid_password}</arg>
<doc>Types the given ``text`` into the text field identified by ``locator``.</doc>
<msg timestamp="20220313 22:25:42.228" level="INFO">Typing text 'learning' into text field 'id=password'.</msg>
<status status="PASS" starttime="20220313 22:25:42.226" endtime="20220313 22:25:42.445"/>
</kw>
<kw name="Click Button" library="SeleniumLibrary">
<arg>id=signInBtn</arg>
<doc>Clicks the button identified by ``locator``.</doc>
<msg timestamp="20220313 22:25:42.450" level="INFO">Clicking button 'id=signInBtn'.</msg>
<status status="PASS" starttime="20220313 22:25:42.446" endtime="20220313 22:25:42.743"/>
</kw>
<kw name="Wait Until Element Is Visible" library="SeleniumLibrary">
<arg>xpath=//h1[contains(text(),'Shop Name')]</arg>
<doc>Waits until the element ``locator`` is visible.</doc>
<status status="PASS" starttime="20220313 22:25:42.743" endtime="20220313 22:25:57.780"/>
</kw>
<status status="PASS" starttime="20220313 22:25:41.645" endtime="20220313 22:25:57.781"/>
</kw>
<kw name="Verify Card titles in the Shop page">
<kw name="Create List" library="BuiltIn">
<var>@{expectedList}</var>
<arg>iphone X</arg>
<arg>Samsung Note 8</arg>
<arg>Nokia Edge</arg>
<arg>Blackberry</arg>
<doc>Returns a list containing given items.</doc>
<msg timestamp="20220313 22:25:57.785" level="INFO">@{expectedList} = [ iphone X | Samsung Note 8 | Nokia Edge | Blackberry ]</msg>
<status status="PASS" starttime="20220313 22:25:57.784" endtime="20220313 22:25:57.785"/>
</kw>
<kw name="Get WebElements" library="SeleniumLibrary">
<var>@{elements}</var>
<arg>xpath://h4[@class='card-title']</arg>
<doc>Returns a list of WebElement objects matching the ``locator``.</doc>
<msg timestamp="20220313 22:25:57.845" level="INFO">@{elements} = [ &lt;selenium.webdriver.remote.webelement.WebElement (session="fa72a2297d62f2724e3cea1e8446538b", element="49e8695f-3c96-4974-a005-22950de767da")&gt; | &lt;selenium.webdriver.remote.webelement.WebElement (ses...</msg>
<status status="PASS" starttime="20220313 22:25:57.786" endtime="20220313 22:25:57.845"/>
</kw>
<kw name="Log" library="BuiltIn">
<arg>${elements}</arg>
<doc>Logs the given message with the given level.</doc>
<msg timestamp="20220313 22:25:57.847" level="INFO">[&lt;selenium.webdriver.remote.webelement.WebElement (session="fa72a2297d62f2724e3cea1e8446538b", element="49e8695f-3c96-4974-a005-22950de767da")&gt;, &lt;selenium.webdriver.remote.webelement.WebElement (session="fa72a2297d62f2724e3cea1e8446538b", element="fcae664a-d4cd-4ab2-b651-3c0f7fe8d248")&gt;, &lt;selenium.webdriver.remote.webelement.WebElement (session="fa72a2297d62f2724e3cea1e8446538b", element="3f990e20-756e-42e6-b109-0062a342f61e")&gt;, &lt;selenium.webdriver.remote.webelement.WebElement (session="fa72a2297d62f2724e3cea1e8446538b", element="3cd98ff2-8e18-4bc6-ad48-af47753ce9c8")&gt;]</msg>
<status status="PASS" starttime="20220313 22:25:57.846" endtime="20220313 22:25:57.847"/>
</kw>
<kw name="Create List" library="BuiltIn">
<var>@{actualList}</var>
<doc>Returns a list containing given items.</doc>
<msg timestamp="20220313 22:25:57.849" level="INFO">@{actualList} = [ ]</msg>
<status status="PASS" starttime="20220313 22:25:57.847" endtime="20220313 22:25:57.849"/>
</kw>
<for flavor="IN">
<var>${element}</var>
<value>@{elements}</value>
<iter>
<var name="${element}">&lt;selenium.webdriver.remote.webelement.WebElement (session="fa72a2297d62f2724e3cea1e8446538b", element="49e8695f-3c96-4974-a005-22950de767da")&gt;</var>
<kw name="Get Text" library="SeleniumLibrary">
<var>${element_text}</var>
<arg>${element}</arg>
<doc>Returns the text value of the element identified by ``locator``.</doc>
<msg timestamp="20220313 22:25:57.927" level="INFO">${element_text} = iphone X</msg>
<status status="PASS" starttime="20220313 22:25:57.852" endtime="20220313 22:25:57.927"/>
</kw>
<kw name="Log" library="BuiltIn">
<arg>${element_text}</arg>
<doc>Logs the given message with the given level.</doc>
<msg timestamp="20220313 22:25:57.928" level="INFO">iphone X</msg>
<status status="PASS" starttime="20220313 22:25:57.927" endtime="20220313 22:25:57.928"/>
</kw>
<kw name="Append To List" library="Collections">
<arg>${actualList}</arg>
<arg>${element_text}</arg>
<doc>Adds ``values`` to the end of ``list``.</doc>
<status status="PASS" starttime="20220313 22:25:57.929" endtime="20220313 22:25:57.930"/>
</kw>
<status status="PASS" starttime="20220313 22:25:57.850" endtime="20220313 22:25:57.931"/>
</iter>
<iter>
<var name="${element}">&lt;selenium.webdriver.remote.webelement.WebElement (session="fa72a2297d62f2724e3cea1e8446538b", element="fcae664a-d4cd-4ab2-b651-3c0f7fe8d248")&gt;</var>
<kw name="Get Text" library="SeleniumLibrary">
<var>${element_text}</var>
<arg>${element}</arg>
<doc>Returns the text value of the element identified by ``locator``.</doc>
<msg timestamp="20220313 22:25:57.964" level="INFO">${element_text} = Samsung Note 8</msg>
<status status="PASS" starttime="20220313 22:25:57.933" endtime="20220313 22:25:57.964"/>
</kw>
<kw name="Log" library="BuiltIn">
<arg>${element_text}</arg>
<doc>Logs the given message with the given level.</doc>
<msg timestamp="20220313 22:25:57.967" level="INFO">Samsung Note 8</msg>
<status status="PASS" starttime="20220313 22:25:57.965" endtime="20220313 22:25:57.967"/>
</kw>
<kw name="Append To List" library="Collections">
<arg>${actualList}</arg>
<arg>${element_text}</arg>
<doc>Adds ``values`` to the end of ``list``.</doc>
<status status="PASS" starttime="20220313 22:25:57.967" endtime="20220313 22:25:57.969"/>
</kw>
<status status="PASS" starttime="20220313 22:25:57.932" endtime="20220313 22:25:57.969"/>
</iter>
<iter>
<var name="${element}">&lt;selenium.webdriver.remote.webelement.WebElement (session="fa72a2297d62f2724e3cea1e8446538b", element="3f990e20-756e-42e6-b109-0062a342f61e")&gt;</var>
<kw name="Get Text" library="SeleniumLibrary">
<var>${element_text}</var>
<arg>${element}</arg>
<doc>Returns the text value of the element identified by ``locator``.</doc>
<msg timestamp="20220313 22:25:58.010" level="INFO">${element_text} = Nokia Edge</msg>
<status status="PASS" starttime="20220313 22:25:57.970" endtime="20220313 22:25:58.010"/>
</kw>
<kw name="Log" library="BuiltIn">
<arg>${element_text}</arg>
<doc>Logs the given message with the given level.</doc>
<msg timestamp="20220313 22:25:58.011" level="INFO">Nokia Edge</msg>
<status status="PASS" starttime="20220313 22:25:58.010" endtime="20220313 22:25:58.011"/>
</kw>
<kw name="Append To List" library="Collections">
<arg>${actualList}</arg>
<arg>${element_text}</arg>
<doc>Adds ``values`` to the end of ``list``.</doc>
<status status="PASS" starttime="20220313 22:25:58.012" endtime="20220313 22:25:58.013"/>
</kw>
<status status="PASS" starttime="20220313 22:25:57.970" endtime="20220313 22:25:58.013"/>
</iter>
<iter>
<var name="${element}">&lt;selenium.webdriver.remote.webelement.WebElement (session="fa72a2297d62f2724e3cea1e8446538b", element="3cd98ff2-8e18-4bc6-ad48-af47753ce9c8")&gt;</var>
<kw name="Get Text" library="SeleniumLibrary">
<var>${element_text}</var>
<arg>${element}</arg>
<doc>Returns the text value of the element identified by ``locator``.</doc>
<msg timestamp="20220313 22:25:58.046" level="INFO">${element_text} = Blackberry</msg>
<status status="PASS" starttime="20220313 22:25:58.014" endtime="20220313 22:25:58.047"/>
</kw>
<kw name="Log" library="BuiltIn">
<arg>${element_text}</arg>
<doc>Logs the given message with the given level.</doc>
<msg timestamp="20220313 22:25:58.049" level="INFO">Blackberry</msg>
<status status="PASS" starttime="20220313 22:25:58.047" endtime="20220313 22:25:58.050"/>
</kw>
<kw name="Append To List" library="Collections">
<arg>${actualList}</arg>
<arg>${element_text}</arg>
<doc>Adds ``values`` to the end of ``list``.</doc>
<status status="PASS" starttime="20220313 22:25:58.050" endtime="20220313 22:25:58.051"/>
</kw>
<status status="PASS" starttime="20220313 22:25:58.013" endtime="20220313 22:25:58.052"/>
</iter>
<status status="PASS" starttime="20220313 22:25:57.849" endtime="20220313 22:25:58.052"/>
</for>
<kw name="Lists Should Be Equal" library="Collections">
<arg>${actualList}</arg>
<arg>${expectedList}</arg>
<doc>Fails if given lists are unequal.</doc>
<status status="PASS" starttime="20220313 22:25:58.052" endtime="20220313 22:25:58.054"/>
</kw>
<status status="PASS" starttime="20220313 22:25:57.782" endtime="20220313 22:25:58.054"/>
</kw>
<kw name="Add Items To Cart And Checkout" library="Shop">
<arg>${ProductList}</arg>
<msg timestamp="20220313 22:25:58.093" level="INFO">Clicking button 'xpath:(//div[@class='card-footer'])[1]/button'.</msg>
<msg timestamp="20220313 22:25:58.246" level="INFO">Clicking button 'xpath:(//div[@class='card-footer'])[2]/button'.</msg>
<msg timestamp="20220313 22:25:58.445" level="INFO">Clicking button 'xpath:(//div[@class='card-footer'])[4]/button'.</msg>
<msg timestamp="20220313 22:25:58.671" level="INFO">Clicking link '//a[@class='nav-link btn btn-primary']'.</msg>
<msg timestamp="20220313 22:25:59.205" level="INFO">iphone X
Samsung Note 8
Blackberry</msg>
<status status="PASS" starttime="20220313 22:25:58.055" endtime="20220313 22:25:59.205"/>
</kw>
<kw name="Sleep" library="BuiltIn">
<arg>3</arg>
<doc>Pauses the test executed for the given time.</doc>
<msg timestamp="20220313 22:26:02.207" level="INFO">Slept 3 seconds</msg>
<status status="PASS" starttime="20220313 22:25:59.206" endtime="20220313 22:26:02.207"/>
</kw>
<tag>smoke</tag>
<status status="PASS" starttime="20220313 22:25:36.593" endtime="20220313 22:26:02.208"/>
</test>
<kw name="close the app browser" library="Common" type="TEARDOWN">
<kw name="Close Browser" library="SeleniumLibrary">
<doc>Closes the current browser.</doc>
<status status="PASS" starttime="20220313 22:26:02.210" endtime="20220313 22:26:04.727"/>
</kw>
<status status="PASS" starttime="20220313 22:26:02.210" endtime="20220313 22:26:04.728"/>
</kw>
<doc>Custom Python Library on RobotFramework</doc>
<status status="PASS" starttime="20220313 22:25:29.583" endtime="20220313 22:26:04.728"/>
</suite>
<status status="PASS" starttime="20220313 22:25:29.539" endtime="20220313 22:26:04.734"/>
</suite>
<statistics>
<total>
<stat pass="1" fail="0" skip="0">All Tests</stat>
</total>
<tag>
<stat pass="1" fail="0" skip="0">smoke</stat>
</tag>
<suite>
<stat pass="1" fail="0" skip="0" id="s1" name="Tests">Tests</stat>
<stat pass="1" fail="0" skip="0" id="s1-s1" name="DemoTest4">Tests.DemoTest4</stat>
</suite>
</statistics>
<errors>
</errors>
</robot>
