<?xml version="1.0" encoding="UTF-8"?>
<robot generator="Robot 4.1.3 (Python 3.8.2 on win32)" generated="20220313 22:25:29.519" rpa="false" schemaversion="2">
<suite id="s1" name="Tests" source="D:\workspace_python\RahulUdemy\Tests">
<suite id="s1-s1" name="DemoTest10" source="D:\workspace_python\RahulUdemy\Tests\DemoTest10.robot">
<kw name="open the app browser" library="Common" type="SETUP">
<kw name="Open Browser" library="SeleniumLibrary">
<arg>about:blank</arg>
<arg>${browser_name}</arg>
<doc>Opens a new browser instance to the optional ``url``.</doc>
<msg timestamp="20220313 22:25:30.145" level="INFO">Opening browser 'chrome' to base url 'about:blank'.</msg>
<status status="PASS" starttime="20220313 22:25:30.144" endtime="20220313 22:25:35.013"/>
</kw>
<kw name="Maximize Browser Window" library="SeleniumLibrary">
<doc>Maximizes current browser window.</doc>
<status status="PASS" starttime="20220313 22:25:35.014" endtime="20220313 22:25:36.019"/>
</kw>
<status status="PASS" starttime="20220313 22:25:30.143" endtime="20220313 22:25:36.020"/>
</kw>
<test id="s1-s1-t1" name="Invalid username">
<kw name="open login page" library="Common" type="SETUP">
<kw name="Go To" library="SeleniumLibrary">
<arg>${url}</arg>
<doc>Navigates the current browser window to the provided ``url``.</doc>
<msg timestamp="20220313 22:25:36.030" level="INFO">Opening url 'https://rahulshettyacademy.com/loginpagePractise/'</msg>
<status status="PASS" starttime="20220313 22:25:36.028" endtime="20220313 22:25:38.164"/>
</kw>
<status status="PASS" starttime="20220313 22:25:36.027" endtime="20220313 22:25:38.165"/>
</kw>
<kw name="Validate UnSuccesful Login">
<arg>dsahed</arg>
<arg>learning</arg>
<arg>Incorrect username/password.</arg>
<kw name="Fill the login form">
<arg>${username}</arg>
<arg>${password}</arg>
<kw name="Input Text" library="SeleniumLibrary">
<arg>username</arg>
<arg>${username}</arg>
<doc>Types the given ``text`` into the text field identified by ``locator``.</doc>
<msg timestamp="20220313 22:25:38.173" level="INFO">Typing text 'dsahed' into text field 'username'.</msg>
<status status="PASS" starttime="20220313 22:25:38.171" endtime="20220313 22:25:39.189"/>
</kw>
<kw name="Input Password" library="SeleniumLibrary">
<arg>password</arg>
<arg>${password}</arg>
<doc>Types the given password into the text field identified by ``locator``.</doc>
<msg timestamp="20220313 22:25:39.190" level="INFO">Typing password into text field 'password'.</msg>
<msg timestamp="20220313 22:25:39.963" level="INFO">Temporally setting log level to: NONE</msg>
<msg timestamp="20220313 22:25:40.423" level="INFO">Log level changed from NONE to INFO.</msg>
<status status="PASS" starttime="20220313 22:25:39.189" endtime="20220313 22:25:40.424"/>
</kw>
<kw name="Click Button" library="SeleniumLibrary">
<arg>signInBtn</arg>
<doc>Clicks the button identified by ``locator``.</doc>
<msg timestamp="20220313 22:25:40.426" level="INFO">Clicking button 'signInBtn'.</msg>
<status status="PASS" starttime="20220313 22:25:40.425" endtime="20220313 22:25:40.694"/>
</kw>
<status status="PASS" starttime="20220313 22:25:38.169" endtime="20220313 22:25:40.695"/>
</kw>
<kw name="wait until it checks and display error message">
<kw name="Wait Until Element Is Visible" library="SeleniumLibrary">
<arg>class:alert-danger</arg>
<arg>20</arg>
<doc>Waits until the element ``locator`` is visible.</doc>
<status status="PASS" starttime="20220313 22:25:40.696" endtime="20220313 22:25:42.691"/>
</kw>
<status status="PASS" starttime="20220313 22:25:40.695" endtime="20220313 22:25:42.692"/>
</kw>
<kw name="verify error message is correct">
<arg>${expectedResult}</arg>
<kw name="Get Text" library="SeleniumLibrary">
<var>${text}</var>
<arg>${Error_Message_Login}</arg>
<doc>Returns the text value of the element identified by ``locator``.</doc>
<msg timestamp="20220313 22:25:42.756" level="INFO">${text} = Incorrect username/password.</msg>
<status status="PASS" starttime="20220313 22:25:42.694" endtime="20220313 22:25:42.757"/>
</kw>
<kw name="Log" library="BuiltIn">
<arg>${text}</arg>
<doc>Logs the given message with the given level.</doc>
<msg timestamp="20220313 22:25:42.758" level="INFO">Incorrect username/password.</msg>
<status status="PASS" starttime="20220313 22:25:42.757" endtime="20220313 22:25:42.758"/>
</kw>
<kw name="Should Be Equal As Strings" library="BuiltIn">
<arg>${text}</arg>
<arg>${expectedResult}</arg>
<doc>Fails if objects are unequal after converting them to strings.</doc>
<status status="PASS" starttime="20220313 22:25:42.759" endtime="20220313 22:25:42.760"/>
</kw>
<kw name="Element Text Should Be" library="SeleniumLibrary">
<arg>${Error_Message_Login}</arg>
<arg>${expectedResult}</arg>
<doc>Verifies that element ``locator`` contains exact the text ``expected``.</doc>
<msg timestamp="20220313 22:25:42.762" level="INFO">Verifying element 'class:alert-danger' contains exact text 'Incorrect username/password.'.</msg>
<status status="PASS" starttime="20220313 22:25:42.760" endtime="20220313 22:25:42.798"/>
</kw>
<status status="PASS" starttime="20220313 22:25:42.692" endtime="20220313 22:25:42.800"/>
</kw>
<status status="PASS" starttime="20220313 22:25:38.167" endtime="20220313 22:25:42.801"/>
</kw>
<status status="PASS" starttime="20220313 22:25:36.021" endtime="20220313 22:25:42.801"/>
</test>
<test id="s1-s1-t2" name="Invalid password">
<kw name="open login page" library="Common" type="SETUP">
<kw name="Go To" library="SeleniumLibrary">
<arg>${url}</arg>
<doc>Navigates the current browser window to the provided ``url``.</doc>
<msg timestamp="20220313 22:25:42.811" level="INFO">Opening url 'https://rahulshettyacademy.com/loginpagePractise/'</msg>
<status status="PASS" starttime="20220313 22:25:42.809" endtime="20220313 22:25:43.345"/>
</kw>
<status status="PASS" starttime="20220313 22:25:42.808" endtime="20220313 22:25:43.345"/>
</kw>
<kw name="Validate UnSuccesful Login">
<arg>rahulshetty</arg>
<arg>ploudfg</arg>
<arg>Incorrect username/password.</arg>
<kw name="Fill the login form">
<arg>${username}</arg>
<arg>${password}</arg>
<kw name="Input Text" library="SeleniumLibrary">
<arg>username</arg>
<arg>${username}</arg>
<doc>Types the given ``text`` into the text field identified by ``locator``.</doc>
<msg timestamp="20220313 22:25:43.355" level="INFO">Typing text 'rahulshetty' into text field 'username'.</msg>
<status status="PASS" starttime="20220313 22:25:43.352" endtime="20220313 22:25:43.779"/>
</kw>
<kw name="Input Password" library="SeleniumLibrary">
<arg>password</arg>
<arg>${password}</arg>
<doc>Types the given password into the text field identified by ``locator``.</doc>
<msg timestamp="20220313 22:25:43.782" level="INFO">Typing password into text field 'password'.</msg>
<msg timestamp="20220313 22:25:43.870" level="INFO">Temporally setting log level to: NONE</msg>
<msg timestamp="20220313 22:25:44.038" level="INFO">Log level changed from NONE to INFO.</msg>
<status status="PASS" starttime="20220313 22:25:43.779" endtime="20220313 22:25:44.038"/>
</kw>
<kw name="Click Button" library="SeleniumLibrary">
<arg>signInBtn</arg>
<doc>Clicks the button identified by ``locator``.</doc>
<msg timestamp="20220313 22:25:44.040" level="INFO">Clicking button 'signInBtn'.</msg>
<status status="PASS" starttime="20220313 22:25:44.039" endtime="20220313 22:25:44.276"/>
</kw>
<status status="PASS" starttime="20220313 22:25:43.349" endtime="20220313 22:25:44.277"/>
</kw>
<kw name="wait until it checks and display error message">
<kw name="Wait Until Element Is Visible" library="SeleniumLibrary">
<arg>class:alert-danger</arg>
<arg>20</arg>
<doc>Waits until the element ``locator`` is visible.</doc>
<status status="PASS" starttime="20220313 22:25:44.279" endtime="20220313 22:25:46.310"/>
</kw>
<status status="PASS" starttime="20220313 22:25:44.278" endtime="20220313 22:25:46.311"/>
</kw>
<kw name="verify error message is correct">
<arg>${expectedResult}</arg>
<kw name="Get Text" library="SeleniumLibrary">
<var>${text}</var>
<arg>${Error_Message_Login}</arg>
<doc>Returns the text value of the element identified by ``locator``.</doc>
<msg timestamp="20220313 22:25:46.495" level="INFO">${text} = Incorrect username/password.</msg>
<status status="PASS" starttime="20220313 22:25:46.315" endtime="20220313 22:25:46.495"/>
</kw>
<kw name="Log" library="BuiltIn">
<arg>${text}</arg>
<doc>Logs the given message with the given level.</doc>
<msg timestamp="20220313 22:25:46.497" level="INFO">Incorrect username/password.</msg>
<status status="PASS" starttime="20220313 22:25:46.496" endtime="20220313 22:25:46.497"/>
</kw>
<kw name="Should Be Equal As Strings" library="BuiltIn">
<arg>${text}</arg>
<arg>${expectedResult}</arg>
<doc>Fails if objects are unequal after converting them to strings.</doc>
<status status="PASS" starttime="20220313 22:25:46.498" endtime="20220313 22:25:46.500"/>
</kw>
<kw name="Element Text Should Be" library="SeleniumLibrary">
<arg>${Error_Message_Login}</arg>
<arg>${expectedResult}</arg>
<doc>Verifies that element ``locator`` contains exact the text ``expected``.</doc>
<msg timestamp="20220313 22:25:46.502" level="INFO">Verifying element 'class:alert-danger' contains exact text 'Incorrect username/password.'.</msg>
<status status="PASS" starttime="20220313 22:25:46.501" endtime="20220313 22:25:46.640"/>
</kw>
<status status="PASS" starttime="20220313 22:25:46.312" endtime="20220313 22:25:46.641"/>
</kw>
<status status="PASS" starttime="20220313 22:25:43.346" endtime="20220313 22:25:46.641"/>
</kw>
<status status="PASS" starttime="20220313 22:25:42.803" endtime="20220313 22:25:46.642"/>
</test>
<test id="s1-s1-t3" name="special characters">
<kw name="open login page" library="Common" type="SETUP">
<kw name="Go To" library="SeleniumLibrary">
<arg>${url}</arg>
<doc>Navigates the current browser window to the provided ``url``.</doc>
<msg timestamp="20220313 22:25:46.652" level="INFO">Opening url 'https://rahulshettyacademy.com/loginpagePractise/'</msg>
<status status="PASS" starttime="20220313 22:25:46.650" endtime="20220313 22:25:47.212"/>
</kw>
<status status="PASS" starttime="20220313 22:25:46.649" endtime="20220313 22:25:47.213"/>
</kw>
<kw name="Validate UnSuccesful Login">
<arg>@#$</arg>
<arg>learning</arg>
<arg>Incorrect username/password.</arg>
<kw name="Fill the login form">
<arg>${username}</arg>
<arg>${password}</arg>
<kw name="Input Text" library="SeleniumLibrary">
<arg>username</arg>
<arg>${username}</arg>
<doc>Types the given ``text`` into the text field identified by ``locator``.</doc>
<msg timestamp="20220313 22:25:47.219" level="INFO">Typing text '@#$' into text field 'username'.</msg>
<status status="PASS" starttime="20220313 22:25:47.218" endtime="20220313 22:25:47.632"/>
</kw>
<kw name="Input Password" library="SeleniumLibrary">
<arg>password</arg>
<arg>${password}</arg>
<doc>Types the given password into the text field identified by ``locator``.</doc>
<msg timestamp="20220313 22:25:47.634" level="INFO">Typing password into text field 'password'.</msg>
<msg timestamp="20220313 22:25:47.723" level="INFO">Temporally setting log level to: NONE</msg>
<msg timestamp="20220313 22:25:47.927" level="INFO">Log level changed from NONE to INFO.</msg>
<status status="PASS" starttime="20220313 22:25:47.632" endtime="20220313 22:25:47.927"/>
</kw>
<kw name="Click Button" library="SeleniumLibrary">
<arg>signInBtn</arg>
<doc>Clicks the button identified by ``locator``.</doc>
<msg timestamp="20220313 22:25:47.928" level="INFO">Clicking button 'signInBtn'.</msg>
<status status="PASS" starttime="20220313 22:25:47.927" endtime="20220313 22:25:48.087"/>
</kw>
<status status="PASS" starttime="20220313 22:25:47.216" endtime="20220313 22:25:48.088"/>
</kw>
<kw name="wait until it checks and display error message">
<kw name="Wait Until Element Is Visible" library="SeleniumLibrary">
<arg>class:alert-danger</arg>
<arg>20</arg>
<doc>Waits until the element ``locator`` is visible.</doc>
<status status="PASS" starttime="20220313 22:25:48.090" endtime="20220313 22:25:50.389"/>
</kw>
<status status="PASS" starttime="20220313 22:25:48.088" endtime="20220313 22:25:50.390"/>
</kw>
<kw name="verify error message is correct">
<arg>${expectedResult}</arg>
<kw name="Get Text" library="SeleniumLibrary">
<var>${text}</var>
<arg>${Error_Message_Login}</arg>
<doc>Returns the text value of the element identified by ``locator``.</doc>
<msg timestamp="20220313 22:25:50.744" level="INFO">${text} = Incorrect username/password.</msg>
<status status="PASS" starttime="20220313 22:25:50.392" endtime="20220313 22:25:50.744"/>
</kw>
<kw name="Log" library="BuiltIn">
<arg>${text}</arg>
<doc>Logs the given message with the given level.</doc>
<msg timestamp="20220313 22:25:50.745" level="INFO">Incorrect username/password.</msg>
<status status="PASS" starttime="20220313 22:25:50.744" endtime="20220313 22:25:50.746"/>
</kw>
<kw name="Should Be Equal As Strings" library="BuiltIn">
<arg>${text}</arg>
<arg>${expectedResult}</arg>
<doc>Fails if objects are unequal after converting them to strings.</doc>
<status status="PASS" starttime="20220313 22:25:50.746" endtime="20220313 22:25:50.748"/>
</kw>
<kw name="Element Text Should Be" library="SeleniumLibrary">
<arg>${Error_Message_Login}</arg>
<arg>${expectedResult}</arg>
<doc>Verifies that element ``locator`` contains exact the text ``expected``.</doc>
<msg timestamp="20220313 22:25:50.751" level="INFO">Verifying element 'class:alert-danger' contains exact text 'Incorrect username/password.'.</msg>
<status status="PASS" starttime="20220313 22:25:50.748" endtime="20220313 22:25:50.905"/>
</kw>
<status status="PASS" starttime="20220313 22:25:50.390" endtime="20220313 22:25:50.906"/>
</kw>
<status status="PASS" starttime="20220313 22:25:47.213" endtime="20220313 22:25:50.906"/>
</kw>
<status status="PASS" starttime="20220313 22:25:46.643" endtime="20220313 22:25:50.907"/>
</test>
<test id="s1-s1-t4" name="Login with 1234 and 4242 so message is Incorrect username/password.">
<kw name="open login page" library="Common" type="SETUP">
<kw name="Go To" library="SeleniumLibrary">
<arg>${url}</arg>
<doc>Navigates the current browser window to the provided ``url``.</doc>
<msg timestamp="20220313 22:25:50.916" level="INFO">Opening url 'https://rahulshettyacademy.com/loginpagePractise/'</msg>
<status status="PASS" starttime="20220313 22:25:50.914" endtime="20220313 22:25:51.192"/>
</kw>
<status status="PASS" starttime="20220313 22:25:50.913" endtime="20220313 22:25:51.193"/>
</kw>
<kw name="Validate UnSuccesful Login">
<arg>1234</arg>
<arg>4242</arg>
<arg>Incorrect username/password.</arg>
<kw name="Fill the login form">
<arg>${username}</arg>
<arg>${password}</arg>
<kw name="Input Text" library="SeleniumLibrary">
<arg>username</arg>
<arg>${username}</arg>
<doc>Types the given ``text`` into the text field identified by ``locator``.</doc>
<msg timestamp="20220313 22:25:51.198" level="INFO">Typing text '1234' into text field 'username'.</msg>
<status status="PASS" starttime="20220313 22:25:51.197" endtime="20220313 22:25:52.711"/>
</kw>
<kw name="Input Password" library="SeleniumLibrary">
<arg>password</arg>
<arg>${password}</arg>
<doc>Types the given password into the text field identified by ``locator``.</doc>
<msg timestamp="20220313 22:25:52.713" level="INFO">Typing password into text field 'password'.</msg>
<msg timestamp="20220313 22:25:53.515" level="INFO">Temporally setting log level to: NONE</msg>
<msg timestamp="20220313 22:25:54.095" level="INFO">Log level changed from NONE to INFO.</msg>
<status status="PASS" starttime="20220313 22:25:52.712" endtime="20220313 22:25:54.095"/>
</kw>
<kw name="Click Button" library="SeleniumLibrary">
<arg>signInBtn</arg>
<doc>Clicks the button identified by ``locator``.</doc>
<msg timestamp="20220313 22:25:54.097" level="INFO">Clicking button 'signInBtn'.</msg>
<status status="PASS" starttime="20220313 22:25:54.096" endtime="20220313 22:25:54.228"/>
</kw>
<status status="PASS" starttime="20220313 22:25:51.195" endtime="20220313 22:25:54.228"/>
</kw>
<kw name="wait until it checks and display error message">
<kw name="Wait Until Element Is Visible" library="SeleniumLibrary">
<arg>class:alert-danger</arg>
<arg>20</arg>
<doc>Waits until the element ``locator`` is visible.</doc>
<status status="PASS" starttime="20220313 22:25:54.230" endtime="20220313 22:25:56.390"/>
</kw>
<status status="PASS" starttime="20220313 22:25:54.229" endtime="20220313 22:25:56.390"/>
</kw>
<kw name="verify error message is correct">
<arg>${expectedResult}</arg>
<kw name="Get Text" library="SeleniumLibrary">
<var>${text}</var>
<arg>${Error_Message_Login}</arg>
<doc>Returns the text value of the element identified by ``locator``.</doc>
<msg timestamp="20220313 22:25:56.437" level="INFO">${text} = Incorrect username/password.</msg>
<status status="PASS" starttime="20220313 22:25:56.392" endtime="20220313 22:25:56.437"/>
</kw>
<kw name="Log" library="BuiltIn">
<arg>${text}</arg>
<doc>Logs the given message with the given level.</doc>
<msg timestamp="20220313 22:25:56.439" level="INFO">Incorrect username/password.</msg>
<status status="PASS" starttime="20220313 22:25:56.438" endtime="20220313 22:25:56.439"/>
</kw>
<kw name="Should Be Equal As Strings" library="BuiltIn">
<arg>${text}</arg>
<arg>${expectedResult}</arg>
<doc>Fails if objects are unequal after converting them to strings.</doc>
<status status="PASS" starttime="20220313 22:25:56.439" endtime="20220313 22:25:56.441"/>
</kw>
<kw name="Element Text Should Be" library="SeleniumLibrary">
<arg>${Error_Message_Login}</arg>
<arg>${expectedResult}</arg>
<doc>Verifies that element ``locator`` contains exact the text ``expected``.</doc>
<msg timestamp="20220313 22:25:56.442" level="INFO">Verifying element 'class:alert-danger' contains exact text 'Incorrect username/password.'.</msg>
<status status="PASS" starttime="20220313 22:25:56.441" endtime="20220313 22:25:56.467"/>
</kw>
<status status="PASS" starttime="20220313 22:25:56.391" endtime="20220313 22:25:56.468"/>
</kw>
<status status="PASS" starttime="20220313 22:25:51.194" endtime="20220313 22:25:56.469"/>
</kw>
<status status="PASS" starttime="20220313 22:25:50.908" endtime="20220313 22:25:56.469"/>
</test>
<test id="s1-s1-t5" name="Empty Username">
<kw name="open login page" library="Common" type="SETUP">
<kw name="Go To" library="SeleniumLibrary">
<arg>${url}</arg>
<doc>Navigates the current browser window to the provided ``url``.</doc>
<msg timestamp="20220313 22:25:56.477" level="INFO">Opening url 'https://rahulshettyacademy.com/loginpagePractise/'</msg>
<status status="PASS" starttime="20220313 22:25:56.476" endtime="20220313 22:25:56.708"/>
</kw>
<status status="PASS" starttime="20220313 22:25:56.475" endtime="20220313 22:25:56.709"/>
</kw>
<kw name="Validate UnSuccesful Login">
<arg>learning</arg>
<arg>Empty username/password.</arg>
<kw name="Fill the login form">
<arg>${username}</arg>
<arg>${password}</arg>
<kw name="Input Text" library="SeleniumLibrary">
<arg>username</arg>
<arg>${username}</arg>
<doc>Types the given ``text`` into the text field identified by ``locator``.</doc>
<msg timestamp="20220313 22:25:56.715" level="INFO">Typing text '' into text field 'username'.</msg>
<status status="PASS" starttime="20220313 22:25:56.713" endtime="20220313 22:25:57.269"/>
</kw>
<kw name="Input Password" library="SeleniumLibrary">
<arg>password</arg>
<arg>${password}</arg>
<doc>Types the given password into the text field identified by ``locator``.</doc>
<msg timestamp="20220313 22:25:57.271" level="INFO">Typing password into text field 'password'.</msg>
<msg timestamp="20220313 22:25:57.373" level="INFO">Temporally setting log level to: NONE</msg>
<msg timestamp="20220313 22:25:57.488" level="INFO">Log level changed from NONE to INFO.</msg>
<status status="PASS" starttime="20220313 22:25:57.270" endtime="20220313 22:25:57.488"/>
</kw>
<kw name="Click Button" library="SeleniumLibrary">
<arg>signInBtn</arg>
<doc>Clicks the button identified by ``locator``.</doc>
<msg timestamp="20220313 22:25:57.489" level="INFO">Clicking button 'signInBtn'.</msg>
<status status="PASS" starttime="20220313 22:25:57.489" endtime="20220313 22:25:57.679"/>
</kw>
<status status="PASS" starttime="20220313 22:25:56.711" endtime="20220313 22:25:57.680"/>
</kw>
<kw name="wait until it checks and display error message">
<kw name="Wait Until Element Is Visible" library="SeleniumLibrary">
<arg>class:alert-danger</arg>
<arg>20</arg>
<doc>Waits until the element ``locator`` is visible.</doc>
<status status="PASS" starttime="20220313 22:25:57.684" endtime="20220313 22:25:57.755"/>
</kw>
<status status="PASS" starttime="20220313 22:25:57.681" endtime="20220313 22:25:57.756"/>
</kw>
<kw name="verify error message is correct">
<arg>${expectedResult}</arg>
<kw name="Get Text" library="SeleniumLibrary">
<var>${text}</var>
<arg>${Error_Message_Login}</arg>
<doc>Returns the text value of the element identified by ``locator``.</doc>
<msg timestamp="20220313 22:25:57.810" level="INFO">${text} = Empty username/password.</msg>
<status status="PASS" starttime="20220313 22:25:57.758" endtime="20220313 22:25:57.810"/>
</kw>
<kw name="Log" library="BuiltIn">
<arg>${text}</arg>
<doc>Logs the given message with the given level.</doc>
<msg timestamp="20220313 22:25:57.811" level="INFO">Empty username/password.</msg>
<status status="PASS" starttime="20220313 22:25:57.810" endtime="20220313 22:25:57.811"/>
</kw>
<kw name="Should Be Equal As Strings" library="BuiltIn">
<arg>${text}</arg>
<arg>${expectedResult}</arg>
<doc>Fails if objects are unequal after converting them to strings.</doc>
<status status="PASS" starttime="20220313 22:25:57.812" endtime="20220313 22:25:57.813"/>
</kw>
<kw name="Element Text Should Be" library="SeleniumLibrary">
<arg>${Error_Message_Login}</arg>
<arg>${expectedResult}</arg>
<doc>Verifies that element ``locator`` contains exact the text ``expected``.</doc>
<msg timestamp="20220313 22:25:57.817" level="INFO">Verifying element 'class:alert-danger' contains exact text 'Empty username/password.'.</msg>
<status status="PASS" starttime="20220313 22:25:57.813" endtime="20220313 22:25:57.855"/>
</kw>
<status status="PASS" starttime="20220313 22:25:57.756" endtime="20220313 22:25:57.855"/>
</kw>
<status status="PASS" starttime="20220313 22:25:56.709" endtime="20220313 22:25:57.856"/>
</kw>
<status status="PASS" starttime="20220313 22:25:56.470" endtime="20220313 22:25:57.856"/>
</test>
<test id="s1-s1-t6" name="Empty Password">
<kw name="open login page" library="Common" type="SETUP">
<kw name="Go To" library="SeleniumLibrary">
<arg>${url}</arg>
<doc>Navigates the current browser window to the provided ``url``.</doc>
<msg timestamp="20220313 22:25:57.865" level="INFO">Opening url 'https://rahulshettyacademy.com/loginpagePractise/'</msg>
<status status="PASS" starttime="20220313 22:25:57.863" endtime="20220313 22:25:58.191"/>
</kw>
<status status="PASS" starttime="20220313 22:25:57.862" endtime="20220313 22:25:58.192"/>
</kw>
<kw name="Validate UnSuccesful Login">
<arg>rahulshetty</arg>
<arg>Empty username/password.</arg>
<kw name="Fill the login form">
<arg>${username}</arg>
<arg>${password}</arg>
<kw name="Input Text" library="SeleniumLibrary">
<arg>username</arg>
<arg>${username}</arg>
<doc>Types the given ``text`` into the text field identified by ``locator``.</doc>
<msg timestamp="20220313 22:25:58.196" level="INFO">Typing text 'rahulshetty' into text field 'username'.</msg>
<status status="PASS" starttime="20220313 22:25:58.195" endtime="20220313 22:25:58.481"/>
</kw>
<kw name="Input Password" library="SeleniumLibrary">
<arg>password</arg>
<arg>${password}</arg>
<doc>Types the given password into the text field identified by ``locator``.</doc>
<msg timestamp="20220313 22:25:58.483" level="INFO">Typing password into text field 'password'.</msg>
<msg timestamp="20220313 22:25:58.563" level="INFO">Temporally setting log level to: NONE</msg>
<msg timestamp="20220313 22:25:58.629" level="INFO">Log level changed from NONE to INFO.</msg>
<status status="PASS" starttime="20220313 22:25:58.482" endtime="20220313 22:25:58.629"/>
</kw>
<kw name="Click Button" library="SeleniumLibrary">
<arg>signInBtn</arg>
<doc>Clicks the button identified by ``locator``.</doc>
<msg timestamp="20220313 22:25:58.632" level="INFO">Clicking button 'signInBtn'.</msg>
<status status="PASS" starttime="20220313 22:25:58.630" endtime="20220313 22:25:58.746"/>
</kw>
<status status="PASS" starttime="20220313 22:25:58.194" endtime="20220313 22:25:58.746"/>
</kw>
<kw name="wait until it checks and display error message">
<kw name="Wait Until Element Is Visible" library="SeleniumLibrary">
<arg>class:alert-danger</arg>
<arg>20</arg>
<doc>Waits until the element ``locator`` is visible.</doc>
<status status="PASS" starttime="20220313 22:25:58.749" endtime="20220313 22:25:58.795"/>
</kw>
<status status="PASS" starttime="20220313 22:25:58.747" endtime="20220313 22:25:58.796"/>
</kw>
<kw name="verify error message is correct">
<arg>${expectedResult}</arg>
<kw name="Get Text" library="SeleniumLibrary">
<var>${text}</var>
<arg>${Error_Message_Login}</arg>
<doc>Returns the text value of the element identified by ``locator``.</doc>
<msg timestamp="20220313 22:25:58.845" level="INFO">${text} = Empty username/password.</msg>
<status status="PASS" starttime="20220313 22:25:58.798" endtime="20220313 22:25:58.845"/>
</kw>
<kw name="Log" library="BuiltIn">
<arg>${text}</arg>
<doc>Logs the given message with the given level.</doc>
<msg timestamp="20220313 22:25:58.847" level="INFO">Empty username/password.</msg>
<status status="PASS" starttime="20220313 22:25:58.846" endtime="20220313 22:25:58.847"/>
</kw>
<kw name="Should Be Equal As Strings" library="BuiltIn">
<arg>${text}</arg>
<arg>${expectedResult}</arg>
<doc>Fails if objects are unequal after converting them to strings.</doc>
<status status="PASS" starttime="20220313 22:25:58.848" endtime="20220313 22:25:58.850"/>
</kw>
<kw name="Element Text Should Be" library="SeleniumLibrary">
<arg>${Error_Message_Login}</arg>
<arg>${expectedResult}</arg>
<doc>Verifies that element ``locator`` contains exact the text ``expected``.</doc>
<msg timestamp="20220313 22:25:58.852" level="INFO">Verifying element 'class:alert-danger' contains exact text 'Empty username/password.'.</msg>
<status status="PASS" starttime="20220313 22:25:58.850" endtime="20220313 22:25:58.962"/>
</kw>
<status status="PASS" starttime="20220313 22:25:58.796" endtime="20220313 22:25:58.963"/>
</kw>
<status status="PASS" starttime="20220313 22:25:58.192" endtime="20220313 22:25:58.963"/>
</kw>
<status status="PASS" starttime="20220313 22:25:57.858" endtime="20220313 22:25:58.965"/>
</test>
<kw name="close the app browser" library="Common" type="TEARDOWN">
<kw name="Close Browser" library="SeleniumLibrary">
<doc>Closes the current browser.</doc>
<status status="PASS" starttime="20220313 22:25:58.969" endtime="20220313 22:26:03.082"/>
</kw>
<status status="PASS" starttime="20220313 22:25:58.968" endtime="20220313 22:26:03.084"/>
</kw>
<doc>To validate the Login form as Data Driven Test with DataDriver Library</doc>
<status status="PASS" starttime="20220313 22:25:29.575" endtime="20220313 22:26:03.084"/>
</suite>
<status status="PASS" starttime="20220313 22:25:29.534" endtime="20220313 22:26:03.092"/>
</suite>
<statistics>
<total>
<stat pass="6" fail="0" skip="0">All Tests</stat>
</total>
<tag>
</tag>
<suite>
<stat pass="6" fail="0" skip="0" id="s1" name="Tests">Tests</stat>
<stat pass="6" fail="0" skip="0" id="s1-s1" name="DemoTest10">Tests.DemoTest10</stat>
</suite>
</statistics>
<errors>
</errors>
</robot>
