<?xml version="1.0" encoding="UTF-8"?>
<robot generator="Robot 4.1.3 (Python 3.8.2 on win32)" generated="20220313 22:25:29.511" rpa="false" schemaversion="2">
<suite id="s1" name="Tests" source="D:\workspace_python\RahulUdemy\Tests">
<suite id="s1-s1" name="DemoTest5" source="D:\workspace_python\RahulUdemy\Tests\DemoTest5.robot">
<kw name="open the app browser" library="Common" type="SETUP">
<kw name="Open Browser" library="SeleniumLibrary">
<arg>about:blank</arg>
<arg>${browser_name}</arg>
<doc>Opens a new browser instance to the optional ``url``.</doc>
<msg timestamp="20220313 22:25:30.102" level="INFO">Opening browser 'chrome' to base url 'about:blank'.</msg>
<status status="PASS" starttime="20220313 22:25:30.101" endtime="20220313 22:25:34.962"/>
</kw>
<kw name="Maximize Browser Window" library="SeleniumLibrary">
<doc>Maximizes current browser window.</doc>
<status status="PASS" starttime="20220313 22:25:34.965" endtime="20220313 22:25:36.311"/>
</kw>
<status status="PASS" starttime="20220313 22:25:30.100" endtime="20220313 22:25:36.312"/>
</kw>
<test id="s1-s1-t1" name="Validate Unsuccessful Login">
<kw name="open login page" library="Common" type="SETUP">
<kw name="Go To" library="SeleniumLibrary">
<arg>${url}</arg>
<doc>Navigates the current browser window to the provided ``url``.</doc>
<msg timestamp="20220313 22:25:36.320" level="INFO">Opening url 'https://rahulshettyacademy.com/loginpagePractise/'</msg>
<status status="PASS" starttime="20220313 22:25:36.318" endtime="20220313 22:25:39.291"/>
</kw>
<status status="PASS" starttime="20220313 22:25:36.315" endtime="20220313 22:25:39.292"/>
</kw>
<kw name="Fill the login Form" library="LandingPage">
<arg>${username}</arg>
<arg>${invalid_password}</arg>
<kw name="Input Text" library="SeleniumLibrary">
<arg>username</arg>
<arg>${username}</arg>
<doc>Types the given ``text`` into the text field identified by ``locator``.</doc>
<msg timestamp="20220313 22:25:39.302" level="INFO">Typing text 'rahulshettyacademy' into text field 'username'.</msg>
<status status="PASS" starttime="20220313 22:25:39.297" endtime="20220313 22:25:40.962"/>
</kw>
<kw name="Input Password" library="SeleniumLibrary">
<arg>password</arg>
<arg>${invalid_password}</arg>
<doc>Types the given password into the text field identified by ``locator``.</doc>
<msg timestamp="20220313 22:25:40.965" level="INFO">Typing password into text field 'password'.</msg>
<msg timestamp="20220313 22:25:41.257" level="INFO">Temporally setting log level to: NONE</msg>
<msg timestamp="20220313 22:25:41.388" level="INFO">Log level changed from NONE to INFO.</msg>
<status status="PASS" starttime="20220313 22:25:40.963" endtime="20220313 22:25:41.389"/>
</kw>
<kw name="Click Button" library="SeleniumLibrary">
<arg>signInBtn</arg>
<doc>Clicks the button identified by ``locator``.</doc>
<msg timestamp="20220313 22:25:41.390" level="INFO">Clicking button 'signInBtn'.</msg>
<status status="PASS" starttime="20220313 22:25:41.389" endtime="20220313 22:25:41.822"/>
</kw>
<status status="PASS" starttime="20220313 22:25:39.294" endtime="20220313 22:25:41.823"/>
</kw>
<kw name="wait until it checks and display error message" library="LandingPage">
<kw name="Wait Until Element Is Visible" library="SeleniumLibrary">
<arg>${Error_Message_Login}</arg>
<arg>20</arg>
<doc>Waits until the element ``locator`` is visible.</doc>
<status status="PASS" starttime="20220313 22:25:41.825" endtime="20220313 22:25:44.089"/>
</kw>
<status status="PASS" starttime="20220313 22:25:41.823" endtime="20220313 22:25:44.091"/>
</kw>
<kw name="verify error message is correct" library="LandingPage">
<arg>${expectedResult}</arg>
<kw name="Get Text" library="SeleniumLibrary">
<var>${text}</var>
<arg>${Error_Message_Login}</arg>
<doc>Returns the text value of the element identified by ``locator``.</doc>
<msg timestamp="20220313 22:25:44.228" level="INFO">${text} = Incorrect username/password.</msg>
<status status="PASS" starttime="20220313 22:25:44.093" endtime="20220313 22:25:44.228"/>
</kw>
<kw name="Log" library="BuiltIn">
<arg>${text}</arg>
<doc>Logs the given message with the given level.</doc>
<msg timestamp="20220313 22:25:44.230" level="INFO">Incorrect username/password.</msg>
<status status="PASS" starttime="20220313 22:25:44.229" endtime="20220313 22:25:44.230"/>
</kw>
<kw name="Should Be Equal As Strings" library="BuiltIn">
<arg>${text}</arg>
<arg>${expectedResult}</arg>
<doc>Fails if objects are unequal after converting them to strings.</doc>
<status status="PASS" starttime="20220313 22:25:44.231" endtime="20220313 22:25:44.233"/>
</kw>
<kw name="Element Text Should Be" library="SeleniumLibrary">
<arg>${Error_Message_Login}</arg>
<arg>${expectedResult}</arg>
<doc>Verifies that element ``locator`` contains exact the text ``expected``.</doc>
<msg timestamp="20220313 22:25:44.236" level="INFO">Verifying element 'class:alert-danger' contains exact text 'Incorrect username/password.'.</msg>
<status status="PASS" starttime="20220313 22:25:44.234" endtime="20220313 22:25:44.273"/>
</kw>
<status status="PASS" starttime="20220313 22:25:44.092" endtime="20220313 22:25:44.274"/>
</kw>
<tag>REGRESSION</tag>
<tag>SMOKE</tag>
<status status="PASS" starttime="20220313 22:25:36.313" endtime="20220313 22:25:44.275"/>
</test>
<test id="s1-s1-t2" name="End to end ecommerce Product validation">
<kw name="open login page" library="Common" type="SETUP">
<kw name="Go To" library="SeleniumLibrary">
<arg>${url}</arg>
<doc>Navigates the current browser window to the provided ``url``.</doc>
<msg timestamp="20220313 22:25:44.283" level="INFO">Opening url 'https://rahulshettyacademy.com/loginpagePractise/'</msg>
<status status="PASS" starttime="20220313 22:25:44.280" endtime="20220313 22:25:44.692"/>
</kw>
<status status="PASS" starttime="20220313 22:25:44.278" endtime="20220313 22:25:44.693"/>
</kw>
<kw name="Fill the login Form" library="LandingPage">
<arg>${username}</arg>
<arg>${valid_password}</arg>
<kw name="Input Text" library="SeleniumLibrary">
<arg>username</arg>
<arg>${username}</arg>
<doc>Types the given ``text`` into the text field identified by ``locator``.</doc>
<msg timestamp="20220313 22:25:44.696" level="INFO">Typing text 'rahulshettyacademy' into text field 'username'.</msg>
<status status="PASS" starttime="20220313 22:25:44.695" endtime="20220313 22:25:45.015"/>
</kw>
<kw name="Input Password" library="SeleniumLibrary">
<arg>password</arg>
<arg>${invalid_password}</arg>
<doc>Types the given password into the text field identified by ``locator``.</doc>
<msg timestamp="20220313 22:25:45.018" level="INFO">Typing password into text field 'password'.</msg>
<msg timestamp="20220313 22:25:45.132" level="INFO">Temporally setting log level to: NONE</msg>
<msg timestamp="20220313 22:25:45.248" level="INFO">Log level changed from NONE to INFO.</msg>
<status status="PASS" starttime="20220313 22:25:45.016" endtime="20220313 22:25:45.248"/>
</kw>
<kw name="Click Button" library="SeleniumLibrary">
<arg>signInBtn</arg>
<doc>Clicks the button identified by ``locator``.</doc>
<msg timestamp="20220313 22:25:45.250" level="INFO">Clicking button 'signInBtn'.</msg>
<status status="PASS" starttime="20220313 22:25:45.249" endtime="20220313 22:25:45.443"/>
</kw>
<status status="PASS" starttime="20220313 22:25:44.693" endtime="20220313 22:25:45.443"/>
</kw>
<kw name="Wait Until Element Passed in Located on Page" library="ShopPage">
<kw name="Wait Until Element Is Visible" library="SeleniumLibrary">
<arg>${Shop_page_load}</arg>
<arg>timeout=10</arg>
<doc>Waits until the element ``locator`` is visible.</doc>
<status status="PASS" starttime="20220313 22:25:45.445" endtime="20220313 22:26:20.853"/>
</kw>
<status status="PASS" starttime="20220313 22:25:45.444" endtime="20220313 22:26:20.854"/>
</kw>
<kw name="Verify Card titles in the Shop page" library="ShopPage">
<kw name="Create List" library="BuiltIn">
<var>@{expectedList}</var>
<arg>iphone X</arg>
<arg>Samsung Note 8</arg>
<arg>Nokia Edge</arg>
<arg>Blackberry</arg>
<doc>Returns a list containing given items.</doc>
<msg timestamp="20220313 22:26:20.859" level="INFO">@{expectedList} = [ iphone X | Samsung Note 8 | Nokia Edge | Blackberry ]</msg>
<status status="PASS" starttime="20220313 22:26:20.856" endtime="20220313 22:26:20.859"/>
</kw>
<kw name="Get WebElements" library="SeleniumLibrary">
<var>@{elements}</var>
<arg>xpath://h4[@class='card-title']</arg>
<doc>Returns a list of WebElement objects matching the ``locator``.</doc>
<msg timestamp="20220313 22:26:20.891" level="INFO">@{elements} = [ &lt;selenium.webdriver.remote.webelement.WebElement (session="2a8e0d1c0837072b8a5e601e140f545d", element="0da92176-fa8b-4932-9095-2f4442ae6eeb")&gt; | &lt;selenium.webdriver.remote.webelement.WebElement (ses...</msg>
<status status="PASS" starttime="20220313 22:26:20.860" endtime="20220313 22:26:20.891"/>
</kw>
<kw name="Log" library="BuiltIn">
<arg>${elements}</arg>
<doc>Logs the given message with the given level.</doc>
<msg timestamp="20220313 22:26:20.892" level="INFO">[&lt;selenium.webdriver.remote.webelement.WebElement (session="2a8e0d1c0837072b8a5e601e140f545d", element="0da92176-fa8b-4932-9095-2f4442ae6eeb")&gt;, &lt;selenium.webdriver.remote.webelement.WebElement (session="2a8e0d1c0837072b8a5e601e140f545d", element="3f5673d6-46e1-4b06-ad56-9ca30ef8b3c5")&gt;, &lt;selenium.webdriver.remote.webelement.WebElement (session="2a8e0d1c0837072b8a5e601e140f545d", element="afc34ac2-9a41-4027-aaa8-bd94f9c64e64")&gt;, &lt;selenium.webdriver.remote.webelement.WebElement (session="2a8e0d1c0837072b8a5e601e140f545d", element="7e745e1d-bcc8-43a1-91c9-7f70bc97e19f")&gt;]</msg>
<status status="PASS" starttime="20220313 22:26:20.892" endtime="20220313 22:26:20.893"/>
</kw>
<kw name="Create List" library="BuiltIn">
<var>@{actualList}</var>
<doc>Returns a list containing given items.</doc>
<msg timestamp="20220313 22:26:20.894" level="INFO">@{actualList} = [ ]</msg>
<status status="PASS" starttime="20220313 22:26:20.893" endtime="20220313 22:26:20.894"/>
</kw>
<for flavor="IN">
<var>${element}</var>
<value>@{elements}</value>
<iter>
<var name="${element}">&lt;selenium.webdriver.remote.webelement.WebElement (session="2a8e0d1c0837072b8a5e601e140f545d", element="0da92176-fa8b-4932-9095-2f4442ae6eeb")&gt;</var>
<kw name="Get Text" library="SeleniumLibrary">
<var>${element_text}</var>
<arg>${element}</arg>
<doc>Returns the text value of the element identified by ``locator``.</doc>
<msg timestamp="20220313 22:26:20.921" level="INFO">${element_text} = iphone X</msg>
<status status="PASS" starttime="20220313 22:26:20.895" endtime="20220313 22:26:20.921"/>
</kw>
<kw name="Log" library="BuiltIn">
<arg>${element_text}</arg>
<doc>Logs the given message with the given level.</doc>
<msg timestamp="20220313 22:26:20.922" level="INFO">iphone X</msg>
<status status="PASS" starttime="20220313 22:26:20.922" endtime="20220313 22:26:20.923"/>
</kw>
<kw name="Append To List" library="Collections">
<arg>${actualList}</arg>
<arg>${element_text}</arg>
<doc>Adds ``values`` to the end of ``list``.</doc>
<status status="PASS" starttime="20220313 22:26:20.923" endtime="20220313 22:26:20.924"/>
</kw>
<status status="PASS" starttime="20220313 22:26:20.895" endtime="20220313 22:26:20.924"/>
</iter>
<iter>
<var name="${element}">&lt;selenium.webdriver.remote.webelement.WebElement (session="2a8e0d1c0837072b8a5e601e140f545d", element="3f5673d6-46e1-4b06-ad56-9ca30ef8b3c5")&gt;</var>
<kw name="Get Text" library="SeleniumLibrary">
<var>${element_text}</var>
<arg>${element}</arg>
<doc>Returns the text value of the element identified by ``locator``.</doc>
<msg timestamp="20220313 22:26:20.953" level="INFO">${element_text} = Samsung Note 8</msg>
<status status="PASS" starttime="20220313 22:26:20.925" endtime="20220313 22:26:20.953"/>
</kw>
<kw name="Log" library="BuiltIn">
<arg>${element_text}</arg>
<doc>Logs the given message with the given level.</doc>
<msg timestamp="20220313 22:26:20.954" level="INFO">Samsung Note 8</msg>
<status status="PASS" starttime="20220313 22:26:20.953" endtime="20220313 22:26:20.955"/>
</kw>
<kw name="Append To List" library="Collections">
<arg>${actualList}</arg>
<arg>${element_text}</arg>
<doc>Adds ``values`` to the end of ``list``.</doc>
<status status="PASS" starttime="20220313 22:26:20.955" endtime="20220313 22:26:20.956"/>
</kw>
<status status="PASS" starttime="20220313 22:26:20.925" endtime="20220313 22:26:20.956"/>
</iter>
<iter>
<var name="${element}">&lt;selenium.webdriver.remote.webelement.WebElement (session="2a8e0d1c0837072b8a5e601e140f545d", element="afc34ac2-9a41-4027-aaa8-bd94f9c64e64")&gt;</var>
<kw name="Get Text" library="SeleniumLibrary">
<var>${element_text}</var>
<arg>${element}</arg>
<doc>Returns the text value of the element identified by ``locator``.</doc>
<msg timestamp="20220313 22:26:20.988" level="INFO">${element_text} = Nokia Edge</msg>
<status status="PASS" starttime="20220313 22:26:20.957" endtime="20220313 22:26:20.988"/>
</kw>
<kw name="Log" library="BuiltIn">
<arg>${element_text}</arg>
<doc>Logs the given message with the given level.</doc>
<msg timestamp="20220313 22:26:20.989" level="INFO">Nokia Edge</msg>
<status status="PASS" starttime="20220313 22:26:20.988" endtime="20220313 22:26:20.989"/>
</kw>
<kw name="Append To List" library="Collections">
<arg>${actualList}</arg>
<arg>${element_text}</arg>
<doc>Adds ``values`` to the end of ``list``.</doc>
<status status="PASS" starttime="20220313 22:26:20.990" endtime="20220313 22:26:20.991"/>
</kw>
<status status="PASS" starttime="20220313 22:26:20.957" endtime="20220313 22:26:20.991"/>
</iter>
<iter>
<var name="${element}">&lt;selenium.webdriver.remote.webelement.WebElement (session="2a8e0d1c0837072b8a5e601e140f545d", element="7e745e1d-bcc8-43a1-91c9-7f70bc97e19f")&gt;</var>
<kw name="Get Text" library="SeleniumLibrary">
<var>${element_text}</var>
<arg>${element}</arg>
<doc>Returns the text value of the element identified by ``locator``.</doc>
<msg timestamp="20220313 22:26:21.025" level="INFO">${element_text} = Blackberry</msg>
<status status="PASS" starttime="20220313 22:26:20.992" endtime="20220313 22:26:21.025"/>
</kw>
<kw name="Log" library="BuiltIn">
<arg>${element_text}</arg>
<doc>Logs the given message with the given level.</doc>
<msg timestamp="20220313 22:26:21.027" level="INFO">Blackberry</msg>
<status status="PASS" starttime="20220313 22:26:21.026" endtime="20220313 22:26:21.027"/>
</kw>
<kw name="Append To List" library="Collections">
<arg>${actualList}</arg>
<arg>${element_text}</arg>
<doc>Adds ``values`` to the end of ``list``.</doc>
<status status="PASS" starttime="20220313 22:26:21.027" endtime="20220313 22:26:21.028"/>
</kw>
<status status="PASS" starttime="20220313 22:26:20.992" endtime="20220313 22:26:21.029"/>
</iter>
<status status="PASS" starttime="20220313 22:26:20.894" endtime="20220313 22:26:21.029"/>
</for>
<kw name="Lists Should Be Equal" library="Collections">
<arg>${actualList}</arg>
<arg>${expectedList}</arg>
<doc>Fails if given lists are unequal.</doc>
<status status="PASS" starttime="20220313 22:26:21.029" endtime="20220313 22:26:21.031"/>
</kw>
<status status="PASS" starttime="20220313 22:26:20.854" endtime="20220313 22:26:21.032"/>
</kw>
<kw name="Add Items To Cart And Checkout" library="Shop">
<arg>${ProductList}</arg>
<msg timestamp="20220313 22:26:21.076" level="INFO">Clicking button 'xpath:(//div[@class='card-footer'])[2]/button'.</msg>
<msg timestamp="20220313 22:26:21.279" level="INFO">Clicking button 'xpath:(//div[@class='card-footer'])[4]/button'.</msg>
<msg timestamp="20220313 22:26:21.498" level="INFO">Clicking link '//a[@class='nav-link btn btn-primary']'.</msg>
<msg timestamp="20220313 22:26:21.662" level="INFO">Samsung Note 8
Blackberry</msg>
<status status="PASS" starttime="20220313 22:26:21.033" endtime="20220313 22:26:21.662"/>
</kw>
<kw name="Verify Items In The Checkout Page And Proceed" library="Shop">
<arg>${ProductList}</arg>
<msg timestamp="20220313 22:26:21.764" level="INFO">Clicking button 'xpath://button[@class='btn btn-success']'.</msg>
<msg timestamp="20220313 22:26:22.114" level="INFO">Expected List is ['Samsung Note 8', 'Blackberry']
Actual List is ['Samsung Note 8', 'Blackberry']</msg>
<status status="PASS" starttime="20220313 22:26:21.663" endtime="20220313 22:26:22.114"/>
</kw>
<kw name="Enter the Country and select the terms" library="PurchasePage">
<arg>${country_name}</arg>
<kw name="Input Text" library="SeleniumLibrary">
<arg>country</arg>
<arg>${country_name}</arg>
<doc>Types the given ``text`` into the text field identified by ``locator``.</doc>
<msg timestamp="20220313 22:26:22.118" level="INFO">Typing text 'Turkey' into text field 'country'.</msg>
<status status="PASS" starttime="20220313 22:26:22.117" endtime="20220313 22:26:22.373"/>
</kw>
<kw name="Wait Until Element Is Visible" library="SeleniumLibrary">
<arg>//a[text()='${country_name}']</arg>
<arg>timeout=10</arg>
<doc>Waits until the element ``locator`` is visible.</doc>
<status status="PASS" starttime="20220313 22:26:22.374" endtime="20220313 22:26:27.496"/>
</kw>
<kw name="Click Element" library="SeleniumLibrary">
<arg>//a[text()='${country_name}']</arg>
<doc>Click the element identified by ``locator``.</doc>
<msg timestamp="20220313 22:26:27.497" level="INFO">Clicking element '//a[text()='Turkey']'.</msg>
<status status="PASS" starttime="20220313 22:26:27.496" endtime="20220313 22:26:27.537"/>
</kw>
<kw name="Click Element" library="SeleniumLibrary">
<arg>xpath://label[@for='checkbox2']</arg>
<doc>Click the element identified by ``locator``.</doc>
<msg timestamp="20220313 22:26:27.538" level="INFO">Clicking element 'xpath://label[@for='checkbox2']'.</msg>
<status status="PASS" starttime="20220313 22:26:27.537" endtime="20220313 22:26:27.579"/>
</kw>
<status status="PASS" starttime="20220313 22:26:22.115" endtime="20220313 22:26:27.580"/>
</kw>
<kw name="Purchase the Product and Confirm the Purchase" library="PurchasePage">
<kw name="Click Element" library="SeleniumLibrary">
<arg>//input[@type='submit']</arg>
<doc>Click the element identified by ``locator``.</doc>
<msg timestamp="20220313 22:26:27.581" level="INFO">Clicking element '//input[@type='submit']'.</msg>
<status status="PASS" starttime="20220313 22:26:27.580" endtime="20220313 22:26:27.641"/>
</kw>
<kw name="Page Should Contain" library="SeleniumLibrary">
<arg>Success!</arg>
<doc>Verifies that current page contains ``text``.</doc>
<msg timestamp="20220313 22:26:27.660" level="INFO">Current page contains text 'Success!'.</msg>
<status status="PASS" starttime="20220313 22:26:27.642" endtime="20220313 22:26:27.660"/>
</kw>
<status status="PASS" starttime="20220313 22:26:27.580" endtime="20220313 22:26:27.661"/>
</kw>
<tag>REGRESSION</tag>
<status status="PASS" starttime="20220313 22:25:44.277" endtime="20220313 22:26:27.661"/>
</test>
<kw name="close the app browser" library="Common" type="TEARDOWN">
<kw name="Close Browser" library="SeleniumLibrary">
<doc>Closes the current browser.</doc>
<status status="PASS" starttime="20220313 22:26:27.663" endtime="20220313 22:26:29.822"/>
</kw>
<status status="PASS" starttime="20220313 22:26:27.662" endtime="20220313 22:26:29.823"/>
</kw>
<doc>Page Object Model Sample</doc>
<status status="PASS" starttime="20220313 22:25:29.568" endtime="20220313 22:26:29.823"/>
</suite>
<status status="PASS" starttime="20220313 22:25:29.529" endtime="20220313 22:26:29.827"/>
</suite>
<statistics>
<total>
<stat pass="2" fail="0" skip="0">All Tests</stat>
</total>
<tag>
<stat pass="2" fail="0" skip="0">REGRESSION</stat>
<stat pass="1" fail="0" skip="0">SMOKE</stat>
</tag>
<suite>
<stat pass="2" fail="0" skip="0" id="s1" name="Tests">Tests</stat>
<stat pass="2" fail="0" skip="0" id="s1-s1" name="DemoTest5">Tests.DemoTest5</stat>
</suite>
</statistics>
<errors>
</errors>
</robot>
