<?xml version="1.0" encoding="UTF-8"?>
<robot generator="Robot 4.1.3 (Python 3.8.2 on win32)" generated="20220313 22:25:29.488" rpa="false" schemaversion="2">
<suite id="s1" name="Tests" source="D:\workspace_python\RahulUdemy\Tests">
<suite id="s1-s1" name="DemoTest1" source="D:\workspace_python\RahulUdemy\Tests\DemoTest1.robot">
<kw name="open the app browser" library="Common" type="SETUP">
<kw name="Open Browser" library="SeleniumLibrary">
<arg>about:blank</arg>
<arg>${browser_name}</arg>
<doc>Opens a new browser instance to the optional ``url``.</doc>
<msg timestamp="20220313 22:25:30.090" level="INFO">Opening browser 'chrome' to base url 'about:blank'.</msg>
<status status="PASS" starttime="20220313 22:25:30.089" endtime="20220313 22:25:34.459"/>
</kw>
<kw name="Maximize Browser Window" library="SeleniumLibrary">
<doc>Maximizes current browser window.</doc>
<status status="PASS" starttime="20220313 22:25:34.461" endtime="20220313 22:25:34.834"/>
</kw>
<status status="PASS" starttime="20220313 22:25:30.088" endtime="20220313 22:25:34.835"/>
</kw>
<test id="s1-s1-t1" name="Validate Cards display in the Shopping Page">
<kw name="open login page" library="Common" type="SETUP">
<kw name="Go To" library="SeleniumLibrary">
<arg>${url}</arg>
<doc>Navigates the current browser window to the provided ``url``.</doc>
<msg timestamp="20220313 22:25:34.839" level="INFO">Opening url 'https://rahulshettyacademy.com/loginpagePractise/'</msg>
<status status="PASS" starttime="20220313 22:25:34.838" endtime="20220313 22:25:38.460"/>
</kw>
<status status="PASS" starttime="20220313 22:25:34.837" endtime="20220313 22:25:38.460"/>
</kw>
<kw name="Fill the login Form">
<arg>${user_name}</arg>
<arg>${valid_password}</arg>
<kw name="Input Text" library="SeleniumLibrary">
<arg>id=username</arg>
<arg>${user_name}</arg>
<doc>Types the given ``text`` into the text field identified by ``locator``.</doc>
<msg timestamp="20220313 22:25:38.465" level="INFO">Typing text 'rahulshettyacademy' into text field 'id=username'.</msg>
<status status="PASS" starttime="20220313 22:25:38.463" endtime="20220313 22:25:40.255"/>
</kw>
<kw name="Input Text" library="SeleniumLibrary">
<arg>id=password</arg>
<arg>${valid_password}</arg>
<doc>Types the given ``text`` into the text field identified by ``locator``.</doc>
<msg timestamp="20220313 22:25:40.257" level="INFO">Typing text 'learning' into text field 'id=password'.</msg>
<status status="PASS" starttime="20220313 22:25:40.256" endtime="20220313 22:25:41.043"/>
</kw>
<kw name="Click Button" library="SeleniumLibrary">
<arg>id=signInBtn</arg>
<doc>Clicks the button identified by ``locator``.</doc>
<msg timestamp="20220313 22:25:41.045" level="INFO">Clicking button 'id=signInBtn'.</msg>
<status status="PASS" starttime="20220313 22:25:41.044" endtime="20220313 22:25:41.612"/>
</kw>
<kw name="Wait Until Element Is Visible" library="SeleniumLibrary">
<arg>xpath=//h1[contains(text(),'Shop Name')]</arg>
<doc>Waits until the element ``locator`` is visible.</doc>
<status status="PASS" starttime="20220313 22:25:41.612" endtime="20220313 22:26:07.584"/>
</kw>
<status status="PASS" starttime="20220313 22:25:38.461" endtime="20220313 22:26:07.585"/>
</kw>
<kw name="Verify Card titles in the Shop page">
<kw name="Create List" library="BuiltIn">
<var>@{expectedList}</var>
<arg>iphone X</arg>
<arg>Samsung Note 8</arg>
<arg>Nokia Edge</arg>
<arg>Blackberry</arg>
<doc>Returns a list containing given items.</doc>
<msg timestamp="20220313 22:26:07.588" level="INFO">@{expectedList} = [ iphone X | Samsung Note 8 | Nokia Edge | Blackberry ]</msg>
<status status="PASS" starttime="20220313 22:26:07.587" endtime="20220313 22:26:07.589"/>
</kw>
<kw name="Get WebElements" library="SeleniumLibrary">
<var>${elements}</var>
<arg>//h4[@class='card-title']</arg>
<doc>Returns a list of WebElement objects matching the ``locator``.</doc>
<msg timestamp="20220313 22:26:07.738" level="INFO">${elements} = [&lt;selenium.webdriver.remote.webelement.WebElement (session="5cd75cd1352d363788e13dda6ca3e1f3", element="a4fe9a25-ce17-4f3c-af74-42a6ea9a2050")&gt;, &lt;selenium.webdriver.remote.webelement.WebElement (sessi...</msg>
<status status="PASS" starttime="20220313 22:26:07.589" endtime="20220313 22:26:07.739"/>
</kw>
<kw name="Log" library="BuiltIn">
<arg>${elements}</arg>
<doc>Logs the given message with the given level.</doc>
<msg timestamp="20220313 22:26:07.740" level="INFO">[&lt;selenium.webdriver.remote.webelement.WebElement (session="5cd75cd1352d363788e13dda6ca3e1f3", element="a4fe9a25-ce17-4f3c-af74-42a6ea9a2050")&gt;, &lt;selenium.webdriver.remote.webelement.WebElement (session="5cd75cd1352d363788e13dda6ca3e1f3", element="602066aa-41bf-4251-adc6-049d919e9c41")&gt;, &lt;selenium.webdriver.remote.webelement.WebElement (session="5cd75cd1352d363788e13dda6ca3e1f3", element="34177139-e3f2-4b2d-91d6-cbfc4863248b")&gt;, &lt;selenium.webdriver.remote.webelement.WebElement (session="5cd75cd1352d363788e13dda6ca3e1f3", element="712d696c-17e4-4613-99b8-1f431c3fed03")&gt;]</msg>
<status status="PASS" starttime="20220313 22:26:07.739" endtime="20220313 22:26:07.741"/>
</kw>
<kw name="Create List" library="BuiltIn">
<var>@{actualList}</var>
<doc>Returns a list containing given items.</doc>
<msg timestamp="20220313 22:26:07.742" level="INFO">@{actualList} = [ ]</msg>
<status status="PASS" starttime="20220313 22:26:07.741" endtime="20220313 22:26:07.743"/>
</kw>
<for flavor="IN">
<var>${element}</var>
<value>@{elements}</value>
<iter>
<var name="${element}">&lt;selenium.webdriver.remote.webelement.WebElement (session="5cd75cd1352d363788e13dda6ca3e1f3", element="a4fe9a25-ce17-4f3c-af74-42a6ea9a2050")&gt;</var>
<kw name="Get Text" library="SeleniumLibrary">
<var>${element_text}</var>
<arg>${element}</arg>
<doc>Returns the text value of the element identified by ``locator``.</doc>
<msg timestamp="20220313 22:26:07.888" level="INFO">${element_text} = iphone X</msg>
<status status="PASS" starttime="20220313 22:26:07.745" endtime="20220313 22:26:07.889"/>
</kw>
<kw name="Log" library="BuiltIn">
<arg>${element_text}</arg>
<doc>Logs the given message with the given level.</doc>
<msg timestamp="20220313 22:26:07.890" level="INFO">iphone X</msg>
<status status="PASS" starttime="20220313 22:26:07.889" endtime="20220313 22:26:07.890"/>
</kw>
<kw name="Append To List" library="Collections">
<arg>${actualList}</arg>
<arg>${element_text}</arg>
<doc>Adds ``values`` to the end of ``list``.</doc>
<status status="PASS" starttime="20220313 22:26:07.891" endtime="20220313 22:26:07.893"/>
</kw>
<status status="PASS" starttime="20220313 22:26:07.744" endtime="20220313 22:26:07.894"/>
</iter>
<iter>
<var name="${element}">&lt;selenium.webdriver.remote.webelement.WebElement (session="5cd75cd1352d363788e13dda6ca3e1f3", element="602066aa-41bf-4251-adc6-049d919e9c41")&gt;</var>
<kw name="Get Text" library="SeleniumLibrary">
<var>${element_text}</var>
<arg>${element}</arg>
<doc>Returns the text value of the element identified by ``locator``.</doc>
<msg timestamp="20220313 22:26:08.045" level="INFO">${element_text} = Samsung Note 8</msg>
<status status="PASS" starttime="20220313 22:26:07.895" endtime="20220313 22:26:08.045"/>
</kw>
<kw name="Log" library="BuiltIn">
<arg>${element_text}</arg>
<doc>Logs the given message with the given level.</doc>
<msg timestamp="20220313 22:26:08.046" level="INFO">Samsung Note 8</msg>
<status status="PASS" starttime="20220313 22:26:08.045" endtime="20220313 22:26:08.046"/>
</kw>
<kw name="Append To List" library="Collections">
<arg>${actualList}</arg>
<arg>${element_text}</arg>
<doc>Adds ``values`` to the end of ``list``.</doc>
<status status="PASS" starttime="20220313 22:26:08.047" endtime="20220313 22:26:08.048"/>
</kw>
<status status="PASS" starttime="20220313 22:26:07.894" endtime="20220313 22:26:08.048"/>
</iter>
<iter>
<var name="${element}">&lt;selenium.webdriver.remote.webelement.WebElement (session="5cd75cd1352d363788e13dda6ca3e1f3", element="34177139-e3f2-4b2d-91d6-cbfc4863248b")&gt;</var>
<kw name="Get Text" library="SeleniumLibrary">
<var>${element_text}</var>
<arg>${element}</arg>
<doc>Returns the text value of the element identified by ``locator``.</doc>
<msg timestamp="20220313 22:26:08.123" level="INFO">${element_text} = Nokia Edge</msg>
<status status="PASS" starttime="20220313 22:26:08.050" endtime="20220313 22:26:08.123"/>
</kw>
<kw name="Log" library="BuiltIn">
<arg>${element_text}</arg>
<doc>Logs the given message with the given level.</doc>
<msg timestamp="20220313 22:26:08.125" level="INFO">Nokia Edge</msg>
<status status="PASS" starttime="20220313 22:26:08.124" endtime="20220313 22:26:08.125"/>
</kw>
<kw name="Append To List" library="Collections">
<arg>${actualList}</arg>
<arg>${element_text}</arg>
<doc>Adds ``values`` to the end of ``list``.</doc>
<status status="PASS" starttime="20220313 22:26:08.125" endtime="20220313 22:26:08.126"/>
</kw>
<status status="PASS" starttime="20220313 22:26:08.049" endtime="20220313 22:26:08.127"/>
</iter>
<iter>
<var name="${element}">&lt;selenium.webdriver.remote.webelement.WebElement (session="5cd75cd1352d363788e13dda6ca3e1f3", element="712d696c-17e4-4613-99b8-1f431c3fed03")&gt;</var>
<kw name="Get Text" library="SeleniumLibrary">
<var>${element_text}</var>
<arg>${element}</arg>
<doc>Returns the text value of the element identified by ``locator``.</doc>
<msg timestamp="20220313 22:26:08.242" level="INFO">${element_text} = Blackberry</msg>
<status status="PASS" starttime="20220313 22:26:08.128" endtime="20220313 22:26:08.242"/>
</kw>
<kw name="Log" library="BuiltIn">
<arg>${element_text}</arg>
<doc>Logs the given message with the given level.</doc>
<msg timestamp="20220313 22:26:08.244" level="INFO">Blackberry</msg>
<status status="PASS" starttime="20220313 22:26:08.242" endtime="20220313 22:26:08.244"/>
</kw>
<kw name="Append To List" library="Collections">
<arg>${actualList}</arg>
<arg>${element_text}</arg>
<doc>Adds ``values`` to the end of ``list``.</doc>
<status status="PASS" starttime="20220313 22:26:08.244" endtime="20220313 22:26:08.246"/>
</kw>
<status status="PASS" starttime="20220313 22:26:08.127" endtime="20220313 22:26:08.246"/>
</iter>
<status status="PASS" starttime="20220313 22:26:07.743" endtime="20220313 22:26:08.246"/>
</for>
<kw name="Lists Should Be Equal" library="Collections">
<arg>${expectedList}</arg>
<arg>${actualList}</arg>
<doc>Fails if given lists are unequal.</doc>
<status status="PASS" starttime="20220313 22:26:08.247" endtime="20220313 22:26:08.249"/>
</kw>
<status status="PASS" starttime="20220313 22:26:07.586" endtime="20220313 22:26:08.250"/>
</kw>
<kw name="Hello World" library="Shop">
<msg timestamp="20220313 22:26:08.253" level="INFO">Hello World</msg>
<status status="PASS" starttime="20220313 22:26:08.250" endtime="20220313 22:26:08.254"/>
</kw>
<kw name="Select the Card">
<arg>${PhoneName}</arg>
<kw name="Create List" library="BuiltIn">
<var>@{expectedList}</var>
<arg>iphone X</arg>
<arg>Samsung Note 8</arg>
<arg>Nokia Edge</arg>
<arg>Blackberry</arg>
<doc>Returns a list containing given items.</doc>
<msg timestamp="20220313 22:26:08.258" level="INFO">@{expectedList} = [ iphone X | Samsung Note 8 | Nokia Edge | Blackberry ]</msg>
<status status="PASS" starttime="20220313 22:26:08.257" endtime="20220313 22:26:08.258"/>
</kw>
<kw name="Get WebElements" library="SeleniumLibrary">
<var>@{elements}</var>
<arg>//h4[@class='card-title']</arg>
<doc>Returns a list of WebElement objects matching the ``locator``.</doc>
<msg timestamp="20220313 22:26:08.403" level="INFO">@{elements} = [ &lt;selenium.webdriver.remote.webelement.WebElement (session="5cd75cd1352d363788e13dda6ca3e1f3", element="a4fe9a25-ce17-4f3c-af74-42a6ea9a2050")&gt; | &lt;selenium.webdriver.remote.webelement.WebElement (ses...</msg>
<status status="PASS" starttime="20220313 22:26:08.259" endtime="20220313 22:26:08.404"/>
</kw>
<kw name="Set Variable" library="BuiltIn">
<var>${index}</var>
<arg>1</arg>
<doc>Returns the given values which can then be assigned to a variables.</doc>
<msg timestamp="20220313 22:26:08.405" level="INFO">${index} = 1</msg>
<status status="PASS" starttime="20220313 22:26:08.404" endtime="20220313 22:26:08.405"/>
</kw>
<for flavor="IN">
<var>${element}</var>
<value>@{elements}</value>
<iter>
<var name="${element}">&lt;selenium.webdriver.remote.webelement.WebElement (session="5cd75cd1352d363788e13dda6ca3e1f3", element="a4fe9a25-ce17-4f3c-af74-42a6ea9a2050")&gt;</var>
<kw name="Exit For Loop If" library="BuiltIn">
<arg>'${element.text}' == '${cardname}'</arg>
<doc>Stops executing the enclosing for loop if the ``condition`` is true.</doc>
<status status="PASS" starttime="20220313 22:26:08.407" endtime="20220313 22:26:09.569"/>
</kw>
<kw name="Evaluate" library="BuiltIn">
<var>${index}</var>
<arg>${index} + 1</arg>
<doc>Evaluates the given expression in Python and returns the result.</doc>
<msg timestamp="20220313 22:26:09.571" level="INFO">${index} = 2</msg>
<status status="PASS" starttime="20220313 22:26:09.569" endtime="20220313 22:26:09.571"/>
</kw>
<status status="PASS" starttime="20220313 22:26:08.406" endtime="20220313 22:26:09.571"/>
</iter>
<iter>
<var name="${element}">&lt;selenium.webdriver.remote.webelement.WebElement (session="5cd75cd1352d363788e13dda6ca3e1f3", element="602066aa-41bf-4251-adc6-049d919e9c41")&gt;</var>
<kw name="Exit For Loop If" library="BuiltIn">
<arg>'${element.text}' == '${cardname}'</arg>
<doc>Stops executing the enclosing for loop if the ``condition`` is true.</doc>
<status status="PASS" starttime="20220313 22:26:09.572" endtime="20220313 22:26:10.213"/>
</kw>
<kw name="Evaluate" library="BuiltIn">
<var>${index}</var>
<arg>${index} + 1</arg>
<doc>Evaluates the given expression in Python and returns the result.</doc>
<msg timestamp="20220313 22:26:10.216" level="INFO">${index} = 3</msg>
<status status="PASS" starttime="20220313 22:26:10.214" endtime="20220313 22:26:10.216"/>
</kw>
<status status="PASS" starttime="20220313 22:26:09.572" endtime="20220313 22:26:10.216"/>
</iter>
<iter>
<var name="${element}">&lt;selenium.webdriver.remote.webelement.WebElement (session="5cd75cd1352d363788e13dda6ca3e1f3", element="34177139-e3f2-4b2d-91d6-cbfc4863248b")&gt;</var>
<kw name="Exit For Loop If" library="BuiltIn">
<arg>'${element.text}' == '${cardname}'</arg>
<doc>Stops executing the enclosing for loop if the ``condition`` is true.</doc>
<msg timestamp="20220313 22:26:10.499" level="INFO">Exiting for loop altogether.</msg>
<status status="PASS" starttime="20220313 22:26:10.219" endtime="20220313 22:26:10.502"/>
</kw>
<status status="PASS" starttime="20220313 22:26:10.218" endtime="20220313 22:26:10.503"/>
</iter>
<status status="PASS" starttime="20220313 22:26:08.405" endtime="20220313 22:26:10.503"/>
</for>
<kw name="Log" library="BuiltIn">
<arg>${index}</arg>
<doc>Logs the given message with the given level.</doc>
<msg timestamp="20220313 22:26:10.506" level="INFO">3</msg>
<status status="PASS" starttime="20220313 22:26:10.504" endtime="20220313 22:26:10.506"/>
</kw>
<kw name="Click Button" library="SeleniumLibrary">
<arg>xpath:(//div[@class='card-footer'])[${index}]/button</arg>
<doc>Clicks the button identified by ``locator``.</doc>
<msg timestamp="20220313 22:26:10.510" level="INFO">Clicking button 'xpath:(//div[@class='card-footer'])[3]/button'.</msg>
<status status="PASS" starttime="20220313 22:26:10.507" endtime="20220313 22:26:11.054"/>
</kw>
<status status="PASS" starttime="20220313 22:26:08.254" endtime="20220313 22:26:11.055"/>
</kw>
<tag>Smoke</tag>
<status status="PASS" starttime="20220313 22:25:34.835" endtime="20220313 22:26:11.055"/>
</test>
<test id="s1-s1-t2" name="Select the Form and Navigate the Child Window">
<kw name="open login page" library="Common" type="SETUP">
<kw name="Go To" library="SeleniumLibrary">
<arg>${url}</arg>
<doc>Navigates the current browser window to the provided ``url``.</doc>
<msg timestamp="20220313 22:26:11.060" level="INFO">Opening url 'https://rahulshettyacademy.com/loginpagePractise/'</msg>
<status status="PASS" starttime="20220313 22:26:11.059" endtime="20220313 22:26:11.239"/>
</kw>
<status status="PASS" starttime="20220313 22:26:11.058" endtime="20220313 22:26:11.241"/>
</kw>
<kw name="Fill the Login Details and Login Form">
<arg>${user_name}</arg>
<arg>${valid_password}</arg>
<kw name="Input Text" library="SeleniumLibrary">
<arg>id=username</arg>
<arg>${user_name}</arg>
<doc>Types the given ``text`` into the text field identified by ``locator``.</doc>
<msg timestamp="20220313 22:26:11.249" level="INFO">Typing text 'rahulshettyacademy' into text field 'id=username'.</msg>
<status status="PASS" starttime="20220313 22:26:11.246" endtime="20220313 22:26:11.555"/>
</kw>
<kw name="Input Text" library="SeleniumLibrary">
<arg>id=password</arg>
<arg>${valid_password}</arg>
<doc>Types the given ``text`` into the text field identified by ``locator``.</doc>
<msg timestamp="20220313 22:26:11.557" level="INFO">Typing text 'learning' into text field 'id=password'.</msg>
<status status="PASS" starttime="20220313 22:26:11.555" endtime="20220313 22:26:11.963"/>
</kw>
<kw name="Click Element" library="SeleniumLibrary">
<arg>xpath://input[@value='user']//following-sibling::span</arg>
<doc>Click the element identified by ``locator``.</doc>
<msg timestamp="20220313 22:26:11.965" level="INFO">Clicking element 'xpath://input[@value='user']//following-sibling::span'.</msg>
<status status="PASS" starttime="20220313 22:26:11.963" endtime="20220313 22:26:12.139"/>
</kw>
<kw name="Wait Until Element Is Visible" library="SeleniumLibrary">
<arg>okayBtn</arg>
<doc>Waits until the element ``locator`` is visible.</doc>
<status status="PASS" starttime="20220313 22:26:12.140" endtime="20220313 22:26:12.445"/>
</kw>
<kw name="Click Button" library="SeleniumLibrary">
<arg>okayBtn</arg>
<doc>Clicks the button identified by ``locator``.</doc>
<msg timestamp="20220313 22:26:12.446" level="INFO">Clicking button 'okayBtn'.</msg>
<status status="PASS" starttime="20220313 22:26:12.445" endtime="20220313 22:26:12.693"/>
</kw>
<kw name="Click Button" library="SeleniumLibrary">
<arg>okayBtn</arg>
<doc>Clicks the button identified by ``locator``.</doc>
<msg timestamp="20220313 22:26:12.695" level="INFO">Clicking button 'okayBtn'.</msg>
<status status="PASS" starttime="20220313 22:26:12.694" endtime="20220313 22:26:12.813"/>
</kw>
<kw name="Wait Until Element Is Not Visible" library="SeleniumLibrary">
<arg>okayBtn</arg>
<doc>Waits until the element ``locator`` is not visible.</doc>
<status status="PASS" starttime="20220313 22:26:12.813" endtime="20220313 22:26:12.893"/>
</kw>
<kw name="Select From List By Value" library="SeleniumLibrary">
<arg>xpath://select[@class='form-control']</arg>
<arg>teach</arg>
<doc>Selects options from selection list ``locator`` by ``values``.</doc>
<msg timestamp="20220313 22:26:12.895" level="INFO">Selecting options from selection list 'xpath://select[@class='form-control']' by value teach.</msg>
<status status="PASS" starttime="20220313 22:26:12.894" endtime="20220313 22:26:13.265"/>
</kw>
<kw name="Select Checkbox" library="SeleniumLibrary">
<arg>terms</arg>
<doc>Selects the checkbox identified by ``locator``.</doc>
<msg timestamp="20220313 22:26:13.267" level="INFO">Selecting checkbox 'terms'.</msg>
<status status="PASS" starttime="20220313 22:26:13.266" endtime="20220313 22:26:13.475"/>
</kw>
<kw name="Checkbox Should Be Selected" library="SeleniumLibrary">
<arg>terms</arg>
<doc>Verifies checkbox ``locator`` is selected/checked.</doc>
<msg timestamp="20220313 22:26:13.477" level="INFO">Verifying checkbox 'terms' is selected.</msg>
<status status="PASS" starttime="20220313 22:26:13.476" endtime="20220313 22:26:13.520"/>
</kw>
<status status="PASS" starttime="20220313 22:26:11.242" endtime="20220313 22:26:13.521"/>
</kw>
<tag>Current</tag>
<status status="PASS" starttime="20220313 22:26:11.057" endtime="20220313 22:26:13.522"/>
</test>
<kw name="close the app browser" library="Common" type="TEARDOWN">
<kw name="Close Browser" library="SeleniumLibrary">
<doc>Closes the current browser.</doc>
<status status="PASS" starttime="20220313 22:26:13.525" endtime="20220313 22:26:17.448"/>
</kw>
<status status="PASS" starttime="20220313 22:26:13.524" endtime="20220313 22:26:17.449"/>
</kw>
<doc>To validate the Login form</doc>
<status status="PASS" starttime="20220313 22:25:29.546" endtime="20220313 22:26:17.449"/>
</suite>
<status status="PASS" starttime="20220313 22:25:29.503" endtime="20220313 22:26:17.453"/>
</suite>
<statistics>
<total>
<stat pass="2" fail="0" skip="0">All Tests</stat>
</total>
<tag>
<stat pass="1" fail="0" skip="0">Current</stat>
<stat pass="1" fail="0" skip="0">Smoke</stat>
</tag>
<suite>
<stat pass="2" fail="0" skip="0" id="s1" name="Tests">Tests</stat>
<stat pass="2" fail="0" skip="0" id="s1-s1" name="DemoTest1">Tests.DemoTest1</stat>
</suite>
</statistics>
<errors>
</errors>
</robot>
