<?xml version="1.0" encoding="UTF-8"?>
<robot generator="Robot 4.1.3 (Python 3.8.2 on win32)" generated="20220313 22:26:04.181" rpa="false" schemaversion="2">
<suite id="s1" name="Tests" source="D:\workspace_python\RahulUdemy\Tests">
<suite id="s1-s1" name="DemoTest6" source="D:\workspace_python\RahulUdemy\Tests\DemoTest6.robot">
<kw name="open the app browser" library="Common" type="SETUP">
<kw name="Open Browser" library="SeleniumLibrary">
<arg>about:blank</arg>
<arg>${browser_name}</arg>
<doc>Opens a new browser instance to the optional ``url``.</doc>
<msg timestamp="20220313 22:26:05.009" level="INFO">Opening browser 'chrome' to base url 'about:blank'.</msg>
<status status="PASS" starttime="20220313 22:26:05.008" endtime="20220313 22:26:07.608"/>
</kw>
<kw name="Maximize Browser Window" library="SeleniumLibrary">
<doc>Maximizes current browser window.</doc>
<status status="PASS" starttime="20220313 22:26:07.609" endtime="20220313 22:26:07.884"/>
</kw>
<status status="PASS" starttime="20220313 22:26:05.007" endtime="20220313 22:26:07.885"/>
</kw>
<test id="s1-s1-t1" name="Validate Unsuccessful Login">
<kw name="open login page" library="Common" type="SETUP">
<kw name="Go To" library="SeleniumLibrary">
<arg>${url}</arg>
<doc>Navigates the current browser window to the provided ``url``.</doc>
<msg timestamp="20220313 22:26:07.889" level="INFO">Opening url 'https://rahulshettyacademy.com/loginpagePractise/'</msg>
<status status="PASS" starttime="20220313 22:26:07.888" endtime="20220313 22:26:08.969"/>
</kw>
<status status="PASS" starttime="20220313 22:26:07.887" endtime="20220313 22:26:08.970"/>
</kw>
<kw name="Fill the login form">
<arg>${username}</arg>
<arg>${invalid_password}</arg>
<kw name="Input Text" library="SeleniumLibrary">
<arg>username</arg>
<arg>${username}</arg>
<doc>Types the given ``text`` into the text field identified by ``locator``.</doc>
<msg timestamp="20220313 22:26:08.974" level="INFO">Typing text 'rahulshettyacademy' into text field 'username'.</msg>
<status status="PASS" starttime="20220313 22:26:08.972" endtime="20220313 22:26:10.787"/>
</kw>
<kw name="Input Password" library="SeleniumLibrary">
<arg>password</arg>
<arg>${invalid_password}</arg>
<doc>Types the given password into the text field identified by ``locator``.</doc>
<msg timestamp="20220313 22:26:10.790" level="INFO">Typing password into text field 'password'.</msg>
<msg timestamp="20220313 22:26:11.311" level="INFO">Temporally setting log level to: NONE</msg>
<msg timestamp="20220313 22:26:11.422" level="INFO">Log level changed from NONE to INFO.</msg>
<status status="PASS" starttime="20220313 22:26:10.788" endtime="20220313 22:26:11.422"/>
</kw>
<kw name="Click Button" library="SeleniumLibrary">
<arg>signInBtn</arg>
<doc>Clicks the button identified by ``locator``.</doc>
<msg timestamp="20220313 22:26:11.424" level="INFO">Clicking button 'signInBtn'.</msg>
<status status="PASS" starttime="20220313 22:26:11.423" endtime="20220313 22:26:11.623"/>
</kw>
<status status="PASS" starttime="20220313 22:26:08.970" endtime="20220313 22:26:11.623"/>
</kw>
<kw name="Wait until it checks and display error message">
<kw name="Wait Until Element Is Visible" library="SeleniumLibrary">
<arg>${Error_Message_Element}</arg>
<doc>Waits until the element ``locator`` is visible.</doc>
<status status="PASS" starttime="20220313 22:26:11.625" endtime="20220313 22:26:13.628"/>
</kw>
<status status="PASS" starttime="20220313 22:26:11.624" endtime="20220313 22:26:13.629"/>
</kw>
<kw name="Verify error message is correct">
<kw name="Get Text" library="SeleniumLibrary">
<var>${result}</var>
<arg>${Error_Message_Element}</arg>
<doc>Returns the text value of the element identified by ``locator``.</doc>
<msg timestamp="20220313 22:26:13.690" level="INFO">${result} = Incorrect username/password.</msg>
<status status="PASS" starttime="20220313 22:26:13.630" endtime="20220313 22:26:13.690"/>
</kw>
<kw name="Should Be Equal As Strings" library="BuiltIn">
<arg>${result}</arg>
<arg>${Error_Message_Text}</arg>
<doc>Fails if objects are unequal after converting them to strings.</doc>
<status status="PASS" starttime="20220313 22:26:13.691" endtime="20220313 22:26:13.692"/>
</kw>
<kw name="Element Text Should Be" library="SeleniumLibrary">
<arg>${Error_Message_Element}</arg>
<arg>${Error_Message_Text}</arg>
<doc>Verifies that element ``locator`` contains exact the text ``expected``.</doc>
<msg timestamp="20220313 22:26:13.694" level="INFO">Verifying element 'xpath://div[@class='alert alert-danger col-md-12']' contains exact text 'Incorrect username/password.'.</msg>
<status status="PASS" starttime="20220313 22:26:13.693" endtime="20220313 22:26:13.749"/>
</kw>
<status status="PASS" starttime="20220313 22:26:13.629" endtime="20220313 22:26:13.749"/>
</kw>
<status status="PASS" starttime="20220313 22:26:07.886" endtime="20220313 22:26:13.750"/>
</test>
<kw name="close the app browser" library="Common" type="TEARDOWN">
<kw name="Close Browser" library="SeleniumLibrary">
<doc>Closes the current browser.</doc>
<status status="PASS" starttime="20220313 22:26:13.754" endtime="20220313 22:26:18.501"/>
</kw>
<status status="PASS" starttime="20220313 22:26:13.753" endtime="20220313 22:26:18.502"/>
</kw>
<doc>Validate Unsucessfull Login</doc>
<status status="PASS" starttime="20220313 22:26:04.271" endtime="20220313 22:26:18.504"/>
</suite>
<status status="PASS" starttime="20220313 22:26:04.209" endtime="20220313 22:26:18.508"/>
</suite>
<statistics>
<total>
<stat pass="1" fail="0" skip="0">All Tests</stat>
</total>
<tag>
</tag>
<suite>
<stat pass="1" fail="0" skip="0" id="s1" name="Tests">Tests</stat>
<stat pass="1" fail="0" skip="0" id="s1-s1" name="DemoTest6">Tests.DemoTest6</stat>
</suite>
</statistics>
<errors>
</errors>
</robot>
