<?xml version="1.0" encoding="UTF-8"?>
<robot generator="Robot 4.1.3 (Python 3.8.2 on win32)" generated="20220313 22:25:29.508" rpa="false" schemaversion="2">
<suite id="s1" name="Tests" source="D:\workspace_python\RahulUdemy\Tests">
<suite id="s1-s1" name="DemoTest3" source="D:\workspace_python\RahulUdemy\Tests\DemoTest3.robot">
<kw name="open the app browser" library="Common" type="SETUP">
<kw name="Open Browser" library="SeleniumLibrary">
<arg>about:blank</arg>
<arg>${browser_name}</arg>
<doc>Opens a new browser instance to the optional ``url``.</doc>
<msg timestamp="20220313 22:25:30.134" level="INFO">Opening browser 'chrome' to base url 'about:blank'.</msg>
<status status="PASS" starttime="20220313 22:25:30.131" endtime="20220313 22:25:35.855"/>
</kw>
<kw name="Maximize Browser Window" library="SeleniumLibrary">
<doc>Maximizes current browser window.</doc>
<status status="PASS" starttime="20220313 22:25:35.856" endtime="20220313 22:25:36.494"/>
</kw>
<status status="PASS" starttime="20220313 22:25:30.124" endtime="20220313 22:25:36.495"/>
</kw>
<test id="s1-s1-t1" name="Invalid username">
<kw name="open login page" library="Common" type="SETUP">
<kw name="Go To" library="SeleniumLibrary">
<arg>${url}</arg>
<doc>Navigates the current browser window to the provided ``url``.</doc>
<msg timestamp="20220313 22:25:36.504" level="INFO">Opening url 'https://rahulshettyacademy.com/loginpagePractise/'</msg>
<status status="PASS" starttime="20220313 22:25:36.503" endtime="20220313 22:25:41.498"/>
</kw>
<status status="PASS" starttime="20220313 22:25:36.501" endtime="20220313 22:25:41.500"/>
</kw>
<kw name="Validate UnSuccesful Login">
<arg>dsahed</arg>
<arg>learning</arg>
<arg>Incorrect username/password.</arg>
<kw name="Fill the login Form">
<arg>${username}</arg>
<arg>${password}</arg>
<kw name="Input Text" library="SeleniumLibrary">
<arg>username</arg>
<arg>${username}</arg>
<doc>Types the given ``text`` into the text field identified by ``locator``.</doc>
<msg timestamp="20220313 22:25:41.507" level="INFO">Typing text 'dsahed' into text field 'username'.</msg>
<status status="PASS" starttime="20220313 22:25:41.505" endtime="20220313 22:25:41.958"/>
</kw>
<kw name="Input Password" library="SeleniumLibrary">
<arg>password</arg>
<arg>${password}</arg>
<doc>Types the given password into the text field identified by ``locator``.</doc>
<msg timestamp="20220313 22:25:41.961" level="INFO">Typing password into text field 'password'.</msg>
<msg timestamp="20220313 22:25:42.192" level="INFO">Temporally setting log level to: NONE</msg>
<msg timestamp="20220313 22:25:42.320" level="INFO">Log level changed from NONE to INFO.</msg>
<status status="PASS" starttime="20220313 22:25:41.959" endtime="20220313 22:25:42.321"/>
</kw>
<kw name="Click Button" library="SeleniumLibrary">
<arg>signInBtn</arg>
<doc>Clicks the button identified by ``locator``.</doc>
<msg timestamp="20220313 22:25:42.322" level="INFO">Clicking button 'signInBtn'.</msg>
<status status="PASS" starttime="20220313 22:25:42.321" endtime="20220313 22:25:42.484"/>
</kw>
<status status="PASS" starttime="20220313 22:25:41.503" endtime="20220313 22:25:42.485"/>
</kw>
<kw name="wait until it checks and display error message">
<kw name="Wait Until Element Is Visible" library="SeleniumLibrary">
<arg>${Error_Message_Login}</arg>
<arg>20</arg>
<doc>Waits until the element ``locator`` is visible.</doc>
<status status="PASS" starttime="20220313 22:25:42.490" endtime="20220313 22:25:44.523"/>
</kw>
<status status="PASS" starttime="20220313 22:25:42.487" endtime="20220313 22:25:44.524"/>
</kw>
<kw name="verify error message is correct">
<arg>${expectedResult}</arg>
<kw name="Get Text" library="SeleniumLibrary">
<var>${text}</var>
<arg>${Error_Message_Login}</arg>
<doc>Returns the text value of the element identified by ``locator``.</doc>
<msg timestamp="20220313 22:25:44.625" level="INFO">${text} = Incorrect username/password.</msg>
<status status="PASS" starttime="20220313 22:25:44.527" endtime="20220313 22:25:44.625"/>
</kw>
<kw name="Log" library="BuiltIn">
<arg>${text}</arg>
<doc>Logs the given message with the given level.</doc>
<msg timestamp="20220313 22:25:44.626" level="INFO">Incorrect username/password.</msg>
<status status="PASS" starttime="20220313 22:25:44.626" endtime="20220313 22:25:44.627"/>
</kw>
<kw name="Should Be Equal As Strings" library="BuiltIn">
<arg>${text}</arg>
<arg>${expectedResult}</arg>
<doc>Fails if objects are unequal after converting them to strings.</doc>
<status status="PASS" starttime="20220313 22:25:44.627" endtime="20220313 22:25:44.628"/>
</kw>
<kw name="Element Text Should Be" library="SeleniumLibrary">
<arg>${Error_Message_Login}</arg>
<arg>${expectedResult}</arg>
<doc>Verifies that element ``locator`` contains exact the text ``expected``.</doc>
<msg timestamp="20220313 22:25:44.630" level="INFO">Verifying element 'class:alert-danger' contains exact text 'Incorrect username/password.'.</msg>
<status status="PASS" starttime="20220313 22:25:44.629" endtime="20220313 22:25:44.713"/>
</kw>
<status status="PASS" starttime="20220313 22:25:44.525" endtime="20220313 22:25:44.715"/>
</kw>
<status status="PASS" starttime="20220313 22:25:41.501" endtime="20220313 22:25:44.716"/>
</kw>
<status status="PASS" starttime="20220313 22:25:36.495" endtime="20220313 22:25:44.717"/>
</test>
<test id="s1-s1-t2" name="Invalid password">
<kw name="open login page" library="Common" type="SETUP">
<kw name="Go To" library="SeleniumLibrary">
<arg>${url}</arg>
<doc>Navigates the current browser window to the provided ``url``.</doc>
<msg timestamp="20220313 22:25:44.728" level="INFO">Opening url 'https://rahulshettyacademy.com/loginpagePractise/'</msg>
<status status="PASS" starttime="20220313 22:25:44.727" endtime="20220313 22:25:45.488"/>
</kw>
<status status="PASS" starttime="20220313 22:25:44.725" endtime="20220313 22:25:45.489"/>
</kw>
<kw name="Validate UnSuccesful Login">
<arg>rahulshetty</arg>
<arg>ploudfg</arg>
<arg>Incorrect username/password.</arg>
<kw name="Fill the login Form">
<arg>${username}</arg>
<arg>${password}</arg>
<kw name="Input Text" library="SeleniumLibrary">
<arg>username</arg>
<arg>${username}</arg>
<doc>Types the given ``text`` into the text field identified by ``locator``.</doc>
<msg timestamp="20220313 22:25:45.495" level="INFO">Typing text 'rahulshetty' into text field 'username'.</msg>
<status status="PASS" starttime="20220313 22:25:45.494" endtime="20220313 22:25:45.814"/>
</kw>
<kw name="Input Password" library="SeleniumLibrary">
<arg>password</arg>
<arg>${password}</arg>
<doc>Types the given password into the text field identified by ``locator``.</doc>
<msg timestamp="20220313 22:25:45.817" level="INFO">Typing password into text field 'password'.</msg>
<msg timestamp="20220313 22:25:45.947" level="INFO">Temporally setting log level to: NONE</msg>
<msg timestamp="20220313 22:25:46.224" level="INFO">Log level changed from NONE to INFO.</msg>
<status status="PASS" starttime="20220313 22:25:45.816" endtime="20220313 22:25:46.224"/>
</kw>
<kw name="Click Button" library="SeleniumLibrary">
<arg>signInBtn</arg>
<doc>Clicks the button identified by ``locator``.</doc>
<msg timestamp="20220313 22:25:46.226" level="INFO">Clicking button 'signInBtn'.</msg>
<status status="PASS" starttime="20220313 22:25:46.225" endtime="20220313 22:25:46.399"/>
</kw>
<status status="PASS" starttime="20220313 22:25:45.491" endtime="20220313 22:25:46.400"/>
</kw>
<kw name="wait until it checks and display error message">
<kw name="Wait Until Element Is Visible" library="SeleniumLibrary">
<arg>${Error_Message_Login}</arg>
<arg>20</arg>
<doc>Waits until the element ``locator`` is visible.</doc>
<status status="PASS" starttime="20220313 22:25:46.403" endtime="20220313 22:25:48.705"/>
</kw>
<status status="PASS" starttime="20220313 22:25:46.401" endtime="20220313 22:25:48.706"/>
</kw>
<kw name="verify error message is correct">
<arg>${expectedResult}</arg>
<kw name="Get Text" library="SeleniumLibrary">
<var>${text}</var>
<arg>${Error_Message_Login}</arg>
<doc>Returns the text value of the element identified by ``locator``.</doc>
<msg timestamp="20220313 22:25:48.759" level="INFO">${text} = Incorrect username/password.</msg>
<status status="PASS" starttime="20220313 22:25:48.708" endtime="20220313 22:25:48.759"/>
</kw>
<kw name="Log" library="BuiltIn">
<arg>${text}</arg>
<doc>Logs the given message with the given level.</doc>
<msg timestamp="20220313 22:25:48.761" level="INFO">Incorrect username/password.</msg>
<status status="PASS" starttime="20220313 22:25:48.759" endtime="20220313 22:25:48.761"/>
</kw>
<kw name="Should Be Equal As Strings" library="BuiltIn">
<arg>${text}</arg>
<arg>${expectedResult}</arg>
<doc>Fails if objects are unequal after converting them to strings.</doc>
<status status="PASS" starttime="20220313 22:25:48.761" endtime="20220313 22:25:48.762"/>
</kw>
<kw name="Element Text Should Be" library="SeleniumLibrary">
<arg>${Error_Message_Login}</arg>
<arg>${expectedResult}</arg>
<doc>Verifies that element ``locator`` contains exact the text ``expected``.</doc>
<msg timestamp="20220313 22:25:48.765" level="INFO">Verifying element 'class:alert-danger' contains exact text 'Incorrect username/password.'.</msg>
<status status="PASS" starttime="20220313 22:25:48.763" endtime="20220313 22:25:48.827"/>
</kw>
<status status="PASS" starttime="20220313 22:25:48.706" endtime="20220313 22:25:48.828"/>
</kw>
<status status="PASS" starttime="20220313 22:25:45.490" endtime="20220313 22:25:48.828"/>
</kw>
<status status="PASS" starttime="20220313 22:25:44.719" endtime="20220313 22:25:48.829"/>
</test>
<test id="s1-s1-t3" name="special characters">
<kw name="open login page" library="Common" type="SETUP">
<kw name="Go To" library="SeleniumLibrary">
<arg>${url}</arg>
<doc>Navigates the current browser window to the provided ``url``.</doc>
<msg timestamp="20220313 22:25:48.839" level="INFO">Opening url 'https://rahulshettyacademy.com/loginpagePractise/'</msg>
<status status="PASS" starttime="20220313 22:25:48.838" endtime="20220313 22:25:49.543"/>
</kw>
<status status="PASS" starttime="20220313 22:25:48.837" endtime="20220313 22:25:49.544"/>
</kw>
<kw name="Validate UnSuccesful Login">
<arg>@#$</arg>
<arg>learning</arg>
<arg>Incorrect username/password.</arg>
<kw name="Fill the login Form">
<arg>${username}</arg>
<arg>${password}</arg>
<kw name="Input Text" library="SeleniumLibrary">
<arg>username</arg>
<arg>${username}</arg>
<doc>Types the given ``text`` into the text field identified by ``locator``.</doc>
<msg timestamp="20220313 22:25:49.550" level="INFO">Typing text '@#$' into text field 'username'.</msg>
<status status="PASS" starttime="20220313 22:25:49.548" endtime="20220313 22:25:49.753"/>
</kw>
<kw name="Input Password" library="SeleniumLibrary">
<arg>password</arg>
<arg>${password}</arg>
<doc>Types the given password into the text field identified by ``locator``.</doc>
<msg timestamp="20220313 22:25:49.755" level="INFO">Typing password into text field 'password'.</msg>
<msg timestamp="20220313 22:25:49.848" level="INFO">Temporally setting log level to: NONE</msg>
<msg timestamp="20220313 22:25:49.988" level="INFO">Log level changed from NONE to INFO.</msg>
<status status="PASS" starttime="20220313 22:25:49.753" endtime="20220313 22:25:49.989"/>
</kw>
<kw name="Click Button" library="SeleniumLibrary">
<arg>signInBtn</arg>
<doc>Clicks the button identified by ``locator``.</doc>
<msg timestamp="20220313 22:25:49.990" level="INFO">Clicking button 'signInBtn'.</msg>
<status status="PASS" starttime="20220313 22:25:49.989" endtime="20220313 22:25:50.615"/>
</kw>
<status status="PASS" starttime="20220313 22:25:49.546" endtime="20220313 22:25:50.616"/>
</kw>
<kw name="wait until it checks and display error message">
<kw name="Wait Until Element Is Visible" library="SeleniumLibrary">
<arg>${Error_Message_Login}</arg>
<arg>20</arg>
<doc>Waits until the element ``locator`` is visible.</doc>
<status status="PASS" starttime="20220313 22:25:50.618" endtime="20220313 22:25:52.796"/>
</kw>
<status status="PASS" starttime="20220313 22:25:50.617" endtime="20220313 22:25:52.798"/>
</kw>
<kw name="verify error message is correct">
<arg>${expectedResult}</arg>
<kw name="Get Text" library="SeleniumLibrary">
<var>${text}</var>
<arg>${Error_Message_Login}</arg>
<doc>Returns the text value of the element identified by ``locator``.</doc>
<msg timestamp="20220313 22:25:53.298" level="INFO">${text} = Incorrect username/password.</msg>
<status status="PASS" starttime="20220313 22:25:52.800" endtime="20220313 22:25:53.298"/>
</kw>
<kw name="Log" library="BuiltIn">
<arg>${text}</arg>
<doc>Logs the given message with the given level.</doc>
<msg timestamp="20220313 22:25:53.300" level="INFO">Incorrect username/password.</msg>
<status status="PASS" starttime="20220313 22:25:53.299" endtime="20220313 22:25:53.300"/>
</kw>
<kw name="Should Be Equal As Strings" library="BuiltIn">
<arg>${text}</arg>
<arg>${expectedResult}</arg>
<doc>Fails if objects are unequal after converting them to strings.</doc>
<status status="PASS" starttime="20220313 22:25:53.300" endtime="20220313 22:25:53.302"/>
</kw>
<kw name="Element Text Should Be" library="SeleniumLibrary">
<arg>${Error_Message_Login}</arg>
<arg>${expectedResult}</arg>
<doc>Verifies that element ``locator`` contains exact the text ``expected``.</doc>
<msg timestamp="20220313 22:25:53.304" level="INFO">Verifying element 'class:alert-danger' contains exact text 'Incorrect username/password.'.</msg>
<status status="PASS" starttime="20220313 22:25:53.303" endtime="20220313 22:25:53.694"/>
</kw>
<status status="PASS" starttime="20220313 22:25:52.798" endtime="20220313 22:25:53.695"/>
</kw>
<status status="PASS" starttime="20220313 22:25:49.544" endtime="20220313 22:25:53.695"/>
</kw>
<status status="PASS" starttime="20220313 22:25:48.831" endtime="20220313 22:25:53.696"/>
</test>
<test id="s1-s1-t4" name="Login with user 1234 and password 4242 so message is Incorrect username/password.">
<kw name="open login page" library="Common" type="SETUP">
<kw name="Go To" library="SeleniumLibrary">
<arg>${url}</arg>
<doc>Navigates the current browser window to the provided ``url``.</doc>
<msg timestamp="20220313 22:25:53.710" level="INFO">Opening url 'https://rahulshettyacademy.com/loginpagePractise/'</msg>
<status status="PASS" starttime="20220313 22:25:53.709" endtime="20220313 22:25:54.024"/>
</kw>
<status status="PASS" starttime="20220313 22:25:53.708" endtime="20220313 22:25:54.024"/>
</kw>
<kw name="Validate UnSuccesful Login">
<arg>1234</arg>
<arg>4242</arg>
<arg>Incorrect username/password.</arg>
<kw name="Fill the login Form">
<arg>${username}</arg>
<arg>${password}</arg>
<kw name="Input Text" library="SeleniumLibrary">
<arg>username</arg>
<arg>${username}</arg>
<doc>Types the given ``text`` into the text field identified by ``locator``.</doc>
<msg timestamp="20220313 22:25:54.030" level="INFO">Typing text '1234' into text field 'username'.</msg>
<status status="PASS" starttime="20220313 22:25:54.028" endtime="20220313 22:25:54.235"/>
</kw>
<kw name="Input Password" library="SeleniumLibrary">
<arg>password</arg>
<arg>${password}</arg>
<doc>Types the given password into the text field identified by ``locator``.</doc>
<msg timestamp="20220313 22:25:54.238" level="INFO">Typing password into text field 'password'.</msg>
<msg timestamp="20220313 22:25:54.343" level="INFO">Temporally setting log level to: NONE</msg>
<msg timestamp="20220313 22:25:54.441" level="INFO">Log level changed from NONE to INFO.</msg>
<status status="PASS" starttime="20220313 22:25:54.236" endtime="20220313 22:25:54.441"/>
</kw>
<kw name="Click Button" library="SeleniumLibrary">
<arg>signInBtn</arg>
<doc>Clicks the button identified by ``locator``.</doc>
<msg timestamp="20220313 22:25:54.442" level="INFO">Clicking button 'signInBtn'.</msg>
<status status="PASS" starttime="20220313 22:25:54.441" endtime="20220313 22:25:54.976"/>
</kw>
<status status="PASS" starttime="20220313 22:25:54.027" endtime="20220313 22:25:54.977"/>
</kw>
<kw name="wait until it checks and display error message">
<kw name="Wait Until Element Is Visible" library="SeleniumLibrary">
<arg>${Error_Message_Login}</arg>
<arg>20</arg>
<doc>Waits until the element ``locator`` is visible.</doc>
<status status="PASS" starttime="20220313 22:25:54.980" endtime="20220313 22:25:57.175"/>
</kw>
<status status="PASS" starttime="20220313 22:25:54.978" endtime="20220313 22:25:57.176"/>
</kw>
<kw name="verify error message is correct">
<arg>${expectedResult}</arg>
<kw name="Get Text" library="SeleniumLibrary">
<var>${text}</var>
<arg>${Error_Message_Login}</arg>
<doc>Returns the text value of the element identified by ``locator``.</doc>
<msg timestamp="20220313 22:25:57.306" level="INFO">${text} = Incorrect username/password.</msg>
<status status="PASS" starttime="20220313 22:25:57.178" endtime="20220313 22:25:57.306"/>
</kw>
<kw name="Log" library="BuiltIn">
<arg>${text}</arg>
<doc>Logs the given message with the given level.</doc>
<msg timestamp="20220313 22:25:57.308" level="INFO">Incorrect username/password.</msg>
<status status="PASS" starttime="20220313 22:25:57.307" endtime="20220313 22:25:57.308"/>
</kw>
<kw name="Should Be Equal As Strings" library="BuiltIn">
<arg>${text}</arg>
<arg>${expectedResult}</arg>
<doc>Fails if objects are unequal after converting them to strings.</doc>
<status status="PASS" starttime="20220313 22:25:57.308" endtime="20220313 22:25:57.309"/>
</kw>
<kw name="Element Text Should Be" library="SeleniumLibrary">
<arg>${Error_Message_Login}</arg>
<arg>${expectedResult}</arg>
<doc>Verifies that element ``locator`` contains exact the text ``expected``.</doc>
<msg timestamp="20220313 22:25:57.311" level="INFO">Verifying element 'class:alert-danger' contains exact text 'Incorrect username/password.'.</msg>
<status status="PASS" starttime="20220313 22:25:57.310" endtime="20220313 22:25:57.344"/>
</kw>
<status status="PASS" starttime="20220313 22:25:57.176" endtime="20220313 22:25:57.345"/>
</kw>
<status status="PASS" starttime="20220313 22:25:54.025" endtime="20220313 22:25:57.345"/>
</kw>
<status status="PASS" starttime="20220313 22:25:53.700" endtime="20220313 22:25:57.346"/>
</test>
<test id="s1-s1-t5" name="Empty Username">
<kw name="open login page" library="Common" type="SETUP">
<kw name="Go To" library="SeleniumLibrary">
<arg>${url}</arg>
<doc>Navigates the current browser window to the provided ``url``.</doc>
<msg timestamp="20220313 22:25:57.355" level="INFO">Opening url 'https://rahulshettyacademy.com/loginpagePractise/'</msg>
<status status="PASS" starttime="20220313 22:25:57.354" endtime="20220313 22:25:57.875"/>
</kw>
<status status="PASS" starttime="20220313 22:25:57.353" endtime="20220313 22:25:57.876"/>
</kw>
<kw name="Validate UnSuccesful Login">
<arg>learning</arg>
<arg>Empty username/password.</arg>
<kw name="Fill the login Form">
<arg>${username}</arg>
<arg>${password}</arg>
<kw name="Input Text" library="SeleniumLibrary">
<arg>username</arg>
<arg>${username}</arg>
<doc>Types the given ``text`` into the text field identified by ``locator``.</doc>
<msg timestamp="20220313 22:25:57.882" level="INFO">Typing text '' into text field 'username'.</msg>
<status status="PASS" starttime="20220313 22:25:57.879" endtime="20220313 22:25:58.079"/>
</kw>
<kw name="Input Password" library="SeleniumLibrary">
<arg>password</arg>
<arg>${password}</arg>
<doc>Types the given password into the text field identified by ``locator``.</doc>
<msg timestamp="20220313 22:25:58.081" level="INFO">Typing password into text field 'password'.</msg>
<msg timestamp="20220313 22:25:58.170" level="INFO">Temporally setting log level to: NONE</msg>
<msg timestamp="20220313 22:25:58.262" level="INFO">Log level changed from NONE to INFO.</msg>
<status status="PASS" starttime="20220313 22:25:58.079" endtime="20220313 22:25:58.262"/>
</kw>
<kw name="Click Button" library="SeleniumLibrary">
<arg>signInBtn</arg>
<doc>Clicks the button identified by ``locator``.</doc>
<msg timestamp="20220313 22:25:58.263" level="INFO">Clicking button 'signInBtn'.</msg>
<status status="PASS" starttime="20220313 22:25:58.262" endtime="20220313 22:25:58.381"/>
</kw>
<status status="PASS" starttime="20220313 22:25:57.878" endtime="20220313 22:25:58.383"/>
</kw>
<kw name="wait until it checks and display error message">
<kw name="Wait Until Element Is Visible" library="SeleniumLibrary">
<arg>${Error_Message_Login}</arg>
<arg>20</arg>
<doc>Waits until the element ``locator`` is visible.</doc>
<status status="PASS" starttime="20220313 22:25:58.386" endtime="20220313 22:25:58.494"/>
</kw>
<status status="PASS" starttime="20220313 22:25:58.384" endtime="20220313 22:25:58.494"/>
</kw>
<kw name="verify error message is correct">
<arg>${expectedResult}</arg>
<kw name="Get Text" library="SeleniumLibrary">
<var>${text}</var>
<arg>${Error_Message_Login}</arg>
<doc>Returns the text value of the element identified by ``locator``.</doc>
<msg timestamp="20220313 22:25:58.593" level="INFO">${text} = Empty username/password.</msg>
<status status="PASS" starttime="20220313 22:25:58.496" endtime="20220313 22:25:58.594"/>
</kw>
<kw name="Log" library="BuiltIn">
<arg>${text}</arg>
<doc>Logs the given message with the given level.</doc>
<msg timestamp="20220313 22:25:58.595" level="INFO">Empty username/password.</msg>
<status status="PASS" starttime="20220313 22:25:58.594" endtime="20220313 22:25:58.595"/>
</kw>
<kw name="Should Be Equal As Strings" library="BuiltIn">
<arg>${text}</arg>
<arg>${expectedResult}</arg>
<doc>Fails if objects are unequal after converting them to strings.</doc>
<status status="PASS" starttime="20220313 22:25:58.596" endtime="20220313 22:25:58.597"/>
</kw>
<kw name="Element Text Should Be" library="SeleniumLibrary">
<arg>${Error_Message_Login}</arg>
<arg>${expectedResult}</arg>
<doc>Verifies that element ``locator`` contains exact the text ``expected``.</doc>
<msg timestamp="20220313 22:25:58.599" level="INFO">Verifying element 'class:alert-danger' contains exact text 'Empty username/password.'.</msg>
<status status="PASS" starttime="20220313 22:25:58.597" endtime="20220313 22:25:58.658"/>
</kw>
<status status="PASS" starttime="20220313 22:25:58.495" endtime="20220313 22:25:58.658"/>
</kw>
<status status="PASS" starttime="20220313 22:25:57.876" endtime="20220313 22:25:58.659"/>
</kw>
<status status="PASS" starttime="20220313 22:25:57.347" endtime="20220313 22:25:58.659"/>
</test>
<test id="s1-s1-t6" name="Empty Password">
<kw name="open login page" library="Common" type="SETUP">
<kw name="Go To" library="SeleniumLibrary">
<arg>${url}</arg>
<doc>Navigates the current browser window to the provided ``url``.</doc>
<msg timestamp="20220313 22:25:58.668" level="INFO">Opening url 'https://rahulshettyacademy.com/loginpagePractise/'</msg>
<status status="PASS" starttime="20220313 22:25:58.667" endtime="20220313 22:25:59.051"/>
</kw>
<status status="PASS" starttime="20220313 22:25:58.666" endtime="20220313 22:25:59.052"/>
</kw>
<kw name="Validate UnSuccesful Login">
<arg>rahulshetty</arg>
<arg>Empty username/password.</arg>
<kw name="Fill the login Form">
<arg>${username}</arg>
<arg>${password}</arg>
<kw name="Input Text" library="SeleniumLibrary">
<arg>username</arg>
<arg>${username}</arg>
<doc>Types the given ``text`` into the text field identified by ``locator``.</doc>
<msg timestamp="20220313 22:25:59.059" level="INFO">Typing text 'rahulshetty' into text field 'username'.</msg>
<status status="PASS" starttime="20220313 22:25:59.058" endtime="20220313 22:25:59.376"/>
</kw>
<kw name="Input Password" library="SeleniumLibrary">
<arg>password</arg>
<arg>${password}</arg>
<doc>Types the given password into the text field identified by ``locator``.</doc>
<msg timestamp="20220313 22:25:59.378" level="INFO">Typing password into text field 'password'.</msg>
<msg timestamp="20220313 22:25:59.528" level="INFO">Temporally setting log level to: NONE</msg>
<msg timestamp="20220313 22:25:59.637" level="INFO">Log level changed from NONE to INFO.</msg>
<status status="PASS" starttime="20220313 22:25:59.377" endtime="20220313 22:25:59.637"/>
</kw>
<kw name="Click Button" library="SeleniumLibrary">
<arg>signInBtn</arg>
<doc>Clicks the button identified by ``locator``.</doc>
<msg timestamp="20220313 22:25:59.639" level="INFO">Clicking button 'signInBtn'.</msg>
<status status="PASS" starttime="20220313 22:25:59.638" endtime="20220313 22:25:59.756"/>
</kw>
<status status="PASS" starttime="20220313 22:25:59.056" endtime="20220313 22:25:59.757"/>
</kw>
<kw name="wait until it checks and display error message">
<kw name="Wait Until Element Is Visible" library="SeleniumLibrary">
<arg>${Error_Message_Login}</arg>
<arg>20</arg>
<doc>Waits until the element ``locator`` is visible.</doc>
<status status="PASS" starttime="20220313 22:25:59.758" endtime="20220313 22:25:59.795"/>
</kw>
<status status="PASS" starttime="20220313 22:25:59.757" endtime="20220313 22:25:59.796"/>
</kw>
<kw name="verify error message is correct">
<arg>${expectedResult}</arg>
<kw name="Get Text" library="SeleniumLibrary">
<var>${text}</var>
<arg>${Error_Message_Login}</arg>
<doc>Returns the text value of the element identified by ``locator``.</doc>
<msg timestamp="20220313 22:25:59.836" level="INFO">${text} = Empty username/password.</msg>
<status status="PASS" starttime="20220313 22:25:59.799" endtime="20220313 22:25:59.836"/>
</kw>
<kw name="Log" library="BuiltIn">
<arg>${text}</arg>
<doc>Logs the given message with the given level.</doc>
<msg timestamp="20220313 22:25:59.838" level="INFO">Empty username/password.</msg>
<status status="PASS" starttime="20220313 22:25:59.837" endtime="20220313 22:25:59.838"/>
</kw>
<kw name="Should Be Equal As Strings" library="BuiltIn">
<arg>${text}</arg>
<arg>${expectedResult}</arg>
<doc>Fails if objects are unequal after converting them to strings.</doc>
<status status="PASS" starttime="20220313 22:25:59.839" endtime="20220313 22:25:59.840"/>
</kw>
<kw name="Element Text Should Be" library="SeleniumLibrary">
<arg>${Error_Message_Login}</arg>
<arg>${expectedResult}</arg>
<doc>Verifies that element ``locator`` contains exact the text ``expected``.</doc>
<msg timestamp="20220313 22:25:59.841" level="INFO">Verifying element 'class:alert-danger' contains exact text 'Empty username/password.'.</msg>
<status status="PASS" starttime="20220313 22:25:59.840" endtime="20220313 22:25:59.871"/>
</kw>
<status status="PASS" starttime="20220313 22:25:59.796" endtime="20220313 22:25:59.872"/>
</kw>
<status status="PASS" starttime="20220313 22:25:59.053" endtime="20220313 22:25:59.873"/>
</kw>
<status status="PASS" starttime="20220313 22:25:58.660" endtime="20220313 22:25:59.873"/>
</test>
<kw name="close the app browser" library="Common" type="TEARDOWN">
<kw name="Close Browser" library="SeleniumLibrary">
<doc>Closes the current browser.</doc>
<status status="PASS" starttime="20220313 22:25:59.876" endtime="20220313 22:26:02.893"/>
</kw>
<status status="PASS" starttime="20220313 22:25:59.876" endtime="20220313 22:26:02.894"/>
</kw>
<doc>To validate the Login form</doc>
<status status="PASS" starttime="20220313 22:25:29.564" endtime="20220313 22:26:02.894"/>
</suite>
<status status="PASS" starttime="20220313 22:25:29.523" endtime="20220313 22:26:02.902"/>
</suite>
<statistics>
<total>
<stat pass="6" fail="0" skip="0">All Tests</stat>
</total>
<tag>
</tag>
<suite>
<stat pass="6" fail="0" skip="0" id="s1" name="Tests">Tests</stat>
<stat pass="6" fail="0" skip="0" id="s1-s1" name="DemoTest3">Tests.DemoTest3</stat>
</suite>
</statistics>
<errors>
</errors>
</robot>
