<?xml version="1.0" encoding="UTF-8"?>
<robot generator="Robot 4.1.3 (Python 3.8.2 on win32)" generated="20220313 22:26:05.646" rpa="false" schemaversion="2">
<suite id="s1" name="Tests" source="D:\workspace_python\RahulUdemy\Tests">
<suite id="s1-s1" name="DemoTest9" source="D:\workspace_python\RahulUdemy\Tests\DemoTest9.robot">
<kw name="open the app browser" library="Common" type="SETUP">
<kw name="Open Browser" library="SeleniumLibrary">
<arg>about:blank</arg>
<arg>${browser_name}</arg>
<doc>Opens a new browser instance to the optional ``url``.</doc>
<msg timestamp="20220313 22:26:06.410" level="INFO">Opening browser 'chrome' to base url 'about:blank'.</msg>
<status status="PASS" starttime="20220313 22:26:06.408" endtime="20220313 22:26:10.441"/>
</kw>
<kw name="Maximize Browser Window" library="SeleniumLibrary">
<doc>Maximizes current browser window.</doc>
<status status="PASS" starttime="20220313 22:26:10.442" endtime="20220313 22:26:10.646"/>
</kw>
<status status="PASS" starttime="20220313 22:26:06.403" endtime="20220313 22:26:10.647"/>
</kw>
<test id="s1-s1-t1" name="Invalid username">
<kw name="open login page" library="Common" type="SETUP">
<kw name="Go To" library="SeleniumLibrary">
<arg>${url}</arg>
<doc>Navigates the current browser window to the provided ``url``.</doc>
<msg timestamp="20220313 22:26:10.653" level="INFO">Opening url 'https://rahulshettyacademy.com/loginpagePractise/'</msg>
<status status="PASS" starttime="20220313 22:26:10.651" endtime="20220313 22:26:12.297"/>
</kw>
<status status="PASS" starttime="20220313 22:26:10.649" endtime="20220313 22:26:12.299"/>
</kw>
<kw name="Validate UnSuccesful Login">
<arg>dsahed</arg>
<arg>learning</arg>
<kw name="Fill the login Form">
<arg>${username}</arg>
<arg>${password}</arg>
<kw name="Input Text" library="SeleniumLibrary">
<arg>id:username</arg>
<arg>${username}</arg>
<doc>Types the given ``text`` into the text field identified by ``locator``.</doc>
<msg timestamp="20220313 22:26:12.307" level="INFO">Typing text 'dsahed' into text field 'id:username'.</msg>
<status status="PASS" starttime="20220313 22:26:12.305" endtime="20220313 22:26:12.661"/>
</kw>
<kw name="Input Password" library="SeleniumLibrary">
<arg>id:password</arg>
<arg>${password}</arg>
<doc>Types the given password into the text field identified by ``locator``.</doc>
<msg timestamp="20220313 22:26:12.663" level="INFO">Typing password into text field 'id:password'.</msg>
<msg timestamp="20220313 22:26:12.760" level="INFO">Temporally setting log level to: NONE</msg>
<msg timestamp="20220313 22:26:12.895" level="INFO">Log level changed from NONE to INFO.</msg>
<status status="PASS" starttime="20220313 22:26:12.662" endtime="20220313 22:26:12.895"/>
</kw>
<kw name="Click Button" library="SeleniumLibrary">
<arg>signInBtn</arg>
<doc>Clicks the button identified by ``locator``.</doc>
<msg timestamp="20220313 22:26:12.897" level="INFO">Clicking button 'signInBtn'.</msg>
<status status="PASS" starttime="20220313 22:26:12.896" endtime="20220313 22:26:13.097"/>
</kw>
<status status="PASS" starttime="20220313 22:26:12.302" endtime="20220313 22:26:13.099"/>
</kw>
<kw name="wait until it checks and display error message">
<kw name="Wait Until Element Is Visible" library="SeleniumLibrary">
<arg>${Error_Message_Login}</arg>
<doc>Waits until the element ``locator`` is visible.</doc>
<status status="PASS" starttime="20220313 22:26:13.101" endtime="20220313 22:26:15.201"/>
</kw>
<status status="PASS" starttime="20220313 22:26:13.099" endtime="20220313 22:26:15.202"/>
</kw>
<kw name="verify error message is correct">
<kw name="Get Text" library="SeleniumLibrary">
<var>${result}</var>
<arg>${Error_Message_Login}</arg>
<doc>Returns the text value of the element identified by ``locator``.</doc>
<msg timestamp="20220313 22:26:15.248" level="INFO">${result} = Incorrect username/password.</msg>
<status status="PASS" starttime="20220313 22:26:15.205" endtime="20220313 22:26:15.248"/>
</kw>
<kw name="Should Be Equal As Strings" library="BuiltIn">
<arg>${result}</arg>
<arg>Incorrect username/password.</arg>
<doc>Fails if objects are unequal after converting them to strings.</doc>
<status status="PASS" starttime="20220313 22:26:15.249" endtime="20220313 22:26:15.251"/>
</kw>
<kw name="Element Text Should Be" library="SeleniumLibrary">
<arg>${Error_Message_Login}</arg>
<arg>Incorrect username/password.</arg>
<doc>Verifies that element ``locator`` contains exact the text ``expected``.</doc>
<msg timestamp="20220313 22:26:15.253" level="INFO">Verifying element 'css:.alert-danger' contains exact text 'Incorrect username/password.'.</msg>
<status status="PASS" starttime="20220313 22:26:15.251" endtime="20220313 22:26:15.280"/>
</kw>
<status status="PASS" starttime="20220313 22:26:15.203" endtime="20220313 22:26:15.282"/>
</kw>
<status status="PASS" starttime="20220313 22:26:12.300" endtime="20220313 22:26:15.282"/>
</kw>
<status status="PASS" starttime="20220313 22:26:10.648" endtime="20220313 22:26:15.283"/>
</test>
<test id="s1-s1-t2" name="Invalid password">
<kw name="open login page" library="Common" type="SETUP">
<kw name="Go To" library="SeleniumLibrary">
<arg>${url}</arg>
<doc>Navigates the current browser window to the provided ``url``.</doc>
<msg timestamp="20220313 22:26:15.290" level="INFO">Opening url 'https://rahulshettyacademy.com/loginpagePractise/'</msg>
<status status="PASS" starttime="20220313 22:26:15.289" endtime="20220313 22:26:15.811"/>
</kw>
<status status="PASS" starttime="20220313 22:26:15.287" endtime="20220313 22:26:15.812"/>
</kw>
<kw name="Validate UnSuccesful Login">
<arg>rahulshetty</arg>
<arg>ploudfg</arg>
<kw name="Fill the login Form">
<arg>${username}</arg>
<arg>${password}</arg>
<kw name="Input Text" library="SeleniumLibrary">
<arg>id:username</arg>
<arg>${username}</arg>
<doc>Types the given ``text`` into the text field identified by ``locator``.</doc>
<msg timestamp="20220313 22:26:15.817" level="INFO">Typing text 'rahulshetty' into text field 'id:username'.</msg>
<status status="PASS" starttime="20220313 22:26:15.815" endtime="20220313 22:26:15.974"/>
</kw>
<kw name="Input Password" library="SeleniumLibrary">
<arg>id:password</arg>
<arg>${password}</arg>
<doc>Types the given password into the text field identified by ``locator``.</doc>
<msg timestamp="20220313 22:26:15.976" level="INFO">Typing password into text field 'id:password'.</msg>
<msg timestamp="20220313 22:26:16.040" level="INFO">Temporally setting log level to: NONE</msg>
<msg timestamp="20220313 22:26:16.127" level="INFO">Log level changed from NONE to INFO.</msg>
<status status="PASS" starttime="20220313 22:26:15.975" endtime="20220313 22:26:16.127"/>
</kw>
<kw name="Click Button" library="SeleniumLibrary">
<arg>signInBtn</arg>
<doc>Clicks the button identified by ``locator``.</doc>
<msg timestamp="20220313 22:26:16.128" level="INFO">Clicking button 'signInBtn'.</msg>
<status status="PASS" starttime="20220313 22:26:16.128" endtime="20220313 22:26:16.228"/>
</kw>
<status status="PASS" starttime="20220313 22:26:15.813" endtime="20220313 22:26:16.228"/>
</kw>
<kw name="wait until it checks and display error message">
<kw name="Wait Until Element Is Visible" library="SeleniumLibrary">
<arg>${Error_Message_Login}</arg>
<doc>Waits until the element ``locator`` is visible.</doc>
<status status="PASS" starttime="20220313 22:26:16.230" endtime="20220313 22:26:18.395"/>
</kw>
<status status="PASS" starttime="20220313 22:26:16.229" endtime="20220313 22:26:18.396"/>
</kw>
<kw name="verify error message is correct">
<kw name="Get Text" library="SeleniumLibrary">
<var>${result}</var>
<arg>${Error_Message_Login}</arg>
<doc>Returns the text value of the element identified by ``locator``.</doc>
<msg timestamp="20220313 22:26:18.441" level="INFO">${result} = Incorrect username/password.</msg>
<status status="PASS" starttime="20220313 22:26:18.398" endtime="20220313 22:26:18.441"/>
</kw>
<kw name="Should Be Equal As Strings" library="BuiltIn">
<arg>${result}</arg>
<arg>Incorrect username/password.</arg>
<doc>Fails if objects are unequal after converting them to strings.</doc>
<status status="PASS" starttime="20220313 22:26:18.441" endtime="20220313 22:26:18.442"/>
</kw>
<kw name="Element Text Should Be" library="SeleniumLibrary">
<arg>${Error_Message_Login}</arg>
<arg>Incorrect username/password.</arg>
<doc>Verifies that element ``locator`` contains exact the text ``expected``.</doc>
<msg timestamp="20220313 22:26:18.443" level="INFO">Verifying element 'css:.alert-danger' contains exact text 'Incorrect username/password.'.</msg>
<status status="PASS" starttime="20220313 22:26:18.442" endtime="20220313 22:26:18.467"/>
</kw>
<status status="PASS" starttime="20220313 22:26:18.396" endtime="20220313 22:26:18.468"/>
</kw>
<status status="PASS" starttime="20220313 22:26:15.812" endtime="20220313 22:26:18.469"/>
</kw>
<status status="PASS" starttime="20220313 22:26:15.286" endtime="20220313 22:26:18.470"/>
</test>
<test id="s1-s1-t3" name="special characters">
<kw name="open login page" library="Common" type="SETUP">
<kw name="Go To" library="SeleniumLibrary">
<arg>${url}</arg>
<doc>Navigates the current browser window to the provided ``url``.</doc>
<msg timestamp="20220313 22:26:18.473" level="INFO">Opening url 'https://rahulshettyacademy.com/loginpagePractise/'</msg>
<status status="PASS" starttime="20220313 22:26:18.473" endtime="20220313 22:26:18.694"/>
</kw>
<status status="PASS" starttime="20220313 22:26:18.472" endtime="20220313 22:26:18.695"/>
</kw>
<kw name="Validate UnSuccesful Login">
<arg>@#$</arg>
<arg>learning</arg>
<kw name="Fill the login Form">
<arg>${username}</arg>
<arg>${password}</arg>
<kw name="Input Text" library="SeleniumLibrary">
<arg>id:username</arg>
<arg>${username}</arg>
<doc>Types the given ``text`` into the text field identified by ``locator``.</doc>
<msg timestamp="20220313 22:26:18.700" level="INFO">Typing text '@#$' into text field 'id:username'.</msg>
<status status="PASS" starttime="20220313 22:26:18.698" endtime="20220313 22:26:18.847"/>
</kw>
<kw name="Input Password" library="SeleniumLibrary">
<arg>id:password</arg>
<arg>${password}</arg>
<doc>Types the given password into the text field identified by ``locator``.</doc>
<msg timestamp="20220313 22:26:18.849" level="INFO">Typing password into text field 'id:password'.</msg>
<msg timestamp="20220313 22:26:18.925" level="INFO">Temporally setting log level to: NONE</msg>
<msg timestamp="20220313 22:26:19.027" level="INFO">Log level changed from NONE to INFO.</msg>
<status status="PASS" starttime="20220313 22:26:18.848" endtime="20220313 22:26:19.027"/>
</kw>
<kw name="Click Button" library="SeleniumLibrary">
<arg>signInBtn</arg>
<doc>Clicks the button identified by ``locator``.</doc>
<msg timestamp="20220313 22:26:19.029" level="INFO">Clicking button 'signInBtn'.</msg>
<status status="PASS" starttime="20220313 22:26:19.028" endtime="20220313 22:26:19.122"/>
</kw>
<status status="PASS" starttime="20220313 22:26:18.696" endtime="20220313 22:26:19.123"/>
</kw>
<kw name="wait until it checks and display error message">
<kw name="Wait Until Element Is Visible" library="SeleniumLibrary">
<arg>${Error_Message_Login}</arg>
<doc>Waits until the element ``locator`` is visible.</doc>
<status status="PASS" starttime="20220313 22:26:19.125" endtime="20220313 22:26:21.247"/>
</kw>
<status status="PASS" starttime="20220313 22:26:19.123" endtime="20220313 22:26:21.248"/>
</kw>
<kw name="verify error message is correct">
<kw name="Get Text" library="SeleniumLibrary">
<var>${result}</var>
<arg>${Error_Message_Login}</arg>
<doc>Returns the text value of the element identified by ``locator``.</doc>
<msg timestamp="20220313 22:26:21.301" level="INFO">${result} = Incorrect username/password.</msg>
<status status="PASS" starttime="20220313 22:26:21.250" endtime="20220313 22:26:21.302"/>
</kw>
<kw name="Should Be Equal As Strings" library="BuiltIn">
<arg>${result}</arg>
<arg>Incorrect username/password.</arg>
<doc>Fails if objects are unequal after converting them to strings.</doc>
<status status="PASS" starttime="20220313 22:26:21.302" endtime="20220313 22:26:21.304"/>
</kw>
<kw name="Element Text Should Be" library="SeleniumLibrary">
<arg>${Error_Message_Login}</arg>
<arg>Incorrect username/password.</arg>
<doc>Verifies that element ``locator`` contains exact the text ``expected``.</doc>
<msg timestamp="20220313 22:26:21.305" level="INFO">Verifying element 'css:.alert-danger' contains exact text 'Incorrect username/password.'.</msg>
<status status="PASS" starttime="20220313 22:26:21.304" endtime="20220313 22:26:21.332"/>
</kw>
<status status="PASS" starttime="20220313 22:26:21.249" endtime="20220313 22:26:21.332"/>
</kw>
<status status="PASS" starttime="20220313 22:26:18.695" endtime="20220313 22:26:21.333"/>
</kw>
<status status="PASS" starttime="20220313 22:26:18.471" endtime="20220313 22:26:21.334"/>
</test>
<kw name="close the app browser" library="Common" type="TEARDOWN">
<kw name="Close Browser" library="SeleniumLibrary">
<doc>Closes the current browser.</doc>
<status status="PASS" starttime="20220313 22:26:21.338" endtime="20220313 22:26:24.543"/>
</kw>
<status status="PASS" starttime="20220313 22:26:21.337" endtime="20220313 22:26:24.544"/>
</kw>
<doc>To validate the Login form</doc>
<status status="PASS" starttime="20220313 22:26:05.742" endtime="20220313 22:26:24.544"/>
</suite>
<status status="PASS" starttime="20220313 22:26:05.676" endtime="20220313 22:26:24.550"/>
</suite>
<statistics>
<total>
<stat pass="3" fail="0" skip="0">All Tests</stat>
</total>
<tag>
</tag>
<suite>
<stat pass="3" fail="0" skip="0" id="s1" name="Tests">Tests</stat>
<stat pass="3" fail="0" skip="0" id="s1-s1" name="DemoTest9">Tests.DemoTest9</stat>
</suite>
</statistics>
<errors>
</errors>
</robot>
