<?xml version="1.0" encoding="UTF-8"?>
<robot generator="Robot 4.1.3 (Python 3.8.2 on win32)" generated="20220313 22:26:04.212" rpa="false" schemaversion="2">
<suite id="s1" name="Tests" source="D:\workspace_python\RahulUdemy\Tests">
<suite id="s1-s1" name="DemoTest7" source="D:\workspace_python\RahulUdemy\Tests\DemoTest7.robot">
<kw name="open the app browser" library="Common" type="SETUP">
<kw name="Open Browser" library="SeleniumLibrary">
<arg>about:blank</arg>
<arg>${browser_name}</arg>
<doc>Opens a new browser instance to the optional ``url``.</doc>
<msg timestamp="20220313 22:26:05.043" level="INFO">Opening browser 'chrome' to base url 'about:blank'.</msg>
<status status="PASS" starttime="20220313 22:26:05.042" endtime="20220313 22:26:08.055"/>
</kw>
<kw name="Maximize Browser Window" library="SeleniumLibrary">
<doc>Maximizes current browser window.</doc>
<status status="PASS" starttime="20220313 22:26:08.055" endtime="20220313 22:26:08.624"/>
</kw>
<status status="PASS" starttime="20220313 22:26:05.041" endtime="20220313 22:26:08.625"/>
</kw>
<test id="s1-s1-t1" name="Validate UnSuccesful Login">
<kw name="open login page" library="Common" type="SETUP">
<kw name="Go To" library="SeleniumLibrary">
<arg>${url}</arg>
<doc>Navigates the current browser window to the provided ``url``.</doc>
<msg timestamp="20220313 22:26:08.628" level="INFO">Opening url 'https://rahulshettyacademy.com/loginpagePractise/'</msg>
<status status="PASS" starttime="20220313 22:26:08.627" endtime="20220313 22:26:11.456"/>
</kw>
<status status="PASS" starttime="20220313 22:26:08.626" endtime="20220313 22:26:11.457"/>
</kw>
<kw name="Fill the login form">
<arg>${username}</arg>
<arg>${invalid_password}</arg>
<kw name="Input Text" library="SeleniumLibrary">
<arg>username</arg>
<arg>${username}</arg>
<doc>Types the given ``text`` into the text field identified by ``locator``.</doc>
<msg timestamp="20220313 22:26:11.461" level="INFO">Typing text 'rahulshettyacademy' into text field 'username'.</msg>
<status status="PASS" starttime="20220313 22:26:11.459" endtime="20220313 22:26:11.840"/>
</kw>
<kw name="Input Password" library="SeleniumLibrary">
<arg>password</arg>
<arg>${password}</arg>
<doc>Types the given password into the text field identified by ``locator``.</doc>
<msg timestamp="20220313 22:26:11.841" level="INFO">Typing password into text field 'password'.</msg>
<msg timestamp="20220313 22:26:11.962" level="INFO">Temporally setting log level to: NONE</msg>
<msg timestamp="20220313 22:26:12.074" level="INFO">Log level changed from NONE to INFO.</msg>
<status status="PASS" starttime="20220313 22:26:11.840" endtime="20220313 22:26:12.074"/>
</kw>
<kw name="Click Button" library="SeleniumLibrary">
<arg>signInBtn</arg>
<doc>Clicks the button identified by ``locator``.</doc>
<msg timestamp="20220313 22:26:12.075" level="INFO">Clicking button 'signInBtn'.</msg>
<status status="PASS" starttime="20220313 22:26:12.074" endtime="20220313 22:26:12.195"/>
</kw>
<status status="PASS" starttime="20220313 22:26:11.457" endtime="20220313 22:26:12.196"/>
</kw>
<kw name="wait until Element is located in the page">
<arg>${Error_Message_Login_Element}</arg>
<kw name="Wait Until Element Is Visible" library="SeleniumLibrary">
<arg>${element}</arg>
<doc>Waits until the element ``locator`` is visible.</doc>
<status status="PASS" starttime="20220313 22:26:12.199" endtime="20220313 22:26:14.297"/>
</kw>
<status status="PASS" starttime="20220313 22:26:12.196" endtime="20220313 22:26:14.298"/>
</kw>
<kw name="Verify error message is correct">
<kw name="Get Text" library="SeleniumLibrary">
<var>${result}</var>
<arg>${Error_Message_Login_Element}</arg>
<doc>Returns the text value of the element identified by ``locator``.</doc>
<msg timestamp="20220313 22:26:14.380" level="INFO">${result} = Incorrect username/password.</msg>
<status status="PASS" starttime="20220313 22:26:14.301" endtime="20220313 22:26:14.380"/>
</kw>
<kw name="Should Be Equal As Strings" library="BuiltIn">
<arg>${result}</arg>
<arg>${Error_Message_Login_Text}</arg>
<doc>Fails if objects are unequal after converting them to strings.</doc>
<status status="PASS" starttime="20220313 22:26:14.382" endtime="20220313 22:26:14.383"/>
</kw>
<kw name="Element Text Should Be" library="SeleniumLibrary">
<arg>${Error_Message_Login_Element}</arg>
<arg>${Error_Message_Login_Text}</arg>
<doc>Verifies that element ``locator`` contains exact the text ``expected``.</doc>
<msg timestamp="20220313 22:26:14.387" level="INFO">Verifying element 'xpath://div[@class='alert alert-danger col-md-12']' contains exact text 'Incorrect username/password.'.</msg>
<status status="PASS" starttime="20220313 22:26:14.384" endtime="20220313 22:26:14.430"/>
</kw>
<status status="PASS" starttime="20220313 22:26:14.299" endtime="20220313 22:26:14.430"/>
</kw>
<tag>Smoke</tag>
<status status="PASS" starttime="20220313 22:26:08.625" endtime="20220313 22:26:14.432"/>
</test>
<test id="s1-s1-t2" name="Validate Cards display in the Shopping Page">
<kw name="open login page" library="Common" type="SETUP">
<kw name="Go To" library="SeleniumLibrary">
<arg>${url}</arg>
<doc>Navigates the current browser window to the provided ``url``.</doc>
<msg timestamp="20220313 22:26:14.437" level="INFO">Opening url 'https://rahulshettyacademy.com/loginpagePractise/'</msg>
<status status="PASS" starttime="20220313 22:26:14.436" endtime="20220313 22:26:14.737"/>
</kw>
<status status="PASS" starttime="20220313 22:26:14.435" endtime="20220313 22:26:14.738"/>
</kw>
<kw name="Fill the login form">
<arg>${username}</arg>
<arg>${valid_password}</arg>
<kw name="Input Text" library="SeleniumLibrary">
<arg>username</arg>
<arg>${username}</arg>
<doc>Types the given ``text`` into the text field identified by ``locator``.</doc>
<msg timestamp="20220313 22:26:14.742" level="INFO">Typing text 'rahulshettyacademy' into text field 'username'.</msg>
<status status="PASS" starttime="20220313 22:26:14.741" endtime="20220313 22:26:15.154"/>
</kw>
<kw name="Input Password" library="SeleniumLibrary">
<arg>password</arg>
<arg>${password}</arg>
<doc>Types the given password into the text field identified by ``locator``.</doc>
<msg timestamp="20220313 22:26:15.156" level="INFO">Typing password into text field 'password'.</msg>
<msg timestamp="20220313 22:26:15.236" level="INFO">Temporally setting log level to: NONE</msg>
<msg timestamp="20220313 22:26:15.342" level="INFO">Log level changed from NONE to INFO.</msg>
<status status="PASS" starttime="20220313 22:26:15.155" endtime="20220313 22:26:15.342"/>
</kw>
<kw name="Click Button" library="SeleniumLibrary">
<arg>signInBtn</arg>
<doc>Clicks the button identified by ``locator``.</doc>
<msg timestamp="20220313 22:26:15.344" level="INFO">Clicking button 'signInBtn'.</msg>
<status status="PASS" starttime="20220313 22:26:15.343" endtime="20220313 22:26:15.522"/>
</kw>
<status status="PASS" starttime="20220313 22:26:14.739" endtime="20220313 22:26:15.523"/>
</kw>
<kw name="Wait Until Element Is Visible" library="SeleniumLibrary">
<arg>${Shop_Page_Load_Element}</arg>
<doc>Waits until the element ``locator`` is visible.</doc>
<status status="PASS" starttime="20220313 22:26:15.525" endtime="20220313 22:26:34.707"/>
</kw>
<kw name="Verify Card titles in the Shop page">
<kw name="Create List" library="BuiltIn">
<var>@{expectedList}</var>
<arg>iphone X</arg>
<arg>Samsung Note 8</arg>
<arg>Nokia Edge</arg>
<arg>Blackberry</arg>
<doc>Returns a list containing given items.</doc>
<msg timestamp="20220313 22:26:34.708" level="INFO">@{expectedList} = [ iphone X | Samsung Note 8 | Nokia Edge | Blackberry ]</msg>
<status status="PASS" starttime="20220313 22:26:34.708" endtime="20220313 22:26:34.708"/>
</kw>
<kw name="Get WebElements" library="SeleniumLibrary">
<var>@{elements}</var>
<arg>xpath://h4[@class='card-title']</arg>
<doc>Returns a list of WebElement objects matching the ``locator``.</doc>
<msg timestamp="20220313 22:26:34.718" level="INFO">@{elements} = [ &lt;selenium.webdriver.remote.webelement.WebElement (session="13f897d7c426d1f6dbaa2181157fee14", element="f4a2eba0-f4b2-4c51-bdcd-50bf964e775b")&gt; | &lt;selenium.webdriver.remote.webelement.WebElement (ses...</msg>
<status status="PASS" starttime="20220313 22:26:34.708" endtime="20220313 22:26:34.718"/>
</kw>
<kw name="Create List" library="BuiltIn">
<var>@{actualList}</var>
<doc>Returns a list containing given items.</doc>
<msg timestamp="20220313 22:26:34.719" level="INFO">@{actualList} = [ ]</msg>
<status status="PASS" starttime="20220313 22:26:34.719" endtime="20220313 22:26:34.719"/>
</kw>
<for flavor="IN">
<var>${element}</var>
<value>@{elements}</value>
<iter>
<var name="${element}">&lt;selenium.webdriver.remote.webelement.WebElement (session="13f897d7c426d1f6dbaa2181157fee14", element="f4a2eba0-f4b2-4c51-bdcd-50bf964e775b")&gt;</var>
<kw name="Get Text" library="SeleniumLibrary">
<var>${element_text}</var>
<arg>${element}</arg>
<doc>Returns the text value of the element identified by ``locator``.</doc>
<msg timestamp="20220313 22:26:34.730" level="INFO">${element_text} = iphone X</msg>
<status status="PASS" starttime="20220313 22:26:34.720" endtime="20220313 22:26:34.730"/>
</kw>
<kw name="Log" library="BuiltIn">
<arg>${element_text}</arg>
<doc>Logs the given message with the given level.</doc>
<msg timestamp="20220313 22:26:34.731" level="INFO">iphone X</msg>
<status status="PASS" starttime="20220313 22:26:34.731" endtime="20220313 22:26:34.731"/>
</kw>
<kw name="Append To List" library="Collections">
<arg>${actualList}</arg>
<arg>${element_text}</arg>
<doc>Adds ``values`` to the end of ``list``.</doc>
<status status="PASS" starttime="20220313 22:26:34.731" endtime="20220313 22:26:34.732"/>
</kw>
<status status="PASS" starttime="20220313 22:26:34.719" endtime="20220313 22:26:34.732"/>
</iter>
<iter>
<var name="${element}">&lt;selenium.webdriver.remote.webelement.WebElement (session="13f897d7c426d1f6dbaa2181157fee14", element="f4675678-2a2e-4e50-87e8-f027e06ab14f")&gt;</var>
<kw name="Get Text" library="SeleniumLibrary">
<var>${element_text}</var>
<arg>${element}</arg>
<doc>Returns the text value of the element identified by ``locator``.</doc>
<msg timestamp="20220313 22:26:34.743" level="INFO">${element_text} = Samsung Note 8</msg>
<status status="PASS" starttime="20220313 22:26:34.733" endtime="20220313 22:26:34.743"/>
</kw>
<kw name="Log" library="BuiltIn">
<arg>${element_text}</arg>
<doc>Logs the given message with the given level.</doc>
<msg timestamp="20220313 22:26:34.744" level="INFO">Samsung Note 8</msg>
<status status="PASS" starttime="20220313 22:26:34.743" endtime="20220313 22:26:34.744"/>
</kw>
<kw name="Append To List" library="Collections">
<arg>${actualList}</arg>
<arg>${element_text}</arg>
<doc>Adds ``values`` to the end of ``list``.</doc>
<status status="PASS" starttime="20220313 22:26:34.744" endtime="20220313 22:26:34.744"/>
</kw>
<status status="PASS" starttime="20220313 22:26:34.732" endtime="20220313 22:26:34.744"/>
</iter>
<iter>
<var name="${element}">&lt;selenium.webdriver.remote.webelement.WebElement (session="13f897d7c426d1f6dbaa2181157fee14", element="24a9fcc2-0842-4bdd-9307-54cce7557d5d")&gt;</var>
<kw name="Get Text" library="SeleniumLibrary">
<var>${element_text}</var>
<arg>${element}</arg>
<doc>Returns the text value of the element identified by ``locator``.</doc>
<msg timestamp="20220313 22:26:34.756" level="INFO">${element_text} = Nokia Edge</msg>
<status status="PASS" starttime="20220313 22:26:34.745" endtime="20220313 22:26:34.756"/>
</kw>
<kw name="Log" library="BuiltIn">
<arg>${element_text}</arg>
<doc>Logs the given message with the given level.</doc>
<msg timestamp="20220313 22:26:34.757" level="INFO">Nokia Edge</msg>
<status status="PASS" starttime="20220313 22:26:34.756" endtime="20220313 22:26:34.757"/>
</kw>
<kw name="Append To List" library="Collections">
<arg>${actualList}</arg>
<arg>${element_text}</arg>
<doc>Adds ``values`` to the end of ``list``.</doc>
<status status="PASS" starttime="20220313 22:26:34.757" endtime="20220313 22:26:34.757"/>
</kw>
<status status="PASS" starttime="20220313 22:26:34.745" endtime="20220313 22:26:34.757"/>
</iter>
<iter>
<var name="${element}">&lt;selenium.webdriver.remote.webelement.WebElement (session="13f897d7c426d1f6dbaa2181157fee14", element="db73f3c3-7066-4a2f-a960-13755f8bf1f3")&gt;</var>
<kw name="Get Text" library="SeleniumLibrary">
<var>${element_text}</var>
<arg>${element}</arg>
<doc>Returns the text value of the element identified by ``locator``.</doc>
<msg timestamp="20220313 22:26:34.768" level="INFO">${element_text} = Blackberry</msg>
<status status="PASS" starttime="20220313 22:26:34.758" endtime="20220313 22:26:34.769"/>
</kw>
<kw name="Log" library="BuiltIn">
<arg>${element_text}</arg>
<doc>Logs the given message with the given level.</doc>
<msg timestamp="20220313 22:26:34.769" level="INFO">Blackberry</msg>
<status status="PASS" starttime="20220313 22:26:34.769" endtime="20220313 22:26:34.769"/>
</kw>
<kw name="Append To List" library="Collections">
<arg>${actualList}</arg>
<arg>${element_text}</arg>
<doc>Adds ``values`` to the end of ``list``.</doc>
<status status="PASS" starttime="20220313 22:26:34.769" endtime="20220313 22:26:34.770"/>
</kw>
<status status="PASS" starttime="20220313 22:26:34.757" endtime="20220313 22:26:34.770"/>
</iter>
<status status="PASS" starttime="20220313 22:26:34.719" endtime="20220313 22:26:34.770"/>
</for>
<kw name="Log" library="BuiltIn">
<arg>${actualList}</arg>
<doc>Logs the given message with the given level.</doc>
<msg timestamp="20220313 22:26:34.770" level="INFO">['iphone X', 'Samsung Note 8', 'Nokia Edge', 'Blackberry']</msg>
<status status="PASS" starttime="20220313 22:26:34.770" endtime="20220313 22:26:34.771"/>
</kw>
<kw name="Lists Should Be Equal" library="Collections">
<arg>${expectedList}</arg>
<arg>${actualList}</arg>
<doc>Fails if given lists are unequal.</doc>
<status status="PASS" starttime="20220313 22:26:34.771" endtime="20220313 22:26:34.771"/>
</kw>
<status status="PASS" starttime="20220313 22:26:34.707" endtime="20220313 22:26:34.771"/>
</kw>
<kw name="Select the Card">
<arg>Nokia Edge</arg>
<kw name="Get WebElements" library="SeleniumLibrary">
<var>@{elements}</var>
<arg>xpath://h4[@class='card-title']</arg>
<doc>Returns a list of WebElement objects matching the ``locator``.</doc>
<msg timestamp="20220313 22:26:34.777" level="INFO">@{elements} = [ &lt;selenium.webdriver.remote.webelement.WebElement (session="13f897d7c426d1f6dbaa2181157fee14", element="f4a2eba0-f4b2-4c51-bdcd-50bf964e775b")&gt; | &lt;selenium.webdriver.remote.webelement.WebElement (ses...</msg>
<status status="PASS" starttime="20220313 22:26:34.772" endtime="20220313 22:26:34.777"/>
</kw>
<kw name="Set Variable" library="BuiltIn">
<var>${index}</var>
<arg>1</arg>
<doc>Returns the given values which can then be assigned to a variables.</doc>
<msg timestamp="20220313 22:26:34.778" level="INFO">${index} = 1</msg>
<status status="PASS" starttime="20220313 22:26:34.777" endtime="20220313 22:26:34.778"/>
</kw>
<for flavor="IN">
<var>${element}</var>
<value>@{elements}</value>
<iter>
<var name="${element}">&lt;selenium.webdriver.remote.webelement.WebElement (session="13f897d7c426d1f6dbaa2181157fee14", element="f4a2eba0-f4b2-4c51-bdcd-50bf964e775b")&gt;</var>
<kw name="Get Text" library="SeleniumLibrary">
<var>${element_text}</var>
<arg>${element}</arg>
<doc>Returns the text value of the element identified by ``locator``.</doc>
<msg timestamp="20220313 22:26:34.785" level="INFO">${element_text} = iphone X</msg>
<status status="PASS" starttime="20220313 22:26:34.778" endtime="20220313 22:26:34.785"/>
</kw>
<kw name="Run Keyword If" library="BuiltIn">
<arg>'${element_text}' == '${cardname}'</arg>
<arg>click button</arg>
<arg>xpath:(//button[@class='btn btn-info'])[${index}]</arg>
<doc>Runs the given keyword with the given arguments, if ``condition`` is true.</doc>
<status status="PASS" starttime="20220313 22:26:34.785" endtime="20220313 22:26:34.786"/>
</kw>
<kw name="Evaluate" library="BuiltIn">
<var>${index}</var>
<arg>${index} + 1</arg>
<doc>Evaluates the given expression in Python and returns the result.</doc>
<msg timestamp="20220313 22:26:34.786" level="INFO">${index} = 2</msg>
<status status="PASS" starttime="20220313 22:26:34.786" endtime="20220313 22:26:34.786"/>
</kw>
<status status="PASS" starttime="20220313 22:26:34.778" endtime="20220313 22:26:34.786"/>
</iter>
<iter>
<var name="${element}">&lt;selenium.webdriver.remote.webelement.WebElement (session="13f897d7c426d1f6dbaa2181157fee14", element="f4675678-2a2e-4e50-87e8-f027e06ab14f")&gt;</var>
<kw name="Get Text" library="SeleniumLibrary">
<var>${element_text}</var>
<arg>${element}</arg>
<doc>Returns the text value of the element identified by ``locator``.</doc>
<msg timestamp="20220313 22:26:34.793" level="INFO">${element_text} = Samsung Note 8</msg>
<status status="PASS" starttime="20220313 22:26:34.787" endtime="20220313 22:26:34.794"/>
</kw>
<kw name="Run Keyword If" library="BuiltIn">
<arg>'${element_text}' == '${cardname}'</arg>
<arg>click button</arg>
<arg>xpath:(//button[@class='btn btn-info'])[${index}]</arg>
<doc>Runs the given keyword with the given arguments, if ``condition`` is true.</doc>
<status status="PASS" starttime="20220313 22:26:34.794" endtime="20220313 22:26:34.794"/>
</kw>
<kw name="Evaluate" library="BuiltIn">
<var>${index}</var>
<arg>${index} + 1</arg>
<doc>Evaluates the given expression in Python and returns the result.</doc>
<msg timestamp="20220313 22:26:34.795" level="INFO">${index} = 3</msg>
<status status="PASS" starttime="20220313 22:26:34.794" endtime="20220313 22:26:34.795"/>
</kw>
<status status="PASS" starttime="20220313 22:26:34.787" endtime="20220313 22:26:34.795"/>
</iter>
<iter>
<var name="${element}">&lt;selenium.webdriver.remote.webelement.WebElement (session="13f897d7c426d1f6dbaa2181157fee14", element="24a9fcc2-0842-4bdd-9307-54cce7557d5d")&gt;</var>
<kw name="Get Text" library="SeleniumLibrary">
<var>${element_text}</var>
<arg>${element}</arg>
<doc>Returns the text value of the element identified by ``locator``.</doc>
<msg timestamp="20220313 22:26:34.802" level="INFO">${element_text} = Nokia Edge</msg>
<status status="PASS" starttime="20220313 22:26:34.795" endtime="20220313 22:26:34.802"/>
</kw>
<kw name="Run Keyword If" library="BuiltIn">
<arg>'${element_text}' == '${cardname}'</arg>
<arg>click button</arg>
<arg>xpath:(//button[@class='btn btn-info'])[${index}]</arg>
<doc>Runs the given keyword with the given arguments, if ``condition`` is true.</doc>
<kw name="Click Button" library="SeleniumLibrary">
<arg>xpath:(//button[@class='btn btn-info'])[${index}]</arg>
<doc>Clicks the button identified by ``locator``.</doc>
<msg timestamp="20220313 22:26:34.803" level="INFO">Clicking button 'xpath:(//button[@class='btn btn-info'])[3]'.</msg>
<status status="PASS" starttime="20220313 22:26:34.803" endtime="20220313 22:26:34.858"/>
</kw>
<status status="PASS" starttime="20220313 22:26:34.802" endtime="20220313 22:26:34.859"/>
</kw>
<kw name="Evaluate" library="BuiltIn">
<var>${index}</var>
<arg>${index} + 1</arg>
<doc>Evaluates the given expression in Python and returns the result.</doc>
<msg timestamp="20220313 22:26:34.860" level="INFO">${index} = 4</msg>
<status status="PASS" starttime="20220313 22:26:34.859" endtime="20220313 22:26:34.860"/>
</kw>
<status status="PASS" starttime="20220313 22:26:34.795" endtime="20220313 22:26:34.860"/>
</iter>
<iter>
<var name="${element}">&lt;selenium.webdriver.remote.webelement.WebElement (session="13f897d7c426d1f6dbaa2181157fee14", element="db73f3c3-7066-4a2f-a960-13755f8bf1f3")&gt;</var>
<kw name="Get Text" library="SeleniumLibrary">
<var>${element_text}</var>
<arg>${element}</arg>
<doc>Returns the text value of the element identified by ``locator``.</doc>
<msg timestamp="20220313 22:26:34.872" level="INFO">${element_text} = Blackberry</msg>
<status status="PASS" starttime="20220313 22:26:34.861" endtime="20220313 22:26:34.872"/>
</kw>
<kw name="Run Keyword If" library="BuiltIn">
<arg>'${element_text}' == '${cardname}'</arg>
<arg>click button</arg>
<arg>xpath:(//button[@class='btn btn-info'])[${index}]</arg>
<doc>Runs the given keyword with the given arguments, if ``condition`` is true.</doc>
<status status="PASS" starttime="20220313 22:26:34.872" endtime="20220313 22:26:34.873"/>
</kw>
<kw name="Evaluate" library="BuiltIn">
<var>${index}</var>
<arg>${index} + 1</arg>
<doc>Evaluates the given expression in Python and returns the result.</doc>
<msg timestamp="20220313 22:26:34.874" level="INFO">${index} = 5</msg>
<status status="PASS" starttime="20220313 22:26:34.873" endtime="20220313 22:26:34.874"/>
</kw>
<status status="PASS" starttime="20220313 22:26:34.860" endtime="20220313 22:26:34.874"/>
</iter>
<status status="PASS" starttime="20220313 22:26:34.778" endtime="20220313 22:26:34.874"/>
</for>
<status status="PASS" starttime="20220313 22:26:34.771" endtime="20220313 22:26:34.875"/>
</kw>
<tag>REGRESSION</tag>
<status status="PASS" starttime="20220313 22:26:14.434" endtime="20220313 22:26:34.875"/>
</test>
<test id="s1-s1-t3" name="Select the Form and navigate to Child window">
<kw name="open login page" library="Common" type="SETUP">
<kw name="Go To" library="SeleniumLibrary">
<arg>${url}</arg>
<doc>Navigates the current browser window to the provided ``url``.</doc>
<msg timestamp="20220313 22:26:34.878" level="INFO">Opening url 'https://rahulshettyacademy.com/loginpagePractise/'</msg>
<status status="PASS" starttime="20220313 22:26:34.877" endtime="20220313 22:26:34.948"/>
</kw>
<status status="PASS" starttime="20220313 22:26:34.877" endtime="20220313 22:26:34.949"/>
</kw>
<kw name="Fill the Login Details and Login Form">
<arg>${user_name}</arg>
<arg>${valid_password}</arg>
<kw name="Input Text" library="SeleniumLibrary">
<arg>username</arg>
<arg>${my_user}</arg>
<doc>Types the given ``text`` into the text field identified by ``locator``.</doc>
<msg timestamp="20220313 22:26:34.952" level="INFO">Typing text 'rahulshettyacademy' into text field 'username'.</msg>
<status status="PASS" starttime="20220313 22:26:34.951" endtime="20220313 22:26:35.040"/>
</kw>
<kw name="Input Password" library="SeleniumLibrary">
<arg>password</arg>
<arg>${my_passwd}</arg>
<doc>Types the given password into the text field identified by ``locator``.</doc>
<msg timestamp="20220313 22:26:35.041" level="INFO">Typing password into text field 'password'.</msg>
<msg timestamp="20220313 22:26:35.072" level="INFO">Temporally setting log level to: NONE</msg>
<msg timestamp="20220313 22:26:35.109" level="INFO">Log level changed from NONE to INFO.</msg>
<status status="PASS" starttime="20220313 22:26:35.040" endtime="20220313 22:26:35.109"/>
</kw>
<kw name="Click Element" library="SeleniumLibrary">
<arg>xpath://input[@value='user']</arg>
<doc>Click the element identified by ``locator``.</doc>
<msg timestamp="20220313 22:26:35.109" level="INFO">Clicking element 'xpath://input[@value='user']'.</msg>
<status status="PASS" starttime="20220313 22:26:35.109" endtime="20220313 22:26:35.149"/>
</kw>
<kw name="Wait Until Element Is Visible" library="SeleniumLibrary">
<arg>xpath://div[@class='modal-body']</arg>
<doc>Waits until the element ``locator`` is visible.</doc>
<status status="PASS" starttime="20220313 22:26:35.150" endtime="20220313 22:26:35.387"/>
</kw>
<kw name="Click Button" library="SeleniumLibrary">
<arg>okayBtn</arg>
<doc>Clicks the button identified by ``locator``.</doc>
<msg timestamp="20220313 22:26:35.387" level="INFO">Clicking button 'okayBtn'.</msg>
<status status="PASS" starttime="20220313 22:26:35.387" endtime="20220313 22:26:35.433"/>
</kw>
<kw name="Click Button" library="SeleniumLibrary">
<arg>okayBtn</arg>
<doc>Clicks the button identified by ``locator``.</doc>
<msg timestamp="20220313 22:26:35.434" level="INFO">Clicking button 'okayBtn'.</msg>
<status status="PASS" starttime="20220313 22:26:35.433" endtime="20220313 22:26:35.463"/>
</kw>
<kw name="Wait Until Element Is Not Visible" library="SeleniumLibrary">
<arg>xpath://div[@class='modal-body']</arg>
<doc>Waits until the element ``locator`` is not visible.</doc>
<status status="PASS" starttime="20220313 22:26:35.463" endtime="20220313 22:26:35.690"/>
</kw>
<kw name="Select From List By Value" library="SeleniumLibrary">
<arg>xpath://select[@class='form-control']</arg>
<arg>consult</arg>
<doc>Selects options from selection list ``locator`` by ``values``.</doc>
<msg timestamp="20220313 22:26:35.691" level="INFO">Selecting options from selection list 'xpath://select[@class='form-control']' by value consult.</msg>
<status status="PASS" starttime="20220313 22:26:35.690" endtime="20220313 22:26:35.744"/>
</kw>
<kw name="Select Checkbox" library="SeleniumLibrary">
<arg>terms</arg>
<doc>Selects the checkbox identified by ``locator``.</doc>
<msg timestamp="20220313 22:26:35.744" level="INFO">Selecting checkbox 'terms'.</msg>
<status status="PASS" starttime="20220313 22:26:35.744" endtime="20220313 22:26:35.802"/>
</kw>
<kw name="Checkbox Should Be Selected" library="SeleniumLibrary">
<arg>terms</arg>
<doc>Verifies checkbox ``locator`` is selected/checked.</doc>
<msg timestamp="20220313 22:26:35.803" level="INFO">Verifying checkbox 'terms' is selected.</msg>
<status status="PASS" starttime="20220313 22:26:35.802" endtime="20220313 22:26:35.813"/>
</kw>
<kw name="Click Element" library="SeleniumLibrary">
<arg>signInBtn</arg>
<doc>Click the element identified by ``locator``.</doc>
<msg timestamp="20220313 22:26:35.813" level="INFO">Clicking element 'signInBtn'.</msg>
<status status="PASS" starttime="20220313 22:26:35.813" endtime="20220313 22:26:35.850"/>
</kw>
<status status="PASS" starttime="20220313 22:26:34.950" endtime="20220313 22:26:35.850"/>
</kw>
<kw name="Wait Until Element Is Visible" library="SeleniumLibrary">
<arg>${Shop_Page_Load_Element}</arg>
<doc>Waits until the element ``locator`` is visible.</doc>
<status status="PASS" starttime="20220313 22:26:35.851" endtime="20220313 22:27:09.560"/>
</kw>
<tag>Current</tag>
<status status="PASS" starttime="20220313 22:26:34.876" endtime="20220313 22:27:09.560"/>
</test>
<kw name="close the app browser" library="Common" type="TEARDOWN">
<kw name="Close Browser" library="SeleniumLibrary">
<doc>Closes the current browser.</doc>
<status status="PASS" starttime="20220313 22:27:09.561" endtime="20220313 22:27:11.682"/>
</kw>
<status status="PASS" starttime="20220313 22:27:09.561" endtime="20220313 22:27:11.682"/>
</kw>
<doc>To validate the Login form</doc>
<status status="PASS" starttime="20220313 22:26:04.313" endtime="20220313 22:27:11.683"/>
</suite>
<status status="PASS" starttime="20220313 22:26:04.240" endtime="20220313 22:27:11.685"/>
</suite>
<statistics>
<total>
<stat pass="3" fail="0" skip="0">All Tests</stat>
</total>
<tag>
<stat pass="1" fail="0" skip="0">Current</stat>
<stat pass="1" fail="0" skip="0">REGRESSION</stat>
<stat pass="1" fail="0" skip="0">Smoke</stat>
</tag>
<suite>
<stat pass="3" fail="0" skip="0" id="s1" name="Tests">Tests</stat>
<stat pass="3" fail="0" skip="0" id="s1-s1" name="DemoTest7">Tests.DemoTest7</stat>
</suite>
</statistics>
<errors>
</errors>
</robot>
