<?xml version="1.0" encoding="UTF-8"?>
<robot generator="Rebot 4.1.3 (Python 3.8.2 on win32)" generated="20220313 22:27:38.882" rpa="false" schemaversion="2">
<suite id="s1" name="Tests" source="D:\workspace_python\RahulUdemy\Tests">
<suite id="s1-s1" name="CustomKeywords" source="D:\workspace_python\RahulUdemy\Tests\CustomKeywords.robot">
<test id="s1-s1-t1" name="Open Store &amp; Login Store With Wrong Credentials">
<kw name="Navigate To Store">
<kw name="Open Browser" library="SeleniumLibrary">
<arg>http://automationpractice.com/</arg>
<arg>browser=chrome</arg>
<doc>Opens a new browser instance to the optional ``url``.</doc>
<msg timestamp="20220313 22:25:30.066" level="INFO">Opening browser 'chrome' to base url 'http://automationpractice.com/'.</msg>
<status status="PASS" starttime="20220313 22:25:30.066" endtime="20220313 22:26:04.687"/>
</kw>
<kw name="Maximize Browser Window" library="SeleniumLibrary">
<doc>Maximizes current browser window.</doc>
<status status="PASS" starttime="20220313 22:26:04.688" endtime="20220313 22:26:04.945"/>
</kw>
<status status="PASS" starttime="20220313 22:25:30.065" endtime="20220313 22:26:04.946"/>
</kw>
<kw name="Verify Page Title Contains Store">
<kw name="Get Title" library="SeleniumLibrary">
<var>${title}</var>
<doc>Returns the title of the current page.</doc>
<msg timestamp="20220313 22:26:04.955" level="INFO">${title} = My Store</msg>
<status status="PASS" starttime="20220313 22:26:04.948" endtime="20220313 22:26:04.955"/>
</kw>
<kw name="Should Be Equal As Strings" library="BuiltIn">
<arg>${title}</arg>
<arg>My Store</arg>
<doc>Fails if objects are unequal after converting them to strings.</doc>
<status status="PASS" starttime="20220313 22:26:04.956" endtime="20220313 22:26:04.957"/>
</kw>
<status status="PASS" starttime="20220313 22:26:04.946" endtime="20220313 22:26:04.958"/>
</kw>
<kw name="Signin With Dummy Email">
<kw name="Click Element" library="SeleniumLibrary">
<arg>//a[contains(text(),'Sign in')]</arg>
<doc>Click the element identified by ``locator``.</doc>
<msg timestamp="20220313 22:26:04.961" level="INFO">Clicking element '//a[contains(text(),'Sign in')]'.</msg>
<status status="PASS" starttime="20220313 22:26:04.960" endtime="20220313 22:26:07.749"/>
</kw>
<kw name="Wait Until Page Contains Element" library="SeleniumLibrary">
<arg>//a[contains(text(), 'Forgot your password')]</arg>
<doc>Waits until the element ``locator`` appears on the current page.</doc>
<status status="PASS" starttime="20220313 22:26:07.750" endtime="20220313 22:26:07.790"/>
</kw>
<kw name="Generate Random Emails" library="CustomLib">
<var>${random_email}</var>
<arg>${10}</arg>
<msg timestamp="20220313 22:26:07.793" level="INFO">${random_email} = mndquttybs@mail.kz</msg>
<status status="PASS" starttime="20220313 22:26:07.791" endtime="20220313 22:26:07.793"/>
</kw>
<kw name="Log" library="BuiltIn">
<arg>${random_email}</arg>
<doc>Logs the given message with the given level.</doc>
<msg timestamp="20220313 22:26:07.795" level="INFO">mndquttybs@mail.kz</msg>
<status status="PASS" starttime="20220313 22:26:07.794" endtime="20220313 22:26:07.795"/>
</kw>
<kw name="Input Text" library="SeleniumLibrary">
<arg>email</arg>
<arg>${random_email}</arg>
<doc>Types the given ``text`` into the text field identified by ``locator``.</doc>
<msg timestamp="20220313 22:26:07.797" level="INFO">Typing text 'mndquttybs@mail.kz' into text field 'email'.</msg>
<status status="PASS" starttime="20220313 22:26:07.795" endtime="20220313 22:26:08.097"/>
</kw>
<kw name="Generate Random Pass" library="CustomLib">
<var>${random_pass}</var>
<arg>${12}</arg>
<msg timestamp="20220313 22:26:08.103" level="INFO">${random_pass} = 8yw0lgi4h7g9</msg>
<status status="PASS" starttime="20220313 22:26:08.101" endtime="20220313 22:26:08.103"/>
</kw>
<kw name="Log" library="BuiltIn">
<arg>${random_pass}</arg>
<doc>Logs the given message with the given level.</doc>
<msg timestamp="20220313 22:26:08.104" level="INFO">8yw0lgi4h7g9</msg>
<status status="PASS" starttime="20220313 22:26:08.103" endtime="20220313 22:26:08.105"/>
</kw>
<kw name="Input Password" library="SeleniumLibrary">
<arg>passwd</arg>
<arg>${random_pass}</arg>
<doc>Types the given password into the text field identified by ``locator``.</doc>
<msg timestamp="20220313 22:26:08.106" level="INFO">Typing password into text field 'passwd'.</msg>
<msg timestamp="20220313 22:26:08.280" level="INFO">Temporally setting log level to: NONE</msg>
<msg timestamp="20220313 22:26:08.461" level="INFO">Log level changed from NONE to INFO.</msg>
<status status="PASS" starttime="20220313 22:26:08.105" endtime="20220313 22:26:08.461"/>
</kw>
<kw name="Click Element" library="SeleniumLibrary">
<arg>SubmitLogin</arg>
<doc>Click the element identified by ``locator``.</doc>
<msg timestamp="20220313 22:26:08.463" level="INFO">Clicking element 'SubmitLogin'.</msg>
<status status="PASS" starttime="20220313 22:26:08.461" endtime="20220313 22:26:10.747"/>
</kw>
<kw name="Wait Until Page Contains" library="SeleniumLibrary">
<arg>Authentication failed.</arg>
<doc>Waits until ``text`` appears on the current page.</doc>
<status status="PASS" starttime="20220313 22:26:10.747" endtime="20220313 22:26:10.840"/>
</kw>
<status status="PASS" starttime="20220313 22:26:04.958" endtime="20220313 22:26:10.840"/>
</kw>
<kw name="Close Browser" library="SeleniumLibrary">
<doc>Closes the current browser.</doc>
<status status="PASS" starttime="20220313 22:26:10.841" endtime="20220313 22:26:16.855"/>
</kw>
<status status="PASS" starttime="20220313 22:25:30.062" endtime="20220313 22:26:16.856"/>
</test>
<doc>My First Custom Keyword Case
This test will try to Signin with Wrong Email</doc>
<status status="PASS" starttime="20220313 22:25:29.563" endtime="20220313 22:26:16.857"/>
</suite>
<suite id="s1-s2" name="DemoTest8" source="D:\workspace_python\RahulUdemy\Tests\DemoTest8.robot">
<kw name="open the app browser" library="Common" type="SETUP">
<kw name="Open Browser" library="SeleniumLibrary">
<arg>about:blank</arg>
<arg>${browser_name}</arg>
<doc>Opens a new browser instance to the optional ``url``.</doc>
<msg timestamp="20220313 22:26:06.326" level="INFO">Opening browser 'chrome' to base url 'about:blank'.</msg>
<status status="PASS" starttime="20220313 22:26:06.324" endtime="20220313 22:26:10.612"/>
</kw>
<kw name="Maximize Browser Window" library="SeleniumLibrary">
<doc>Maximizes current browser window.</doc>
<status status="PASS" starttime="20220313 22:26:10.612" endtime="20220313 22:26:10.901"/>
</kw>
<status status="PASS" starttime="20220313 22:26:06.323" endtime="20220313 22:26:10.902"/>
</kw>
<test id="s1-s2-t1" name="Validate Child window Functionality">
<kw name="open login page" library="Common" type="SETUP">
<kw name="Go To" library="SeleniumLibrary">
<arg>${url}</arg>
<doc>Navigates the current browser window to the provided ``url``.</doc>
<msg timestamp="20220313 22:26:10.908" level="INFO">Opening url 'https://rahulshettyacademy.com/loginpagePractise/'</msg>
<status status="PASS" starttime="20220313 22:26:10.907" endtime="20220313 22:26:12.788"/>
</kw>
<status status="PASS" starttime="20220313 22:26:10.906" endtime="20220313 22:26:12.788"/>
</kw>
<kw name="Select the link of Child window">
<kw name="Click Link" library="SeleniumLibrary">
<arg>Free Access to InterviewQues/ResumeAssistance/Material</arg>
<doc>Clicks a link identified by ``locator``.</doc>
<msg timestamp="20220313 22:26:12.792" level="INFO">Clicking link 'Free Access to InterviewQues/ResumeAssistance/Material'.</msg>
<status status="PASS" starttime="20220313 22:26:12.791" endtime="20220313 22:26:13.330"/>
</kw>
<status status="PASS" starttime="20220313 22:26:12.789" endtime="20220313 22:26:13.330"/>
</kw>
<kw name="Verify the user is Switched to Child window">
<kw name="Switch Window" library="SeleniumLibrary">
<arg>NEW</arg>
<doc>Switches to browser window matching ``locator``.</doc>
<status status="PASS" starttime="20220313 22:26:13.333" endtime="20220313 22:26:13.361"/>
</kw>
<kw name="Wait Until Element Is Visible" library="SeleniumLibrary">
<arg>//h1</arg>
<doc>Waits until the element ``locator`` is visible.</doc>
<status status="PASS" starttime="20220313 22:26:13.361" endtime="20220313 22:26:26.391"/>
</kw>
<kw name="Element Text Should Be" library="SeleniumLibrary">
<arg>//h1</arg>
<arg>DOCUMENTS REQUEST</arg>
<doc>Verifies that element ``locator`` contains exact the text ``expected``.</doc>
<msg timestamp="20220313 22:26:26.392" level="INFO">Verifying element '//h1' contains exact text 'DOCUMENTS REQUEST'.</msg>
<status status="PASS" starttime="20220313 22:26:26.392" endtime="20220313 22:26:26.412"/>
</kw>
<status status="PASS" starttime="20220313 22:26:13.331" endtime="20220313 22:26:26.412"/>
</kw>
<kw name="Grab the Email id in the Child Window">
<kw name="Get Text" library="SeleniumLibrary">
<var>${text}</var>
<arg>css:.red</arg>
<doc>Returns the text value of the element identified by ``locator``.</doc>
<msg timestamp="20220313 22:26:26.440" level="INFO">${text} = Please email us at mentor@rahulshettyacademy.com with below template to receive response</msg>
<status status="PASS" starttime="20220313 22:26:26.413" endtime="20220313 22:26:26.440"/>
</kw>
<kw name="Log" library="BuiltIn">
<arg>${text}</arg>
<doc>Logs the given message with the given level.</doc>
<msg timestamp="20220313 22:26:26.440" level="INFO">Please email us at mentor@rahulshettyacademy.com with below template to receive response</msg>
<status status="PASS" starttime="20220313 22:26:26.440" endtime="20220313 22:26:26.441"/>
</kw>
<kw name="Split String" library="String">
<var>@{words}</var>
<arg>${text}</arg>
<arg>at</arg>
<doc>Splits the ``string`` using ``separator`` as a delimiter string.</doc>
<msg timestamp="20220313 22:26:26.441" level="INFO">@{words} = [ Please email us  |  mentor@rahulshettyacademy.com with below templ | e to receive response ]</msg>
<status status="PASS" starttime="20220313 22:26:26.441" endtime="20220313 22:26:26.441"/>
</kw>
<kw name="Log" library="BuiltIn">
<arg>${words}</arg>
<doc>Logs the given message with the given level.</doc>
<msg timestamp="20220313 22:26:26.442" level="INFO">['Please email us ', ' mentor@rahulshettyacademy.com with below templ', 'e to receive response']</msg>
<status status="PASS" starttime="20220313 22:26:26.442" endtime="20220313 22:26:26.442"/>
</kw>
<kw name="Get From List" library="Collections">
<var>${text_split}</var>
<arg>${words}</arg>
<arg>1</arg>
<doc>Returns the value specified with an ``index`` from ``list``.</doc>
<msg timestamp="20220313 22:26:26.443" level="INFO">${text_split} =  mentor@rahulshettyacademy.com with below templ</msg>
<status status="PASS" starttime="20220313 22:26:26.442" endtime="20220313 22:26:26.443"/>
</kw>
<kw name="Log" library="BuiltIn">
<arg>${text_split}</arg>
<doc>Logs the given message with the given level.</doc>
<msg timestamp="20220313 22:26:26.443" level="INFO"> mentor@rahulshettyacademy.com with below templ</msg>
<status status="PASS" starttime="20220313 22:26:26.443" endtime="20220313 22:26:26.444"/>
</kw>
<kw name="Split String" library="String">
<var>@{words_2}</var>
<arg>${text_split}</arg>
<doc>Splits the ``string`` using ``separator`` as a delimiter string.</doc>
<msg timestamp="20220313 22:26:26.444" level="INFO">@{words_2} = [ mentor@rahulshettyacademy.com | with | below | templ ]</msg>
<status status="PASS" starttime="20220313 22:26:26.444" endtime="20220313 22:26:26.444"/>
</kw>
<kw name="Get From List" library="Collections">
<var>${new_email}</var>
<arg>${words_2}</arg>
<arg>0</arg>
<doc>Returns the value specified with an ``index`` from ``list``.</doc>
<msg timestamp="20220313 22:26:26.445" level="INFO">${new_email} = mentor@rahulshettyacademy.com</msg>
<status status="PASS" starttime="20220313 22:26:26.445" endtime="20220313 22:26:26.445"/>
</kw>
<kw name="Log" library="BuiltIn">
<arg>${new_email}</arg>
<doc>Logs the given message with the given level.</doc>
<msg timestamp="20220313 22:26:26.446" level="INFO">mentor@rahulshettyacademy.com</msg>
<status status="PASS" starttime="20220313 22:26:26.445" endtime="20220313 22:26:26.446"/>
</kw>
<kw name="Set Global Variable" library="BuiltIn">
<arg>${new_email}</arg>
<doc>Makes a variable available globally in all tests and suites.</doc>
<msg timestamp="20220313 22:26:26.447" level="INFO">${new_email} = mentor@rahulshettyacademy.com</msg>
<status status="PASS" starttime="20220313 22:26:26.446" endtime="20220313 22:26:26.447"/>
</kw>
<status status="PASS" starttime="20220313 22:26:26.412" endtime="20220313 22:26:26.447"/>
</kw>
<kw name="Switch to Parent window and enter the Email">
<kw name="Switch Window" library="SeleniumLibrary">
<arg>MAIN</arg>
<doc>Switches to browser window matching ``locator``.</doc>
<status status="PASS" starttime="20220313 22:26:26.448" endtime="20220313 22:26:26.485"/>
</kw>
<kw name="Title Should Be" library="SeleniumLibrary">
<arg>LoginPage Practise | Rahul Shetty Academy</arg>
<doc>Verifies that the current page title equals ``title``.</doc>
<msg timestamp="20220313 22:26:26.495" level="INFO">Page title is 'LoginPage Practise | Rahul Shetty Academy'.</msg>
<status status="PASS" starttime="20220313 22:26:26.486" endtime="20220313 22:26:26.495"/>
</kw>
<status status="PASS" starttime="20220313 22:26:26.447" endtime="20220313 22:26:26.496"/>
</kw>
<kw name="Fill the login form">
<arg>${new_email}</arg>
<arg>${invalid_password}</arg>
<kw name="Input Text" library="SeleniumLibrary">
<arg>username</arg>
<arg>${username}</arg>
<doc>Types the given ``text`` into the text field identified by ``locator``.</doc>
<msg timestamp="20220313 22:26:26.497" level="INFO">Typing text 'mentor@rahulshettyacademy.com' into text field 'username'.</msg>
<status status="PASS" starttime="20220313 22:26:26.497" endtime="20220313 22:26:26.624"/>
</kw>
<kw name="Input Password" library="SeleniumLibrary">
<arg>password</arg>
<arg>${password}</arg>
<doc>Types the given password into the text field identified by ``locator``.</doc>
<msg timestamp="20220313 22:26:26.625" level="INFO">Typing password into text field 'password'.</msg>
<msg timestamp="20220313 22:26:26.669" level="INFO">Temporally setting log level to: NONE</msg>
<msg timestamp="20220313 22:26:26.718" level="INFO">Log level changed from NONE to INFO.</msg>
<status status="PASS" starttime="20220313 22:26:26.624" endtime="20220313 22:26:26.718"/>
</kw>
<kw name="Click Button" library="SeleniumLibrary">
<arg>signInBtn</arg>
<doc>Clicks the button identified by ``locator``.</doc>
<msg timestamp="20220313 22:26:26.719" level="INFO">Clicking button 'signInBtn'.</msg>
<status status="PASS" starttime="20220313 22:26:26.718" endtime="20220313 22:26:26.777"/>
</kw>
<status status="PASS" starttime="20220313 22:26:26.496" endtime="20220313 22:26:26.777"/>
</kw>
<kw name="wait until Element is located in the page">
<arg>${Error_Message_Login_Element}</arg>
<kw name="Wait Until Element Is Visible" library="SeleniumLibrary">
<arg>${element}</arg>
<doc>Waits until the element ``locator`` is visible.</doc>
<status status="PASS" starttime="20220313 22:26:26.778" endtime="20220313 22:26:28.989"/>
</kw>
<status status="PASS" starttime="20220313 22:26:26.777" endtime="20220313 22:26:28.989"/>
</kw>
<kw name="Verify error message is correct">
<kw name="Get Text" library="SeleniumLibrary">
<var>${result}</var>
<arg>${Error_Message_Login_Element}</arg>
<doc>Returns the text value of the element identified by ``locator``.</doc>
<msg timestamp="20220313 22:26:29.007" level="INFO">${result} = Incorrect username/password.</msg>
<status status="PASS" starttime="20220313 22:26:28.990" endtime="20220313 22:26:29.007"/>
</kw>
<kw name="Should Be Equal As Strings" library="BuiltIn">
<arg>${result}</arg>
<arg>${Error_Message_Login_Text}</arg>
<doc>Fails if objects are unequal after converting them to strings.</doc>
<status status="PASS" starttime="20220313 22:26:29.007" endtime="20220313 22:26:29.007"/>
</kw>
<kw name="Element Text Should Be" library="SeleniumLibrary">
<arg>${Error_Message_Login_Element}</arg>
<arg>${Error_Message_Login_Text}</arg>
<doc>Verifies that element ``locator`` contains exact the text ``expected``.</doc>
<msg timestamp="20220313 22:26:29.008" level="INFO">Verifying element 'xpath://div[@class='alert alert-danger col-md-12']' contains exact text 'Incorrect username/password.'.</msg>
<status status="PASS" starttime="20220313 22:26:29.008" endtime="20220313 22:26:29.020"/>
</kw>
<status status="PASS" starttime="20220313 22:26:28.990" endtime="20220313 22:26:29.020"/>
</kw>
<tag>REGRESSION</tag>
<status status="PASS" starttime="20220313 22:26:10.903" endtime="20220313 22:26:29.020"/>
</test>
<kw name="close the app browser" library="Common" type="TEARDOWN">
<kw name="Close Browser" library="SeleniumLibrary">
<doc>Closes the current browser.</doc>
<status status="PASS" starttime="20220313 22:26:29.022" endtime="20220313 22:26:31.173"/>
</kw>
<status status="PASS" starttime="20220313 22:26:29.021" endtime="20220313 22:26:31.173"/>
</kw>
<doc>Validating Login Form</doc>
<status status="PASS" starttime="20220313 22:26:05.674" endtime="20220313 22:26:31.173"/>
</suite>
<suite id="s1-s3" name="DemoTest9" source="D:\workspace_python\RahulUdemy\Tests\DemoTest9.robot">
<kw name="open the app browser" library="Common" type="SETUP">
<kw name="Open Browser" library="SeleniumLibrary">
<arg>about:blank</arg>
<arg>${browser_name}</arg>
<doc>Opens a new browser instance to the optional ``url``.</doc>
<msg timestamp="20220313 22:26:06.410" level="INFO">Opening browser 'chrome' to base url 'about:blank'.</msg>
<status status="PASS" starttime="20220313 22:26:06.408" endtime="20220313 22:26:10.441"/>
</kw>
<kw name="Maximize Browser Window" library="SeleniumLibrary">
<doc>Maximizes current browser window.</doc>
<status status="PASS" starttime="20220313 22:26:10.442" endtime="20220313 22:26:10.646"/>
</kw>
<status status="PASS" starttime="20220313 22:26:06.403" endtime="20220313 22:26:10.647"/>
</kw>
<test id="s1-s3-t1" name="Invalid username">
<kw name="open login page" library="Common" type="SETUP">
<kw name="Go To" library="SeleniumLibrary">
<arg>${url}</arg>
<doc>Navigates the current browser window to the provided ``url``.</doc>
<msg timestamp="20220313 22:26:10.653" level="INFO">Opening url 'https://rahulshettyacademy.com/loginpagePractise/'</msg>
<status status="PASS" starttime="20220313 22:26:10.651" endtime="20220313 22:26:12.297"/>
</kw>
<status status="PASS" starttime="20220313 22:26:10.649" endtime="20220313 22:26:12.299"/>
</kw>
<kw name="Validate UnSuccesful Login">
<arg>dsahed</arg>
<arg>learning</arg>
<kw name="Fill the login Form">
<arg>${username}</arg>
<arg>${password}</arg>
<kw name="Input Text" library="SeleniumLibrary">
<arg>id:username</arg>
<arg>${username}</arg>
<doc>Types the given ``text`` into the text field identified by ``locator``.</doc>
<msg timestamp="20220313 22:26:12.307" level="INFO">Typing text 'dsahed' into text field 'id:username'.</msg>
<status status="PASS" starttime="20220313 22:26:12.305" endtime="20220313 22:26:12.661"/>
</kw>
<kw name="Input Password" library="SeleniumLibrary">
<arg>id:password</arg>
<arg>${password}</arg>
<doc>Types the given password into the text field identified by ``locator``.</doc>
<msg timestamp="20220313 22:26:12.663" level="INFO">Typing password into text field 'id:password'.</msg>
<msg timestamp="20220313 22:26:12.760" level="INFO">Temporally setting log level to: NONE</msg>
<msg timestamp="20220313 22:26:12.895" level="INFO">Log level changed from NONE to INFO.</msg>
<status status="PASS" starttime="20220313 22:26:12.662" endtime="20220313 22:26:12.895"/>
</kw>
<kw name="Click Button" library="SeleniumLibrary">
<arg>signInBtn</arg>
<doc>Clicks the button identified by ``locator``.</doc>
<msg timestamp="20220313 22:26:12.897" level="INFO">Clicking button 'signInBtn'.</msg>
<status status="PASS" starttime="20220313 22:26:12.896" endtime="20220313 22:26:13.097"/>
</kw>
<status status="PASS" starttime="20220313 22:26:12.302" endtime="20220313 22:26:13.099"/>
</kw>
<kw name="wait until it checks and display error message">
<kw name="Wait Until Element Is Visible" library="SeleniumLibrary">
<arg>${Error_Message_Login}</arg>
<doc>Waits until the element ``locator`` is visible.</doc>
<status status="PASS" starttime="20220313 22:26:13.101" endtime="20220313 22:26:15.201"/>
</kw>
<status status="PASS" starttime="20220313 22:26:13.099" endtime="20220313 22:26:15.202"/>
</kw>
<kw name="verify error message is correct">
<kw name="Get Text" library="SeleniumLibrary">
<var>${result}</var>
<arg>${Error_Message_Login}</arg>
<doc>Returns the text value of the element identified by ``locator``.</doc>
<msg timestamp="20220313 22:26:15.248" level="INFO">${result} = Incorrect username/password.</msg>
<status status="PASS" starttime="20220313 22:26:15.205" endtime="20220313 22:26:15.248"/>
</kw>
<kw name="Should Be Equal As Strings" library="BuiltIn">
<arg>${result}</arg>
<arg>Incorrect username/password.</arg>
<doc>Fails if objects are unequal after converting them to strings.</doc>
<status status="PASS" starttime="20220313 22:26:15.249" endtime="20220313 22:26:15.251"/>
</kw>
<kw name="Element Text Should Be" library="SeleniumLibrary">
<arg>${Error_Message_Login}</arg>
<arg>Incorrect username/password.</arg>
<doc>Verifies that element ``locator`` contains exact the text ``expected``.</doc>
<msg timestamp="20220313 22:26:15.253" level="INFO">Verifying element 'css:.alert-danger' contains exact text 'Incorrect username/password.'.</msg>
<status status="PASS" starttime="20220313 22:26:15.251" endtime="20220313 22:26:15.280"/>
</kw>
<status status="PASS" starttime="20220313 22:26:15.203" endtime="20220313 22:26:15.282"/>
</kw>
<status status="PASS" starttime="20220313 22:26:12.300" endtime="20220313 22:26:15.282"/>
</kw>
<status status="PASS" starttime="20220313 22:26:10.648" endtime="20220313 22:26:15.283"/>
</test>
<test id="s1-s3-t2" name="Invalid password">
<kw name="open login page" library="Common" type="SETUP">
<kw name="Go To" library="SeleniumLibrary">
<arg>${url}</arg>
<doc>Navigates the current browser window to the provided ``url``.</doc>
<msg timestamp="20220313 22:26:15.290" level="INFO">Opening url 'https://rahulshettyacademy.com/loginpagePractise/'</msg>
<status status="PASS" starttime="20220313 22:26:15.289" endtime="20220313 22:26:15.811"/>
</kw>
<status status="PASS" starttime="20220313 22:26:15.287" endtime="20220313 22:26:15.812"/>
</kw>
<kw name="Validate UnSuccesful Login">
<arg>rahulshetty</arg>
<arg>ploudfg</arg>
<kw name="Fill the login Form">
<arg>${username}</arg>
<arg>${password}</arg>
<kw name="Input Text" library="SeleniumLibrary">
<arg>id:username</arg>
<arg>${username}</arg>
<doc>Types the given ``text`` into the text field identified by ``locator``.</doc>
<msg timestamp="20220313 22:26:15.817" level="INFO">Typing text 'rahulshetty' into text field 'id:username'.</msg>
<status status="PASS" starttime="20220313 22:26:15.815" endtime="20220313 22:26:15.974"/>
</kw>
<kw name="Input Password" library="SeleniumLibrary">
<arg>id:password</arg>
<arg>${password}</arg>
<doc>Types the given password into the text field identified by ``locator``.</doc>
<msg timestamp="20220313 22:26:15.976" level="INFO">Typing password into text field 'id:password'.</msg>
<msg timestamp="20220313 22:26:16.040" level="INFO">Temporally setting log level to: NONE</msg>
<msg timestamp="20220313 22:26:16.127" level="INFO">Log level changed from NONE to INFO.</msg>
<status status="PASS" starttime="20220313 22:26:15.975" endtime="20220313 22:26:16.127"/>
</kw>
<kw name="Click Button" library="SeleniumLibrary">
<arg>signInBtn</arg>
<doc>Clicks the button identified by ``locator``.</doc>
<msg timestamp="20220313 22:26:16.128" level="INFO">Clicking button 'signInBtn'.</msg>
<status status="PASS" starttime="20220313 22:26:16.128" endtime="20220313 22:26:16.228"/>
</kw>
<status status="PASS" starttime="20220313 22:26:15.813" endtime="20220313 22:26:16.228"/>
</kw>
<kw name="wait until it checks and display error message">
<kw name="Wait Until Element Is Visible" library="SeleniumLibrary">
<arg>${Error_Message_Login}</arg>
<doc>Waits until the element ``locator`` is visible.</doc>
<status status="PASS" starttime="20220313 22:26:16.230" endtime="20220313 22:26:18.395"/>
</kw>
<status status="PASS" starttime="20220313 22:26:16.229" endtime="20220313 22:26:18.396"/>
</kw>
<kw name="verify error message is correct">
<kw name="Get Text" library="SeleniumLibrary">
<var>${result}</var>
<arg>${Error_Message_Login}</arg>
<doc>Returns the text value of the element identified by ``locator``.</doc>
<msg timestamp="20220313 22:26:18.441" level="INFO">${result} = Incorrect username/password.</msg>
<status status="PASS" starttime="20220313 22:26:18.398" endtime="20220313 22:26:18.441"/>
</kw>
<kw name="Should Be Equal As Strings" library="BuiltIn">
<arg>${result}</arg>
<arg>Incorrect username/password.</arg>
<doc>Fails if objects are unequal after converting them to strings.</doc>
<status status="PASS" starttime="20220313 22:26:18.441" endtime="20220313 22:26:18.442"/>
</kw>
<kw name="Element Text Should Be" library="SeleniumLibrary">
<arg>${Error_Message_Login}</arg>
<arg>Incorrect username/password.</arg>
<doc>Verifies that element ``locator`` contains exact the text ``expected``.</doc>
<msg timestamp="20220313 22:26:18.443" level="INFO">Verifying element 'css:.alert-danger' contains exact text 'Incorrect username/password.'.</msg>
<status status="PASS" starttime="20220313 22:26:18.442" endtime="20220313 22:26:18.467"/>
</kw>
<status status="PASS" starttime="20220313 22:26:18.396" endtime="20220313 22:26:18.468"/>
</kw>
<status status="PASS" starttime="20220313 22:26:15.812" endtime="20220313 22:26:18.469"/>
</kw>
<status status="PASS" starttime="20220313 22:26:15.286" endtime="20220313 22:26:18.470"/>
</test>
<test id="s1-s3-t3" name="special characters">
<kw name="open login page" library="Common" type="SETUP">
<kw name="Go To" library="SeleniumLibrary">
<arg>${url}</arg>
<doc>Navigates the current browser window to the provided ``url``.</doc>
<msg timestamp="20220313 22:26:18.473" level="INFO">Opening url 'https://rahulshettyacademy.com/loginpagePractise/'</msg>
<status status="PASS" starttime="20220313 22:26:18.473" endtime="20220313 22:26:18.694"/>
</kw>
<status status="PASS" starttime="20220313 22:26:18.472" endtime="20220313 22:26:18.695"/>
</kw>
<kw name="Validate UnSuccesful Login">
<arg>@#$</arg>
<arg>learning</arg>
<kw name="Fill the login Form">
<arg>${username}</arg>
<arg>${password}</arg>
<kw name="Input Text" library="SeleniumLibrary">
<arg>id:username</arg>
<arg>${username}</arg>
<doc>Types the given ``text`` into the text field identified by ``locator``.</doc>
<msg timestamp="20220313 22:26:18.700" level="INFO">Typing text '@#$' into text field 'id:username'.</msg>
<status status="PASS" starttime="20220313 22:26:18.698" endtime="20220313 22:26:18.847"/>
</kw>
<kw name="Input Password" library="SeleniumLibrary">
<arg>id:password</arg>
<arg>${password}</arg>
<doc>Types the given password into the text field identified by ``locator``.</doc>
<msg timestamp="20220313 22:26:18.849" level="INFO">Typing password into text field 'id:password'.</msg>
<msg timestamp="20220313 22:26:18.925" level="INFO">Temporally setting log level to: NONE</msg>
<msg timestamp="20220313 22:26:19.027" level="INFO">Log level changed from NONE to INFO.</msg>
<status status="PASS" starttime="20220313 22:26:18.848" endtime="20220313 22:26:19.027"/>
</kw>
<kw name="Click Button" library="SeleniumLibrary">
<arg>signInBtn</arg>
<doc>Clicks the button identified by ``locator``.</doc>
<msg timestamp="20220313 22:26:19.029" level="INFO">Clicking button 'signInBtn'.</msg>
<status status="PASS" starttime="20220313 22:26:19.028" endtime="20220313 22:26:19.122"/>
</kw>
<status status="PASS" starttime="20220313 22:26:18.696" endtime="20220313 22:26:19.123"/>
</kw>
<kw name="wait until it checks and display error message">
<kw name="Wait Until Element Is Visible" library="SeleniumLibrary">
<arg>${Error_Message_Login}</arg>
<doc>Waits until the element ``locator`` is visible.</doc>
<status status="PASS" starttime="20220313 22:26:19.125" endtime="20220313 22:26:21.247"/>
</kw>
<status status="PASS" starttime="20220313 22:26:19.123" endtime="20220313 22:26:21.248"/>
</kw>
<kw name="verify error message is correct">
<kw name="Get Text" library="SeleniumLibrary">
<var>${result}</var>
<arg>${Error_Message_Login}</arg>
<doc>Returns the text value of the element identified by ``locator``.</doc>
<msg timestamp="20220313 22:26:21.301" level="INFO">${result} = Incorrect username/password.</msg>
<status status="PASS" starttime="20220313 22:26:21.250" endtime="20220313 22:26:21.302"/>
</kw>
<kw name="Should Be Equal As Strings" library="BuiltIn">
<arg>${result}</arg>
<arg>Incorrect username/password.</arg>
<doc>Fails if objects are unequal after converting them to strings.</doc>
<status status="PASS" starttime="20220313 22:26:21.302" endtime="20220313 22:26:21.304"/>
</kw>
<kw name="Element Text Should Be" library="SeleniumLibrary">
<arg>${Error_Message_Login}</arg>
<arg>Incorrect username/password.</arg>
<doc>Verifies that element ``locator`` contains exact the text ``expected``.</doc>
<msg timestamp="20220313 22:26:21.305" level="INFO">Verifying element 'css:.alert-danger' contains exact text 'Incorrect username/password.'.</msg>
<status status="PASS" starttime="20220313 22:26:21.304" endtime="20220313 22:26:21.332"/>
</kw>
<status status="PASS" starttime="20220313 22:26:21.249" endtime="20220313 22:26:21.332"/>
</kw>
<status status="PASS" starttime="20220313 22:26:18.695" endtime="20220313 22:26:21.333"/>
</kw>
<status status="PASS" starttime="20220313 22:26:18.471" endtime="20220313 22:26:21.334"/>
</test>
<kw name="close the app browser" library="Common" type="TEARDOWN">
<kw name="Close Browser" library="SeleniumLibrary">
<doc>Closes the current browser.</doc>
<status status="PASS" starttime="20220313 22:26:21.338" endtime="20220313 22:26:24.543"/>
</kw>
<status status="PASS" starttime="20220313 22:26:21.337" endtime="20220313 22:26:24.544"/>
</kw>
<doc>To validate the Login form</doc>
<status status="PASS" starttime="20220313 22:26:05.742" endtime="20220313 22:26:24.544"/>
</suite>
<suite id="s1-s4" name="DemoTest1" source="D:\workspace_python\RahulUdemy\Tests\DemoTest1.robot">
<kw name="open the app browser" library="Common" type="SETUP">
<kw name="Open Browser" library="SeleniumLibrary">
<arg>about:blank</arg>
<arg>${browser_name}</arg>
<doc>Opens a new browser instance to the optional ``url``.</doc>
<msg timestamp="20220313 22:25:30.090" level="INFO">Opening browser 'chrome' to base url 'about:blank'.</msg>
<status status="PASS" starttime="20220313 22:25:30.089" endtime="20220313 22:25:34.459"/>
</kw>
<kw name="Maximize Browser Window" library="SeleniumLibrary">
<doc>Maximizes current browser window.</doc>
<status status="PASS" starttime="20220313 22:25:34.461" endtime="20220313 22:25:34.834"/>
</kw>
<status status="PASS" starttime="20220313 22:25:30.088" endtime="20220313 22:25:34.835"/>
</kw>
<test id="s1-s4-t1" name="Validate Cards display in the Shopping Page">
<kw name="open login page" library="Common" type="SETUP">
<kw name="Go To" library="SeleniumLibrary">
<arg>${url}</arg>
<doc>Navigates the current browser window to the provided ``url``.</doc>
<msg timestamp="20220313 22:25:34.839" level="INFO">Opening url 'https://rahulshettyacademy.com/loginpagePractise/'</msg>
<status status="PASS" starttime="20220313 22:25:34.838" endtime="20220313 22:25:38.460"/>
</kw>
<status status="PASS" starttime="20220313 22:25:34.837" endtime="20220313 22:25:38.460"/>
</kw>
<kw name="Fill the login Form">
<arg>${user_name}</arg>
<arg>${valid_password}</arg>
<kw name="Input Text" library="SeleniumLibrary">
<arg>id=username</arg>
<arg>${user_name}</arg>
<doc>Types the given ``text`` into the text field identified by ``locator``.</doc>
<msg timestamp="20220313 22:25:38.465" level="INFO">Typing text 'rahulshettyacademy' into text field 'id=username'.</msg>
<status status="PASS" starttime="20220313 22:25:38.463" endtime="20220313 22:25:40.255"/>
</kw>
<kw name="Input Text" library="SeleniumLibrary">
<arg>id=password</arg>
<arg>${valid_password}</arg>
<doc>Types the given ``text`` into the text field identified by ``locator``.</doc>
<msg timestamp="20220313 22:25:40.257" level="INFO">Typing text 'learning' into text field 'id=password'.</msg>
<status status="PASS" starttime="20220313 22:25:40.256" endtime="20220313 22:25:41.043"/>
</kw>
<kw name="Click Button" library="SeleniumLibrary">
<arg>id=signInBtn</arg>
<doc>Clicks the button identified by ``locator``.</doc>
<msg timestamp="20220313 22:25:41.045" level="INFO">Clicking button 'id=signInBtn'.</msg>
<status status="PASS" starttime="20220313 22:25:41.044" endtime="20220313 22:25:41.612"/>
</kw>
<kw name="Wait Until Element Is Visible" library="SeleniumLibrary">
<arg>xpath=//h1[contains(text(),'Shop Name')]</arg>
<doc>Waits until the element ``locator`` is visible.</doc>
<status status="PASS" starttime="20220313 22:25:41.612" endtime="20220313 22:26:07.584"/>
</kw>
<status status="PASS" starttime="20220313 22:25:38.461" endtime="20220313 22:26:07.585"/>
</kw>
<kw name="Verify Card titles in the Shop page">
<kw name="Create List" library="BuiltIn">
<var>@{expectedList}</var>
<arg>iphone X</arg>
<arg>Samsung Note 8</arg>
<arg>Nokia Edge</arg>
<arg>Blackberry</arg>
<doc>Returns a list containing given items.</doc>
<msg timestamp="20220313 22:26:07.588" level="INFO">@{expectedList} = [ iphone X | Samsung Note 8 | Nokia Edge | Blackberry ]</msg>
<status status="PASS" starttime="20220313 22:26:07.587" endtime="20220313 22:26:07.589"/>
</kw>
<kw name="Get WebElements" library="SeleniumLibrary">
<var>${elements}</var>
<arg>//h4[@class='card-title']</arg>
<doc>Returns a list of WebElement objects matching the ``locator``.</doc>
<msg timestamp="20220313 22:26:07.738" level="INFO">${elements} = [&lt;selenium.webdriver.remote.webelement.WebElement (session="5cd75cd1352d363788e13dda6ca3e1f3", element="a4fe9a25-ce17-4f3c-af74-42a6ea9a2050")&gt;, &lt;selenium.webdriver.remote.webelement.WebElement (sessi...</msg>
<status status="PASS" starttime="20220313 22:26:07.589" endtime="20220313 22:26:07.739"/>
</kw>
<kw name="Log" library="BuiltIn">
<arg>${elements}</arg>
<doc>Logs the given message with the given level.</doc>
<msg timestamp="20220313 22:26:07.740" level="INFO">[&lt;selenium.webdriver.remote.webelement.WebElement (session="5cd75cd1352d363788e13dda6ca3e1f3", element="a4fe9a25-ce17-4f3c-af74-42a6ea9a2050")&gt;, &lt;selenium.webdriver.remote.webelement.WebElement (session="5cd75cd1352d363788e13dda6ca3e1f3", element="602066aa-41bf-4251-adc6-049d919e9c41")&gt;, &lt;selenium.webdriver.remote.webelement.WebElement (session="5cd75cd1352d363788e13dda6ca3e1f3", element="34177139-e3f2-4b2d-91d6-cbfc4863248b")&gt;, &lt;selenium.webdriver.remote.webelement.WebElement (session="5cd75cd1352d363788e13dda6ca3e1f3", element="712d696c-17e4-4613-99b8-1f431c3fed03")&gt;]</msg>
<status status="PASS" starttime="20220313 22:26:07.739" endtime="20220313 22:26:07.741"/>
</kw>
<kw name="Create List" library="BuiltIn">
<var>@{actualList}</var>
<doc>Returns a list containing given items.</doc>
<msg timestamp="20220313 22:26:07.742" level="INFO">@{actualList} = [ ]</msg>
<status status="PASS" starttime="20220313 22:26:07.741" endtime="20220313 22:26:07.743"/>
</kw>
<for flavor="IN">
<var>${element}</var>
<value>@{elements}</value>
<iter>
<var name="${element}">&lt;selenium.webdriver.remote.webelement.WebElement (session="5cd75cd1352d363788e13dda6ca3e1f3", element="a4fe9a25-ce17-4f3c-af74-42a6ea9a2050")&gt;</var>
<kw name="Get Text" library="SeleniumLibrary">
<var>${element_text}</var>
<arg>${element}</arg>
<doc>Returns the text value of the element identified by ``locator``.</doc>
<msg timestamp="20220313 22:26:07.888" level="INFO">${element_text} = iphone X</msg>
<status status="PASS" starttime="20220313 22:26:07.745" endtime="20220313 22:26:07.889"/>
</kw>
<kw name="Log" library="BuiltIn">
<arg>${element_text}</arg>
<doc>Logs the given message with the given level.</doc>
<msg timestamp="20220313 22:26:07.890" level="INFO">iphone X</msg>
<status status="PASS" starttime="20220313 22:26:07.889" endtime="20220313 22:26:07.890"/>
</kw>
<kw name="Append To List" library="Collections">
<arg>${actualList}</arg>
<arg>${element_text}</arg>
<doc>Adds ``values`` to the end of ``list``.</doc>
<status status="PASS" starttime="20220313 22:26:07.891" endtime="20220313 22:26:07.893"/>
</kw>
<status status="PASS" starttime="20220313 22:26:07.744" endtime="20220313 22:26:07.894"/>
</iter>
<iter>
<var name="${element}">&lt;selenium.webdriver.remote.webelement.WebElement (session="5cd75cd1352d363788e13dda6ca3e1f3", element="602066aa-41bf-4251-adc6-049d919e9c41")&gt;</var>
<kw name="Get Text" library="SeleniumLibrary">
<var>${element_text}</var>
<arg>${element}</arg>
<doc>Returns the text value of the element identified by ``locator``.</doc>
<msg timestamp="20220313 22:26:08.045" level="INFO">${element_text} = Samsung Note 8</msg>
<status status="PASS" starttime="20220313 22:26:07.895" endtime="20220313 22:26:08.045"/>
</kw>
<kw name="Log" library="BuiltIn">
<arg>${element_text}</arg>
<doc>Logs the given message with the given level.</doc>
<msg timestamp="20220313 22:26:08.046" level="INFO">Samsung Note 8</msg>
<status status="PASS" starttime="20220313 22:26:08.045" endtime="20220313 22:26:08.046"/>
</kw>
<kw name="Append To List" library="Collections">
<arg>${actualList}</arg>
<arg>${element_text}</arg>
<doc>Adds ``values`` to the end of ``list``.</doc>
<status status="PASS" starttime="20220313 22:26:08.047" endtime="20220313 22:26:08.048"/>
</kw>
<status status="PASS" starttime="20220313 22:26:07.894" endtime="20220313 22:26:08.048"/>
</iter>
<iter>
<var name="${element}">&lt;selenium.webdriver.remote.webelement.WebElement (session="5cd75cd1352d363788e13dda6ca3e1f3", element="34177139-e3f2-4b2d-91d6-cbfc4863248b")&gt;</var>
<kw name="Get Text" library="SeleniumLibrary">
<var>${element_text}</var>
<arg>${element}</arg>
<doc>Returns the text value of the element identified by ``locator``.</doc>
<msg timestamp="20220313 22:26:08.123" level="INFO">${element_text} = Nokia Edge</msg>
<status status="PASS" starttime="20220313 22:26:08.050" endtime="20220313 22:26:08.123"/>
</kw>
<kw name="Log" library="BuiltIn">
<arg>${element_text}</arg>
<doc>Logs the given message with the given level.</doc>
<msg timestamp="20220313 22:26:08.125" level="INFO">Nokia Edge</msg>
<status status="PASS" starttime="20220313 22:26:08.124" endtime="20220313 22:26:08.125"/>
</kw>
<kw name="Append To List" library="Collections">
<arg>${actualList}</arg>
<arg>${element_text}</arg>
<doc>Adds ``values`` to the end of ``list``.</doc>
<status status="PASS" starttime="20220313 22:26:08.125" endtime="20220313 22:26:08.126"/>
</kw>
<status status="PASS" starttime="20220313 22:26:08.049" endtime="20220313 22:26:08.127"/>
</iter>
<iter>
<var name="${element}">&lt;selenium.webdriver.remote.webelement.WebElement (session="5cd75cd1352d363788e13dda6ca3e1f3", element="712d696c-17e4-4613-99b8-1f431c3fed03")&gt;</var>
<kw name="Get Text" library="SeleniumLibrary">
<var>${element_text}</var>
<arg>${element}</arg>
<doc>Returns the text value of the element identified by ``locator``.</doc>
<msg timestamp="20220313 22:26:08.242" level="INFO">${element_text} = Blackberry</msg>
<status status="PASS" starttime="20220313 22:26:08.128" endtime="20220313 22:26:08.242"/>
</kw>
<kw name="Log" library="BuiltIn">
<arg>${element_text}</arg>
<doc>Logs the given message with the given level.</doc>
<msg timestamp="20220313 22:26:08.244" level="INFO">Blackberry</msg>
<status status="PASS" starttime="20220313 22:26:08.242" endtime="20220313 22:26:08.244"/>
</kw>
<kw name="Append To List" library="Collections">
<arg>${actualList}</arg>
<arg>${element_text}</arg>
<doc>Adds ``values`` to the end of ``list``.</doc>
<status status="PASS" starttime="20220313 22:26:08.244" endtime="20220313 22:26:08.246"/>
</kw>
<status status="PASS" starttime="20220313 22:26:08.127" endtime="20220313 22:26:08.246"/>
</iter>
<status status="PASS" starttime="20220313 22:26:07.743" endtime="20220313 22:26:08.246"/>
</for>
<kw name="Lists Should Be Equal" library="Collections">
<arg>${expectedList}</arg>
<arg>${actualList}</arg>
<doc>Fails if given lists are unequal.</doc>
<status status="PASS" starttime="20220313 22:26:08.247" endtime="20220313 22:26:08.249"/>
</kw>
<status status="PASS" starttime="20220313 22:26:07.586" endtime="20220313 22:26:08.250"/>
</kw>
<kw name="Hello World" library="Shop">
<msg timestamp="20220313 22:26:08.253" level="INFO">Hello World</msg>
<status status="PASS" starttime="20220313 22:26:08.250" endtime="20220313 22:26:08.254"/>
</kw>
<kw name="Select the Card">
<arg>${PhoneName}</arg>
<kw name="Create List" library="BuiltIn">
<var>@{expectedList}</var>
<arg>iphone X</arg>
<arg>Samsung Note 8</arg>
<arg>Nokia Edge</arg>
<arg>Blackberry</arg>
<doc>Returns a list containing given items.</doc>
<msg timestamp="20220313 22:26:08.258" level="INFO">@{expectedList} = [ iphone X | Samsung Note 8 | Nokia Edge | Blackberry ]</msg>
<status status="PASS" starttime="20220313 22:26:08.257" endtime="20220313 22:26:08.258"/>
</kw>
<kw name="Get WebElements" library="SeleniumLibrary">
<var>@{elements}</var>
<arg>//h4[@class='card-title']</arg>
<doc>Returns a list of WebElement objects matching the ``locator``.</doc>
<msg timestamp="20220313 22:26:08.403" level="INFO">@{elements} = [ &lt;selenium.webdriver.remote.webelement.WebElement (session="5cd75cd1352d363788e13dda6ca3e1f3", element="a4fe9a25-ce17-4f3c-af74-42a6ea9a2050")&gt; | &lt;selenium.webdriver.remote.webelement.WebElement (ses...</msg>
<status status="PASS" starttime="20220313 22:26:08.259" endtime="20220313 22:26:08.404"/>
</kw>
<kw name="Set Variable" library="BuiltIn">
<var>${index}</var>
<arg>1</arg>
<doc>Returns the given values which can then be assigned to a variables.</doc>
<msg timestamp="20220313 22:26:08.405" level="INFO">${index} = 1</msg>
<status status="PASS" starttime="20220313 22:26:08.404" endtime="20220313 22:26:08.405"/>
</kw>
<for flavor="IN">
<var>${element}</var>
<value>@{elements}</value>
<iter>
<var name="${element}">&lt;selenium.webdriver.remote.webelement.WebElement (session="5cd75cd1352d363788e13dda6ca3e1f3", element="a4fe9a25-ce17-4f3c-af74-42a6ea9a2050")&gt;</var>
<kw name="Exit For Loop If" library="BuiltIn">
<arg>'${element.text}' == '${cardname}'</arg>
<doc>Stops executing the enclosing for loop if the ``condition`` is true.</doc>
<status status="PASS" starttime="20220313 22:26:08.407" endtime="20220313 22:26:09.569"/>
</kw>
<kw name="Evaluate" library="BuiltIn">
<var>${index}</var>
<arg>${index} + 1</arg>
<doc>Evaluates the given expression in Python and returns the result.</doc>
<msg timestamp="20220313 22:26:09.571" level="INFO">${index} = 2</msg>
<status status="PASS" starttime="20220313 22:26:09.569" endtime="20220313 22:26:09.571"/>
</kw>
<status status="PASS" starttime="20220313 22:26:08.406" endtime="20220313 22:26:09.571"/>
</iter>
<iter>
<var name="${element}">&lt;selenium.webdriver.remote.webelement.WebElement (session="5cd75cd1352d363788e13dda6ca3e1f3", element="602066aa-41bf-4251-adc6-049d919e9c41")&gt;</var>
<kw name="Exit For Loop If" library="BuiltIn">
<arg>'${element.text}' == '${cardname}'</arg>
<doc>Stops executing the enclosing for loop if the ``condition`` is true.</doc>
<status status="PASS" starttime="20220313 22:26:09.572" endtime="20220313 22:26:10.213"/>
</kw>
<kw name="Evaluate" library="BuiltIn">
<var>${index}</var>
<arg>${index} + 1</arg>
<doc>Evaluates the given expression in Python and returns the result.</doc>
<msg timestamp="20220313 22:26:10.216" level="INFO">${index} = 3</msg>
<status status="PASS" starttime="20220313 22:26:10.214" endtime="20220313 22:26:10.216"/>
</kw>
<status status="PASS" starttime="20220313 22:26:09.572" endtime="20220313 22:26:10.216"/>
</iter>
<iter>
<var name="${element}">&lt;selenium.webdriver.remote.webelement.WebElement (session="5cd75cd1352d363788e13dda6ca3e1f3", element="34177139-e3f2-4b2d-91d6-cbfc4863248b")&gt;</var>
<kw name="Exit For Loop If" library="BuiltIn">
<arg>'${element.text}' == '${cardname}'</arg>
<doc>Stops executing the enclosing for loop if the ``condition`` is true.</doc>
<msg timestamp="20220313 22:26:10.499" level="INFO">Exiting for loop altogether.</msg>
<status status="PASS" starttime="20220313 22:26:10.219" endtime="20220313 22:26:10.502"/>
</kw>
<status status="PASS" starttime="20220313 22:26:10.218" endtime="20220313 22:26:10.503"/>
</iter>
<status status="PASS" starttime="20220313 22:26:08.405" endtime="20220313 22:26:10.503"/>
</for>
<kw name="Log" library="BuiltIn">
<arg>${index}</arg>
<doc>Logs the given message with the given level.</doc>
<msg timestamp="20220313 22:26:10.506" level="INFO">3</msg>
<status status="PASS" starttime="20220313 22:26:10.504" endtime="20220313 22:26:10.506"/>
</kw>
<kw name="Click Button" library="SeleniumLibrary">
<arg>xpath:(//div[@class='card-footer'])[${index}]/button</arg>
<doc>Clicks the button identified by ``locator``.</doc>
<msg timestamp="20220313 22:26:10.510" level="INFO">Clicking button 'xpath:(//div[@class='card-footer'])[3]/button'.</msg>
<status status="PASS" starttime="20220313 22:26:10.507" endtime="20220313 22:26:11.054"/>
</kw>
<status status="PASS" starttime="20220313 22:26:08.254" endtime="20220313 22:26:11.055"/>
</kw>
<tag>Smoke</tag>
<status status="PASS" starttime="20220313 22:25:34.835" endtime="20220313 22:26:11.055"/>
</test>
<test id="s1-s4-t2" name="Select the Form and Navigate the Child Window">
<kw name="open login page" library="Common" type="SETUP">
<kw name="Go To" library="SeleniumLibrary">
<arg>${url}</arg>
<doc>Navigates the current browser window to the provided ``url``.</doc>
<msg timestamp="20220313 22:26:11.060" level="INFO">Opening url 'https://rahulshettyacademy.com/loginpagePractise/'</msg>
<status status="PASS" starttime="20220313 22:26:11.059" endtime="20220313 22:26:11.239"/>
</kw>
<status status="PASS" starttime="20220313 22:26:11.058" endtime="20220313 22:26:11.241"/>
</kw>
<kw name="Fill the Login Details and Login Form">
<arg>${user_name}</arg>
<arg>${valid_password}</arg>
<kw name="Input Text" library="SeleniumLibrary">
<arg>id=username</arg>
<arg>${user_name}</arg>
<doc>Types the given ``text`` into the text field identified by ``locator``.</doc>
<msg timestamp="20220313 22:26:11.249" level="INFO">Typing text 'rahulshettyacademy' into text field 'id=username'.</msg>
<status status="PASS" starttime="20220313 22:26:11.246" endtime="20220313 22:26:11.555"/>
</kw>
<kw name="Input Text" library="SeleniumLibrary">
<arg>id=password</arg>
<arg>${valid_password}</arg>
<doc>Types the given ``text`` into the text field identified by ``locator``.</doc>
<msg timestamp="20220313 22:26:11.557" level="INFO">Typing text 'learning' into text field 'id=password'.</msg>
<status status="PASS" starttime="20220313 22:26:11.555" endtime="20220313 22:26:11.963"/>
</kw>
<kw name="Click Element" library="SeleniumLibrary">
<arg>xpath://input[@value='user']//following-sibling::span</arg>
<doc>Click the element identified by ``locator``.</doc>
<msg timestamp="20220313 22:26:11.965" level="INFO">Clicking element 'xpath://input[@value='user']//following-sibling::span'.</msg>
<status status="PASS" starttime="20220313 22:26:11.963" endtime="20220313 22:26:12.139"/>
</kw>
<kw name="Wait Until Element Is Visible" library="SeleniumLibrary">
<arg>okayBtn</arg>
<doc>Waits until the element ``locator`` is visible.</doc>
<status status="PASS" starttime="20220313 22:26:12.140" endtime="20220313 22:26:12.445"/>
</kw>
<kw name="Click Button" library="SeleniumLibrary">
<arg>okayBtn</arg>
<doc>Clicks the button identified by ``locator``.</doc>
<msg timestamp="20220313 22:26:12.446" level="INFO">Clicking button 'okayBtn'.</msg>
<status status="PASS" starttime="20220313 22:26:12.445" endtime="20220313 22:26:12.693"/>
</kw>
<kw name="Click Button" library="SeleniumLibrary">
<arg>okayBtn</arg>
<doc>Clicks the button identified by ``locator``.</doc>
<msg timestamp="20220313 22:26:12.695" level="INFO">Clicking button 'okayBtn'.</msg>
<status status="PASS" starttime="20220313 22:26:12.694" endtime="20220313 22:26:12.813"/>
</kw>
<kw name="Wait Until Element Is Not Visible" library="SeleniumLibrary">
<arg>okayBtn</arg>
<doc>Waits until the element ``locator`` is not visible.</doc>
<status status="PASS" starttime="20220313 22:26:12.813" endtime="20220313 22:26:12.893"/>
</kw>
<kw name="Select From List By Value" library="SeleniumLibrary">
<arg>xpath://select[@class='form-control']</arg>
<arg>teach</arg>
<doc>Selects options from selection list ``locator`` by ``values``.</doc>
<msg timestamp="20220313 22:26:12.895" level="INFO">Selecting options from selection list 'xpath://select[@class='form-control']' by value teach.</msg>
<status status="PASS" starttime="20220313 22:26:12.894" endtime="20220313 22:26:13.265"/>
</kw>
<kw name="Select Checkbox" library="SeleniumLibrary">
<arg>terms</arg>
<doc>Selects the checkbox identified by ``locator``.</doc>
<msg timestamp="20220313 22:26:13.267" level="INFO">Selecting checkbox 'terms'.</msg>
<status status="PASS" starttime="20220313 22:26:13.266" endtime="20220313 22:26:13.475"/>
</kw>
<kw name="Checkbox Should Be Selected" library="SeleniumLibrary">
<arg>terms</arg>
<doc>Verifies checkbox ``locator`` is selected/checked.</doc>
<msg timestamp="20220313 22:26:13.477" level="INFO">Verifying checkbox 'terms' is selected.</msg>
<status status="PASS" starttime="20220313 22:26:13.476" endtime="20220313 22:26:13.520"/>
</kw>
<status status="PASS" starttime="20220313 22:26:11.242" endtime="20220313 22:26:13.521"/>
</kw>
<tag>Current</tag>
<status status="PASS" starttime="20220313 22:26:11.057" endtime="20220313 22:26:13.522"/>
</test>
<kw name="close the app browser" library="Common" type="TEARDOWN">
<kw name="Close Browser" library="SeleniumLibrary">
<doc>Closes the current browser.</doc>
<status status="PASS" starttime="20220313 22:26:13.525" endtime="20220313 22:26:17.448"/>
</kw>
<status status="PASS" starttime="20220313 22:26:13.524" endtime="20220313 22:26:17.449"/>
</kw>
<doc>To validate the Login form</doc>
<status status="PASS" starttime="20220313 22:25:29.546" endtime="20220313 22:26:17.449"/>
</suite>
<suite id="s1-s5" name="DemoTest10" source="D:\workspace_python\RahulUdemy\Tests\DemoTest10.robot">
<kw name="open the app browser" library="Common" type="SETUP">
<kw name="Open Browser" library="SeleniumLibrary">
<arg>about:blank</arg>
<arg>${browser_name}</arg>
<doc>Opens a new browser instance to the optional ``url``.</doc>
<msg timestamp="20220313 22:25:30.145" level="INFO">Opening browser 'chrome' to base url 'about:blank'.</msg>
<status status="PASS" starttime="20220313 22:25:30.144" endtime="20220313 22:25:35.013"/>
</kw>
<kw name="Maximize Browser Window" library="SeleniumLibrary">
<doc>Maximizes current browser window.</doc>
<status status="PASS" starttime="20220313 22:25:35.014" endtime="20220313 22:25:36.019"/>
</kw>
<status status="PASS" starttime="20220313 22:25:30.143" endtime="20220313 22:25:36.020"/>
</kw>
<test id="s1-s5-t1" name="Invalid username">
<kw name="open login page" library="Common" type="SETUP">
<kw name="Go To" library="SeleniumLibrary">
<arg>${url}</arg>
<doc>Navigates the current browser window to the provided ``url``.</doc>
<msg timestamp="20220313 22:25:36.030" level="INFO">Opening url 'https://rahulshettyacademy.com/loginpagePractise/'</msg>
<status status="PASS" starttime="20220313 22:25:36.028" endtime="20220313 22:25:38.164"/>
</kw>
<status status="PASS" starttime="20220313 22:25:36.027" endtime="20220313 22:25:38.165"/>
</kw>
<kw name="Validate UnSuccesful Login">
<arg>dsahed</arg>
<arg>learning</arg>
<arg>Incorrect username/password.</arg>
<kw name="Fill the login form">
<arg>${username}</arg>
<arg>${password}</arg>
<kw name="Input Text" library="SeleniumLibrary">
<arg>username</arg>
<arg>${username}</arg>
<doc>Types the given ``text`` into the text field identified by ``locator``.</doc>
<msg timestamp="20220313 22:25:38.173" level="INFO">Typing text 'dsahed' into text field 'username'.</msg>
<status status="PASS" starttime="20220313 22:25:38.171" endtime="20220313 22:25:39.189"/>
</kw>
<kw name="Input Password" library="SeleniumLibrary">
<arg>password</arg>
<arg>${password}</arg>
<doc>Types the given password into the text field identified by ``locator``.</doc>
<msg timestamp="20220313 22:25:39.190" level="INFO">Typing password into text field 'password'.</msg>
<msg timestamp="20220313 22:25:39.963" level="INFO">Temporally setting log level to: NONE</msg>
<msg timestamp="20220313 22:25:40.423" level="INFO">Log level changed from NONE to INFO.</msg>
<status status="PASS" starttime="20220313 22:25:39.189" endtime="20220313 22:25:40.424"/>
</kw>
<kw name="Click Button" library="SeleniumLibrary">
<arg>signInBtn</arg>
<doc>Clicks the button identified by ``locator``.</doc>
<msg timestamp="20220313 22:25:40.426" level="INFO">Clicking button 'signInBtn'.</msg>
<status status="PASS" starttime="20220313 22:25:40.425" endtime="20220313 22:25:40.694"/>
</kw>
<status status="PASS" starttime="20220313 22:25:38.169" endtime="20220313 22:25:40.695"/>
</kw>
<kw name="wait until it checks and display error message">
<kw name="Wait Until Element Is Visible" library="SeleniumLibrary">
<arg>class:alert-danger</arg>
<arg>20</arg>
<doc>Waits until the element ``locator`` is visible.</doc>
<status status="PASS" starttime="20220313 22:25:40.696" endtime="20220313 22:25:42.691"/>
</kw>
<status status="PASS" starttime="20220313 22:25:40.695" endtime="20220313 22:25:42.692"/>
</kw>
<kw name="verify error message is correct">
<arg>${expectedResult}</arg>
<kw name="Get Text" library="SeleniumLibrary">
<var>${text}</var>
<arg>${Error_Message_Login}</arg>
<doc>Returns the text value of the element identified by ``locator``.</doc>
<msg timestamp="20220313 22:25:42.756" level="INFO">${text} = Incorrect username/password.</msg>
<status status="PASS" starttime="20220313 22:25:42.694" endtime="20220313 22:25:42.757"/>
</kw>
<kw name="Log" library="BuiltIn">
<arg>${text}</arg>
<doc>Logs the given message with the given level.</doc>
<msg timestamp="20220313 22:25:42.758" level="INFO">Incorrect username/password.</msg>
<status status="PASS" starttime="20220313 22:25:42.757" endtime="20220313 22:25:42.758"/>
</kw>
<kw name="Should Be Equal As Strings" library="BuiltIn">
<arg>${text}</arg>
<arg>${expectedResult}</arg>
<doc>Fails if objects are unequal after converting them to strings.</doc>
<status status="PASS" starttime="20220313 22:25:42.759" endtime="20220313 22:25:42.760"/>
</kw>
<kw name="Element Text Should Be" library="SeleniumLibrary">
<arg>${Error_Message_Login}</arg>
<arg>${expectedResult}</arg>
<doc>Verifies that element ``locator`` contains exact the text ``expected``.</doc>
<msg timestamp="20220313 22:25:42.762" level="INFO">Verifying element 'class:alert-danger' contains exact text 'Incorrect username/password.'.</msg>
<status status="PASS" starttime="20220313 22:25:42.760" endtime="20220313 22:25:42.798"/>
</kw>
<status status="PASS" starttime="20220313 22:25:42.692" endtime="20220313 22:25:42.800"/>
</kw>
<status status="PASS" starttime="20220313 22:25:38.167" endtime="20220313 22:25:42.801"/>
</kw>
<status status="PASS" starttime="20220313 22:25:36.021" endtime="20220313 22:25:42.801"/>
</test>
<test id="s1-s5-t2" name="Invalid password">
<kw name="open login page" library="Common" type="SETUP">
<kw name="Go To" library="SeleniumLibrary">
<arg>${url}</arg>
<doc>Navigates the current browser window to the provided ``url``.</doc>
<msg timestamp="20220313 22:25:42.811" level="INFO">Opening url 'https://rahulshettyacademy.com/loginpagePractise/'</msg>
<status status="PASS" starttime="20220313 22:25:42.809" endtime="20220313 22:25:43.345"/>
</kw>
<status status="PASS" starttime="20220313 22:25:42.808" endtime="20220313 22:25:43.345"/>
</kw>
<kw name="Validate UnSuccesful Login">
<arg>rahulshetty</arg>
<arg>ploudfg</arg>
<arg>Incorrect username/password.</arg>
<kw name="Fill the login form">
<arg>${username}</arg>
<arg>${password}</arg>
<kw name="Input Text" library="SeleniumLibrary">
<arg>username</arg>
<arg>${username}</arg>
<doc>Types the given ``text`` into the text field identified by ``locator``.</doc>
<msg timestamp="20220313 22:25:43.355" level="INFO">Typing text 'rahulshetty' into text field 'username'.</msg>
<status status="PASS" starttime="20220313 22:25:43.352" endtime="20220313 22:25:43.779"/>
</kw>
<kw name="Input Password" library="SeleniumLibrary">
<arg>password</arg>
<arg>${password}</arg>
<doc>Types the given password into the text field identified by ``locator``.</doc>
<msg timestamp="20220313 22:25:43.782" level="INFO">Typing password into text field 'password'.</msg>
<msg timestamp="20220313 22:25:43.870" level="INFO">Temporally setting log level to: NONE</msg>
<msg timestamp="20220313 22:25:44.038" level="INFO">Log level changed from NONE to INFO.</msg>
<status status="PASS" starttime="20220313 22:25:43.779" endtime="20220313 22:25:44.038"/>
</kw>
<kw name="Click Button" library="SeleniumLibrary">
<arg>signInBtn</arg>
<doc>Clicks the button identified by ``locator``.</doc>
<msg timestamp="20220313 22:25:44.040" level="INFO">Clicking button 'signInBtn'.</msg>
<status status="PASS" starttime="20220313 22:25:44.039" endtime="20220313 22:25:44.276"/>
</kw>
<status status="PASS" starttime="20220313 22:25:43.349" endtime="20220313 22:25:44.277"/>
</kw>
<kw name="wait until it checks and display error message">
<kw name="Wait Until Element Is Visible" library="SeleniumLibrary">
<arg>class:alert-danger</arg>
<arg>20</arg>
<doc>Waits until the element ``locator`` is visible.</doc>
<status status="PASS" starttime="20220313 22:25:44.279" endtime="20220313 22:25:46.310"/>
</kw>
<status status="PASS" starttime="20220313 22:25:44.278" endtime="20220313 22:25:46.311"/>
</kw>
<kw name="verify error message is correct">
<arg>${expectedResult}</arg>
<kw name="Get Text" library="SeleniumLibrary">
<var>${text}</var>
<arg>${Error_Message_Login}</arg>
<doc>Returns the text value of the element identified by ``locator``.</doc>
<msg timestamp="20220313 22:25:46.495" level="INFO">${text} = Incorrect username/password.</msg>
<status status="PASS" starttime="20220313 22:25:46.315" endtime="20220313 22:25:46.495"/>
</kw>
<kw name="Log" library="BuiltIn">
<arg>${text}</arg>
<doc>Logs the given message with the given level.</doc>
<msg timestamp="20220313 22:25:46.497" level="INFO">Incorrect username/password.</msg>
<status status="PASS" starttime="20220313 22:25:46.496" endtime="20220313 22:25:46.497"/>
</kw>
<kw name="Should Be Equal As Strings" library="BuiltIn">
<arg>${text}</arg>
<arg>${expectedResult}</arg>
<doc>Fails if objects are unequal after converting them to strings.</doc>
<status status="PASS" starttime="20220313 22:25:46.498" endtime="20220313 22:25:46.500"/>
</kw>
<kw name="Element Text Should Be" library="SeleniumLibrary">
<arg>${Error_Message_Login}</arg>
<arg>${expectedResult}</arg>
<doc>Verifies that element ``locator`` contains exact the text ``expected``.</doc>
<msg timestamp="20220313 22:25:46.502" level="INFO">Verifying element 'class:alert-danger' contains exact text 'Incorrect username/password.'.</msg>
<status status="PASS" starttime="20220313 22:25:46.501" endtime="20220313 22:25:46.640"/>
</kw>
<status status="PASS" starttime="20220313 22:25:46.312" endtime="20220313 22:25:46.641"/>
</kw>
<status status="PASS" starttime="20220313 22:25:43.346" endtime="20220313 22:25:46.641"/>
</kw>
<status status="PASS" starttime="20220313 22:25:42.803" endtime="20220313 22:25:46.642"/>
</test>
<test id="s1-s5-t3" name="special characters">
<kw name="open login page" library="Common" type="SETUP">
<kw name="Go To" library="SeleniumLibrary">
<arg>${url}</arg>
<doc>Navigates the current browser window to the provided ``url``.</doc>
<msg timestamp="20220313 22:25:46.652" level="INFO">Opening url 'https://rahulshettyacademy.com/loginpagePractise/'</msg>
<status status="PASS" starttime="20220313 22:25:46.650" endtime="20220313 22:25:47.212"/>
</kw>
<status status="PASS" starttime="20220313 22:25:46.649" endtime="20220313 22:25:47.213"/>
</kw>
<kw name="Validate UnSuccesful Login">
<arg>@#$</arg>
<arg>learning</arg>
<arg>Incorrect username/password.</arg>
<kw name="Fill the login form">
<arg>${username}</arg>
<arg>${password}</arg>
<kw name="Input Text" library="SeleniumLibrary">
<arg>username</arg>
<arg>${username}</arg>
<doc>Types the given ``text`` into the text field identified by ``locator``.</doc>
<msg timestamp="20220313 22:25:47.219" level="INFO">Typing text '@#$' into text field 'username'.</msg>
<status status="PASS" starttime="20220313 22:25:47.218" endtime="20220313 22:25:47.632"/>
</kw>
<kw name="Input Password" library="SeleniumLibrary">
<arg>password</arg>
<arg>${password}</arg>
<doc>Types the given password into the text field identified by ``locator``.</doc>
<msg timestamp="20220313 22:25:47.634" level="INFO">Typing password into text field 'password'.</msg>
<msg timestamp="20220313 22:25:47.723" level="INFO">Temporally setting log level to: NONE</msg>
<msg timestamp="20220313 22:25:47.927" level="INFO">Log level changed from NONE to INFO.</msg>
<status status="PASS" starttime="20220313 22:25:47.632" endtime="20220313 22:25:47.927"/>
</kw>
<kw name="Click Button" library="SeleniumLibrary">
<arg>signInBtn</arg>
<doc>Clicks the button identified by ``locator``.</doc>
<msg timestamp="20220313 22:25:47.928" level="INFO">Clicking button 'signInBtn'.</msg>
<status status="PASS" starttime="20220313 22:25:47.927" endtime="20220313 22:25:48.087"/>
</kw>
<status status="PASS" starttime="20220313 22:25:47.216" endtime="20220313 22:25:48.088"/>
</kw>
<kw name="wait until it checks and display error message">
<kw name="Wait Until Element Is Visible" library="SeleniumLibrary">
<arg>class:alert-danger</arg>
<arg>20</arg>
<doc>Waits until the element ``locator`` is visible.</doc>
<status status="PASS" starttime="20220313 22:25:48.090" endtime="20220313 22:25:50.389"/>
</kw>
<status status="PASS" starttime="20220313 22:25:48.088" endtime="20220313 22:25:50.390"/>
</kw>
<kw name="verify error message is correct">
<arg>${expectedResult}</arg>
<kw name="Get Text" library="SeleniumLibrary">
<var>${text}</var>
<arg>${Error_Message_Login}</arg>
<doc>Returns the text value of the element identified by ``locator``.</doc>
<msg timestamp="20220313 22:25:50.744" level="INFO">${text} = Incorrect username/password.</msg>
<status status="PASS" starttime="20220313 22:25:50.392" endtime="20220313 22:25:50.744"/>
</kw>
<kw name="Log" library="BuiltIn">
<arg>${text}</arg>
<doc>Logs the given message with the given level.</doc>
<msg timestamp="20220313 22:25:50.745" level="INFO">Incorrect username/password.</msg>
<status status="PASS" starttime="20220313 22:25:50.744" endtime="20220313 22:25:50.746"/>
</kw>
<kw name="Should Be Equal As Strings" library="BuiltIn">
<arg>${text}</arg>
<arg>${expectedResult}</arg>
<doc>Fails if objects are unequal after converting them to strings.</doc>
<status status="PASS" starttime="20220313 22:25:50.746" endtime="20220313 22:25:50.748"/>
</kw>
<kw name="Element Text Should Be" library="SeleniumLibrary">
<arg>${Error_Message_Login}</arg>
<arg>${expectedResult}</arg>
<doc>Verifies that element ``locator`` contains exact the text ``expected``.</doc>
<msg timestamp="20220313 22:25:50.751" level="INFO">Verifying element 'class:alert-danger' contains exact text 'Incorrect username/password.'.</msg>
<status status="PASS" starttime="20220313 22:25:50.748" endtime="20220313 22:25:50.905"/>
</kw>
<status status="PASS" starttime="20220313 22:25:50.390" endtime="20220313 22:25:50.906"/>
</kw>
<status status="PASS" starttime="20220313 22:25:47.213" endtime="20220313 22:25:50.906"/>
</kw>
<status status="PASS" starttime="20220313 22:25:46.643" endtime="20220313 22:25:50.907"/>
</test>
<test id="s1-s5-t4" name="Login with 1234 and 4242 so message is Incorrect username/password.">
<kw name="open login page" library="Common" type="SETUP">
<kw name="Go To" library="SeleniumLibrary">
<arg>${url}</arg>
<doc>Navigates the current browser window to the provided ``url``.</doc>
<msg timestamp="20220313 22:25:50.916" level="INFO">Opening url 'https://rahulshettyacademy.com/loginpagePractise/'</msg>
<status status="PASS" starttime="20220313 22:25:50.914" endtime="20220313 22:25:51.192"/>
</kw>
<status status="PASS" starttime="20220313 22:25:50.913" endtime="20220313 22:25:51.193"/>
</kw>
<kw name="Validate UnSuccesful Login">
<arg>1234</arg>
<arg>4242</arg>
<arg>Incorrect username/password.</arg>
<kw name="Fill the login form">
<arg>${username}</arg>
<arg>${password}</arg>
<kw name="Input Text" library="SeleniumLibrary">
<arg>username</arg>
<arg>${username}</arg>
<doc>Types the given ``text`` into the text field identified by ``locator``.</doc>
<msg timestamp="20220313 22:25:51.198" level="INFO">Typing text '1234' into text field 'username'.</msg>
<status status="PASS" starttime="20220313 22:25:51.197" endtime="20220313 22:25:52.711"/>
</kw>
<kw name="Input Password" library="SeleniumLibrary">
<arg>password</arg>
<arg>${password}</arg>
<doc>Types the given password into the text field identified by ``locator``.</doc>
<msg timestamp="20220313 22:25:52.713" level="INFO">Typing password into text field 'password'.</msg>
<msg timestamp="20220313 22:25:53.515" level="INFO">Temporally setting log level to: NONE</msg>
<msg timestamp="20220313 22:25:54.095" level="INFO">Log level changed from NONE to INFO.</msg>
<status status="PASS" starttime="20220313 22:25:52.712" endtime="20220313 22:25:54.095"/>
</kw>
<kw name="Click Button" library="SeleniumLibrary">
<arg>signInBtn</arg>
<doc>Clicks the button identified by ``locator``.</doc>
<msg timestamp="20220313 22:25:54.097" level="INFO">Clicking button 'signInBtn'.</msg>
<status status="PASS" starttime="20220313 22:25:54.096" endtime="20220313 22:25:54.228"/>
</kw>
<status status="PASS" starttime="20220313 22:25:51.195" endtime="20220313 22:25:54.228"/>
</kw>
<kw name="wait until it checks and display error message">
<kw name="Wait Until Element Is Visible" library="SeleniumLibrary">
<arg>class:alert-danger</arg>
<arg>20</arg>
<doc>Waits until the element ``locator`` is visible.</doc>
<status status="PASS" starttime="20220313 22:25:54.230" endtime="20220313 22:25:56.390"/>
</kw>
<status status="PASS" starttime="20220313 22:25:54.229" endtime="20220313 22:25:56.390"/>
</kw>
<kw name="verify error message is correct">
<arg>${expectedResult}</arg>
<kw name="Get Text" library="SeleniumLibrary">
<var>${text}</var>
<arg>${Error_Message_Login}</arg>
<doc>Returns the text value of the element identified by ``locator``.</doc>
<msg timestamp="20220313 22:25:56.437" level="INFO">${text} = Incorrect username/password.</msg>
<status status="PASS" starttime="20220313 22:25:56.392" endtime="20220313 22:25:56.437"/>
</kw>
<kw name="Log" library="BuiltIn">
<arg>${text}</arg>
<doc>Logs the given message with the given level.</doc>
<msg timestamp="20220313 22:25:56.439" level="INFO">Incorrect username/password.</msg>
<status status="PASS" starttime="20220313 22:25:56.438" endtime="20220313 22:25:56.439"/>
</kw>
<kw name="Should Be Equal As Strings" library="BuiltIn">
<arg>${text}</arg>
<arg>${expectedResult}</arg>
<doc>Fails if objects are unequal after converting them to strings.</doc>
<status status="PASS" starttime="20220313 22:25:56.439" endtime="20220313 22:25:56.441"/>
</kw>
<kw name="Element Text Should Be" library="SeleniumLibrary">
<arg>${Error_Message_Login}</arg>
<arg>${expectedResult}</arg>
<doc>Verifies that element ``locator`` contains exact the text ``expected``.</doc>
<msg timestamp="20220313 22:25:56.442" level="INFO">Verifying element 'class:alert-danger' contains exact text 'Incorrect username/password.'.</msg>
<status status="PASS" starttime="20220313 22:25:56.441" endtime="20220313 22:25:56.467"/>
</kw>
<status status="PASS" starttime="20220313 22:25:56.391" endtime="20220313 22:25:56.468"/>
</kw>
<status status="PASS" starttime="20220313 22:25:51.194" endtime="20220313 22:25:56.469"/>
</kw>
<status status="PASS" starttime="20220313 22:25:50.908" endtime="20220313 22:25:56.469"/>
</test>
<test id="s1-s5-t5" name="Empty Username">
<kw name="open login page" library="Common" type="SETUP">
<kw name="Go To" library="SeleniumLibrary">
<arg>${url}</arg>
<doc>Navigates the current browser window to the provided ``url``.</doc>
<msg timestamp="20220313 22:25:56.477" level="INFO">Opening url 'https://rahulshettyacademy.com/loginpagePractise/'</msg>
<status status="PASS" starttime="20220313 22:25:56.476" endtime="20220313 22:25:56.708"/>
</kw>
<status status="PASS" starttime="20220313 22:25:56.475" endtime="20220313 22:25:56.709"/>
</kw>
<kw name="Validate UnSuccesful Login">
<arg>learning</arg>
<arg>Empty username/password.</arg>
<kw name="Fill the login form">
<arg>${username}</arg>
<arg>${password}</arg>
<kw name="Input Text" library="SeleniumLibrary">
<arg>username</arg>
<arg>${username}</arg>
<doc>Types the given ``text`` into the text field identified by ``locator``.</doc>
<msg timestamp="20220313 22:25:56.715" level="INFO">Typing text '' into text field 'username'.</msg>
<status status="PASS" starttime="20220313 22:25:56.713" endtime="20220313 22:25:57.269"/>
</kw>
<kw name="Input Password" library="SeleniumLibrary">
<arg>password</arg>
<arg>${password}</arg>
<doc>Types the given password into the text field identified by ``locator``.</doc>
<msg timestamp="20220313 22:25:57.271" level="INFO">Typing password into text field 'password'.</msg>
<msg timestamp="20220313 22:25:57.373" level="INFO">Temporally setting log level to: NONE</msg>
<msg timestamp="20220313 22:25:57.488" level="INFO">Log level changed from NONE to INFO.</msg>
<status status="PASS" starttime="20220313 22:25:57.270" endtime="20220313 22:25:57.488"/>
</kw>
<kw name="Click Button" library="SeleniumLibrary">
<arg>signInBtn</arg>
<doc>Clicks the button identified by ``locator``.</doc>
<msg timestamp="20220313 22:25:57.489" level="INFO">Clicking button 'signInBtn'.</msg>
<status status="PASS" starttime="20220313 22:25:57.489" endtime="20220313 22:25:57.679"/>
</kw>
<status status="PASS" starttime="20220313 22:25:56.711" endtime="20220313 22:25:57.680"/>
</kw>
<kw name="wait until it checks and display error message">
<kw name="Wait Until Element Is Visible" library="SeleniumLibrary">
<arg>class:alert-danger</arg>
<arg>20</arg>
<doc>Waits until the element ``locator`` is visible.</doc>
<status status="PASS" starttime="20220313 22:25:57.684" endtime="20220313 22:25:57.755"/>
</kw>
<status status="PASS" starttime="20220313 22:25:57.681" endtime="20220313 22:25:57.756"/>
</kw>
<kw name="verify error message is correct">
<arg>${expectedResult}</arg>
<kw name="Get Text" library="SeleniumLibrary">
<var>${text}</var>
<arg>${Error_Message_Login}</arg>
<doc>Returns the text value of the element identified by ``locator``.</doc>
<msg timestamp="20220313 22:25:57.810" level="INFO">${text} = Empty username/password.</msg>
<status status="PASS" starttime="20220313 22:25:57.758" endtime="20220313 22:25:57.810"/>
</kw>
<kw name="Log" library="BuiltIn">
<arg>${text}</arg>
<doc>Logs the given message with the given level.</doc>
<msg timestamp="20220313 22:25:57.811" level="INFO">Empty username/password.</msg>
<status status="PASS" starttime="20220313 22:25:57.810" endtime="20220313 22:25:57.811"/>
</kw>
<kw name="Should Be Equal As Strings" library="BuiltIn">
<arg>${text}</arg>
<arg>${expectedResult}</arg>
<doc>Fails if objects are unequal after converting them to strings.</doc>
<status status="PASS" starttime="20220313 22:25:57.812" endtime="20220313 22:25:57.813"/>
</kw>
<kw name="Element Text Should Be" library="SeleniumLibrary">
<arg>${Error_Message_Login}</arg>
<arg>${expectedResult}</arg>
<doc>Verifies that element ``locator`` contains exact the text ``expected``.</doc>
<msg timestamp="20220313 22:25:57.817" level="INFO">Verifying element 'class:alert-danger' contains exact text 'Empty username/password.'.</msg>
<status status="PASS" starttime="20220313 22:25:57.813" endtime="20220313 22:25:57.855"/>
</kw>
<status status="PASS" starttime="20220313 22:25:57.756" endtime="20220313 22:25:57.855"/>
</kw>
<status status="PASS" starttime="20220313 22:25:56.709" endtime="20220313 22:25:57.856"/>
</kw>
<status status="PASS" starttime="20220313 22:25:56.470" endtime="20220313 22:25:57.856"/>
</test>
<test id="s1-s5-t6" name="Empty Password">
<kw name="open login page" library="Common" type="SETUP">
<kw name="Go To" library="SeleniumLibrary">
<arg>${url}</arg>
<doc>Navigates the current browser window to the provided ``url``.</doc>
<msg timestamp="20220313 22:25:57.865" level="INFO">Opening url 'https://rahulshettyacademy.com/loginpagePractise/'</msg>
<status status="PASS" starttime="20220313 22:25:57.863" endtime="20220313 22:25:58.191"/>
</kw>
<status status="PASS" starttime="20220313 22:25:57.862" endtime="20220313 22:25:58.192"/>
</kw>
<kw name="Validate UnSuccesful Login">
<arg>rahulshetty</arg>
<arg>Empty username/password.</arg>
<kw name="Fill the login form">
<arg>${username}</arg>
<arg>${password}</arg>
<kw name="Input Text" library="SeleniumLibrary">
<arg>username</arg>
<arg>${username}</arg>
<doc>Types the given ``text`` into the text field identified by ``locator``.</doc>
<msg timestamp="20220313 22:25:58.196" level="INFO">Typing text 'rahulshetty' into text field 'username'.</msg>
<status status="PASS" starttime="20220313 22:25:58.195" endtime="20220313 22:25:58.481"/>
</kw>
<kw name="Input Password" library="SeleniumLibrary">
<arg>password</arg>
<arg>${password}</arg>
<doc>Types the given password into the text field identified by ``locator``.</doc>
<msg timestamp="20220313 22:25:58.483" level="INFO">Typing password into text field 'password'.</msg>
<msg timestamp="20220313 22:25:58.563" level="INFO">Temporally setting log level to: NONE</msg>
<msg timestamp="20220313 22:25:58.629" level="INFO">Log level changed from NONE to INFO.</msg>
<status status="PASS" starttime="20220313 22:25:58.482" endtime="20220313 22:25:58.629"/>
</kw>
<kw name="Click Button" library="SeleniumLibrary">
<arg>signInBtn</arg>
<doc>Clicks the button identified by ``locator``.</doc>
<msg timestamp="20220313 22:25:58.632" level="INFO">Clicking button 'signInBtn'.</msg>
<status status="PASS" starttime="20220313 22:25:58.630" endtime="20220313 22:25:58.746"/>
</kw>
<status status="PASS" starttime="20220313 22:25:58.194" endtime="20220313 22:25:58.746"/>
</kw>
<kw name="wait until it checks and display error message">
<kw name="Wait Until Element Is Visible" library="SeleniumLibrary">
<arg>class:alert-danger</arg>
<arg>20</arg>
<doc>Waits until the element ``locator`` is visible.</doc>
<status status="PASS" starttime="20220313 22:25:58.749" endtime="20220313 22:25:58.795"/>
</kw>
<status status="PASS" starttime="20220313 22:25:58.747" endtime="20220313 22:25:58.796"/>
</kw>
<kw name="verify error message is correct">
<arg>${expectedResult}</arg>
<kw name="Get Text" library="SeleniumLibrary">
<var>${text}</var>
<arg>${Error_Message_Login}</arg>
<doc>Returns the text value of the element identified by ``locator``.</doc>
<msg timestamp="20220313 22:25:58.845" level="INFO">${text} = Empty username/password.</msg>
<status status="PASS" starttime="20220313 22:25:58.798" endtime="20220313 22:25:58.845"/>
</kw>
<kw name="Log" library="BuiltIn">
<arg>${text}</arg>
<doc>Logs the given message with the given level.</doc>
<msg timestamp="20220313 22:25:58.847" level="INFO">Empty username/password.</msg>
<status status="PASS" starttime="20220313 22:25:58.846" endtime="20220313 22:25:58.847"/>
</kw>
<kw name="Should Be Equal As Strings" library="BuiltIn">
<arg>${text}</arg>
<arg>${expectedResult}</arg>
<doc>Fails if objects are unequal after converting them to strings.</doc>
<status status="PASS" starttime="20220313 22:25:58.848" endtime="20220313 22:25:58.850"/>
</kw>
<kw name="Element Text Should Be" library="SeleniumLibrary">
<arg>${Error_Message_Login}</arg>
<arg>${expectedResult}</arg>
<doc>Verifies that element ``locator`` contains exact the text ``expected``.</doc>
<msg timestamp="20220313 22:25:58.852" level="INFO">Verifying element 'class:alert-danger' contains exact text 'Empty username/password.'.</msg>
<status status="PASS" starttime="20220313 22:25:58.850" endtime="20220313 22:25:58.962"/>
</kw>
<status status="PASS" starttime="20220313 22:25:58.796" endtime="20220313 22:25:58.963"/>
</kw>
<status status="PASS" starttime="20220313 22:25:58.192" endtime="20220313 22:25:58.963"/>
</kw>
<status status="PASS" starttime="20220313 22:25:57.858" endtime="20220313 22:25:58.965"/>
</test>
<kw name="close the app browser" library="Common" type="TEARDOWN">
<kw name="Close Browser" library="SeleniumLibrary">
<doc>Closes the current browser.</doc>
<status status="PASS" starttime="20220313 22:25:58.969" endtime="20220313 22:26:03.082"/>
</kw>
<status status="PASS" starttime="20220313 22:25:58.968" endtime="20220313 22:26:03.084"/>
</kw>
<doc>To validate the Login form as Data Driven Test with DataDriver Library</doc>
<status status="PASS" starttime="20220313 22:25:29.575" endtime="20220313 22:26:03.084"/>
</suite>
<suite id="s1-s6" name="DemoTest11" source="D:\workspace_python\RahulUdemy\Tests\DemoTest11.robot">
<kw name="open the app browser" library="Common" type="SETUP">
<kw name="Open Browser" library="SeleniumLibrary">
<arg>about:blank</arg>
<arg>${browser_name}</arg>
<doc>Opens a new browser instance to the optional ``url``.</doc>
<msg timestamp="20220313 22:25:30.158" level="INFO">Opening browser 'chrome' to base url 'about:blank'.</msg>
<status status="PASS" starttime="20220313 22:25:30.157" endtime="20220313 22:25:35.872"/>
</kw>
<kw name="Maximize Browser Window" library="SeleniumLibrary">
<doc>Maximizes current browser window.</doc>
<status status="PASS" starttime="20220313 22:25:35.873" endtime="20220313 22:25:36.282"/>
</kw>
<status status="PASS" starttime="20220313 22:25:30.156" endtime="20220313 22:25:36.283"/>
</kw>
<test id="s1-s6-t1" name="Validate Unsuccessful Login">
<kw name="open login page" library="Common" type="SETUP">
<kw name="Go To" library="SeleniumLibrary">
<arg>${url}</arg>
<doc>Navigates the current browser window to the provided ``url``.</doc>
<msg timestamp="20220313 22:25:36.292" level="INFO">Opening url 'https://rahulshettyacademy.com/loginpagePractise/'</msg>
<status status="PASS" starttime="20220313 22:25:36.291" endtime="20220313 22:25:39.642"/>
</kw>
<status status="PASS" starttime="20220313 22:25:36.290" endtime="20220313 22:25:39.643"/>
</kw>
<kw name="Fill the login form" library="NewLandingPage">
<arg>${username}</arg>
<arg>${invalid_password}</arg>
<kw name="Input Text" library="SeleniumLibrary">
<arg>username</arg>
<arg>${username}</arg>
<doc>Types the given ``text`` into the text field identified by ``locator``.</doc>
<msg timestamp="20220313 22:25:39.648" level="INFO">Typing text 'rahulshettyacademy' into text field 'username'.</msg>
<status status="PASS" starttime="20220313 22:25:39.646" endtime="20220313 22:25:40.610"/>
</kw>
<kw name="Input Password" library="SeleniumLibrary">
<arg>password</arg>
<arg>${password}</arg>
<doc>Types the given password into the text field identified by ``locator``.</doc>
<msg timestamp="20220313 22:25:40.612" level="INFO">Typing password into text field 'password'.</msg>
<msg timestamp="20220313 22:25:40.865" level="INFO">Temporally setting log level to: NONE</msg>
<msg timestamp="20220313 22:25:41.179" level="INFO">Log level changed from NONE to INFO.</msg>
<status status="PASS" starttime="20220313 22:25:40.611" endtime="20220313 22:25:41.179"/>
</kw>
<kw name="Click Button" library="SeleniumLibrary">
<arg>signInBtn</arg>
[...]
<status status="PASS" starttime="20220313 22:26:34.708" endtime="20220313 22:26:34.718"/>
</kw>
<kw name="Create List" library="BuiltIn">
<var>@{actualList}</var>
<doc>Returns a list containing given items.</doc>
<msg timestamp="20220313 22:26:34.719" level="INFO">@{actualList} = [ ]</msg>
<status status="PASS" starttime="20220313 22:26:34.719" endtime="20220313 22:26:34.719"/>
</kw>
<for flavor="IN">
<var>${element}</var>
<value>@{elements}</value>
<iter>
<var name="${element}">&lt;selenium.webdriver.remote.webelement.WebElement (session="13f897d7c426d1f6dbaa2181157fee14", element="f4a2eba0-f4b2-4c51-bdcd-50bf964e775b")&gt;</var>
<kw name="Get Text" library="SeleniumLibrary">
<var>${element_text}</var>
<arg>${element}</arg>
<doc>Returns the text value of the element identified by ``locator``.</doc>
<msg timestamp="20220313 22:26:34.730" level="INFO">${element_text} = iphone X</msg>
<status status="PASS" starttime="20220313 22:26:34.720" endtime="20220313 22:26:34.730"/>
</kw>
<kw name="Log" library="BuiltIn">
<arg>${element_text}</arg>
<doc>Logs the given message with the given level.</doc>
<msg timestamp="20220313 22:26:34.731" level="INFO">iphone X</msg>
<status status="PASS" starttime="20220313 22:26:34.731" endtime="20220313 22:26:34.731"/>
</kw>
<kw name="Append To List" library="Collections">
<arg>${actualList}</arg>
<arg>${element_text}</arg>
<doc>Adds ``values`` to the end of ``list``.</doc>
<status status="PASS" starttime="20220313 22:26:34.731" endtime="20220313 22:26:34.732"/>
</kw>
<status status="PASS" starttime="20220313 22:26:34.719" endtime="20220313 22:26:34.732"/>
</iter>
<iter>
<var name="${element}">&lt;selenium.webdriver.remote.webelement.WebElement (session="13f897d7c426d1f6dbaa2181157fee14", element="f4675678-2a2e-4e50-87e8-f027e06ab14f")&gt;</var>
<kw name="Get Text" library="SeleniumLibrary">
<var>${element_text}</var>
<arg>${element}</arg>
<doc>Returns the text value of the element identified by ``locator``.</doc>
<msg timestamp="20220313 22:26:34.743" level="INFO">${element_text} = Samsung Note 8</msg>
<status status="PASS" starttime="20220313 22:26:34.733" endtime="20220313 22:26:34.743"/>
</kw>
<kw name="Log" library="BuiltIn">
<arg>${element_text}</arg>
<doc>Logs the given message with the given level.</doc>
<msg timestamp="20220313 22:26:34.744" level="INFO">Samsung Note 8</msg>
<status status="PASS" starttime="20220313 22:26:34.743" endtime="20220313 22:26:34.744"/>
</kw>
<kw name="Append To List" library="Collections">
<arg>${actualList}</arg>
<arg>${element_text}</arg>
<doc>Adds ``values`` to the end of ``list``.</doc>
<status status="PASS" starttime="20220313 22:26:34.744" endtime="20220313 22:26:34.744"/>
</kw>
<status status="PASS" starttime="20220313 22:26:34.732" endtime="20220313 22:26:34.744"/>
</iter>
<iter>
<var name="${element}">&lt;selenium.webdriver.remote.webelement.WebElement (session="13f897d7c426d1f6dbaa2181157fee14", element="24a9fcc2-0842-4bdd-9307-54cce7557d5d")&gt;</var>
<kw name="Get Text" library="SeleniumLibrary">
<var>${element_text}</var>
<arg>${element}</arg>
<doc>Returns the text value of the element identified by ``locator``.</doc>
<msg timestamp="20220313 22:26:34.756" level="INFO">${element_text} = Nokia Edge</msg>
<status status="PASS" starttime="20220313 22:26:34.745" endtime="20220313 22:26:34.756"/>
</kw>
<kw name="Log" library="BuiltIn">
<arg>${element_text}</arg>
<doc>Logs the given message with the given level.</doc>
<msg timestamp="20220313 22:26:34.757" level="INFO">Nokia Edge</msg>
<status status="PASS" starttime="20220313 22:26:34.756" endtime="20220313 22:26:34.757"/>
</kw>
<kw name="Append To List" library="Collections">
<arg>${actualList}</arg>
<arg>${element_text}</arg>
<doc>Adds ``values`` to the end of ``list``.</doc>
<status status="PASS" starttime="20220313 22:26:34.757" endtime="20220313 22:26:34.757"/>
</kw>
<status status="PASS" starttime="20220313 22:26:34.745" endtime="20220313 22:26:34.757"/>
</iter>
<iter>
<var name="${element}">&lt;selenium.webdriver.remote.webelement.WebElement (session="13f897d7c426d1f6dbaa2181157fee14", element="db73f3c3-7066-4a2f-a960-13755f8bf1f3")&gt;</var>
<kw name="Get Text" library="SeleniumLibrary">
<var>${element_text}</var>
<arg>${element}</arg>
<doc>Returns the text value of the element identified by ``locator``.</doc>
<msg timestamp="20220313 22:26:34.768" level="INFO">${element_text} = Blackberry</msg>
<status status="PASS" starttime="20220313 22:26:34.758" endtime="20220313 22:26:34.769"/>
</kw>
<kw name="Log" library="BuiltIn">
<arg>${element_text}</arg>
<doc>Logs the given message with the given level.</doc>
<msg timestamp="20220313 22:26:34.769" level="INFO">Blackberry</msg>
<status status="PASS" starttime="20220313 22:26:34.769" endtime="20220313 22:26:34.769"/>
</kw>
<kw name="Append To List" library="Collections">
<arg>${actualList}</arg>
<arg>${element_text}</arg>
<doc>Adds ``values`` to the end of ``list``.</doc>
<status status="PASS" starttime="20220313 22:26:34.769" endtime="20220313 22:26:34.770"/>
</kw>
<status status="PASS" starttime="20220313 22:26:34.757" endtime="20220313 22:26:34.770"/>
</iter>
<status status="PASS" starttime="20220313 22:26:34.719" endtime="20220313 22:26:34.770"/>
</for>
<kw name="Log" library="BuiltIn">
<arg>${actualList}</arg>
<doc>Logs the given message with the given level.</doc>
<msg timestamp="20220313 22:26:34.770" level="INFO">['iphone X', 'Samsung Note 8', 'Nokia Edge', 'Blackberry']</msg>
<status status="PASS" starttime="20220313 22:26:34.770" endtime="20220313 22:26:34.771"/>
</kw>
<kw name="Lists Should Be Equal" library="Collections">
<arg>${expectedList}</arg>
<arg>${actualList}</arg>
<doc>Fails if given lists are unequal.</doc>
<status status="PASS" starttime="20220313 22:26:34.771" endtime="20220313 22:26:34.771"/>
</kw>
<status status="PASS" starttime="20220313 22:26:34.707" endtime="20220313 22:26:34.771"/>
</kw>
<kw name="Select the Card">
<arg>Nokia Edge</arg>
<kw name="Get WebElements" library="SeleniumLibrary">
<var>@{elements}</var>
<arg>xpath://h4[@class='card-title']</arg>
<doc>Returns a list of WebElement objects matching the ``locator``.</doc>
<msg timestamp="20220313 22:26:34.777" level="INFO">@{elements} = [ &lt;selenium.webdriver.remote.webelement.WebElement (session="13f897d7c426d1f6dbaa2181157fee14", element="f4a2eba0-f4b2-4c51-bdcd-50bf964e775b")&gt; | &lt;selenium.webdriver.remote.webelement.WebElement (ses...</msg>
<status status="PASS" starttime="20220313 22:26:34.772" endtime="20220313 22:26:34.777"/>
</kw>
<kw name="Set Variable" library="BuiltIn">
<var>${index}</var>
<arg>1</arg>
<doc>Returns the given values which can then be assigned to a variables.</doc>
<msg timestamp="20220313 22:26:34.778" level="INFO">${index} = 1</msg>
<status status="PASS" starttime="20220313 22:26:34.777" endtime="20220313 22:26:34.778"/>
</kw>
<for flavor="IN">
<var>${element}</var>
<value>@{elements}</value>
<iter>
<var name="${element}">&lt;selenium.webdriver.remote.webelement.WebElement (session="13f897d7c426d1f6dbaa2181157fee14", element="f4a2eba0-f4b2-4c51-bdcd-50bf964e775b")&gt;</var>
<kw name="Get Text" library="SeleniumLibrary">
<var>${element_text}</var>
<arg>${element}</arg>
<doc>Returns the text value of the element identified by ``locator``.</doc>
<msg timestamp="20220313 22:26:34.785" level="INFO">${element_text} = iphone X</msg>
<status status="PASS" starttime="20220313 22:26:34.778" endtime="20220313 22:26:34.785"/>
</kw>
<kw name="Run Keyword If" library="BuiltIn">
<arg>'${element_text}' == '${cardname}'</arg>
<arg>click button</arg>
<arg>xpath:(//button[@class='btn btn-info'])[${index}]</arg>
<doc>Runs the given keyword with the given arguments, if ``condition`` is true.</doc>
<status status="PASS" starttime="20220313 22:26:34.785" endtime="20220313 22:26:34.786"/>
</kw>
<kw name="Evaluate" library="BuiltIn">
<var>${index}</var>
<arg>${index} + 1</arg>
<doc>Evaluates the given expression in Python and returns the result.</doc>
<msg timestamp="20220313 22:26:34.786" level="INFO">${index} = 2</msg>
<status status="PASS" starttime="20220313 22:26:34.786" endtime="20220313 22:26:34.786"/>
</kw>
<status status="PASS" starttime="20220313 22:26:34.778" endtime="20220313 22:26:34.786"/>
</iter>
<iter>
<var name="${element}">&lt;selenium.webdriver.remote.webelement.WebElement (session="13f897d7c426d1f6dbaa2181157fee14", element="f4675678-2a2e-4e50-87e8-f027e06ab14f")&gt;</var>
<kw name="Get Text" library="SeleniumLibrary">
<var>${element_text}</var>
<arg>${element}</arg>
<doc>Returns the text value of the element identified by ``locator``.</doc>
<msg timestamp="20220313 22:26:34.793" level="INFO">${element_text} = Samsung Note 8</msg>
<status status="PASS" starttime="20220313 22:26:34.787" endtime="20220313 22:26:34.794"/>
</kw>
<kw name="Run Keyword If" library="BuiltIn">
<arg>'${element_text}' == '${cardname}'</arg>
<arg>click button</arg>
<arg>xpath:(//button[@class='btn btn-info'])[${index}]</arg>
<doc>Runs the given keyword with the given arguments, if ``condition`` is true.</doc>
<status status="PASS" starttime="20220313 22:26:34.794" endtime="20220313 22:26:34.794"/>
</kw>
<kw name="Evaluate" library="BuiltIn">
<var>${index}</var>
<arg>${index} + 1</arg>
<doc>Evaluates the given expression in Python and returns the result.</doc>
<msg timestamp="20220313 22:26:34.795" level="INFO">${index} = 3</msg>
<status status="PASS" starttime="20220313 22:26:34.794" endtime="20220313 22:26:34.795"/>
</kw>
<status status="PASS" starttime="20220313 22:26:34.787" endtime="20220313 22:26:34.795"/>
</iter>
<iter>
<var name="${element}">&lt;selenium.webdriver.remote.webelement.WebElement (session="13f897d7c426d1f6dbaa2181157fee14", element="24a9fcc2-0842-4bdd-9307-54cce7557d5d")&gt;</var>
<kw name="Get Text" library="SeleniumLibrary">
<var>${element_text}</var>
<arg>${element}</arg>
<doc>Returns the text value of the element identified by ``locator``.</doc>
<msg timestamp="20220313 22:26:34.802" level="INFO">${element_text} = Nokia Edge</msg>
<status status="PASS" starttime="20220313 22:26:34.795" endtime="20220313 22:26:34.802"/>
</kw>
<kw name="Run Keyword If" library="BuiltIn">
<arg>'${element_text}' == '${cardname}'</arg>
<arg>click button</arg>
<arg>xpath:(//button[@class='btn btn-info'])[${index}]</arg>
<doc>Runs the given keyword with the given arguments, if ``condition`` is true.</doc>
<kw name="Click Button" library="SeleniumLibrary">
<arg>xpath:(//button[@class='btn btn-info'])[${index}]</arg>
<doc>Clicks the button identified by ``locator``.</doc>
<msg timestamp="20220313 22:26:34.803" level="INFO">Clicking button 'xpath:(//button[@class='btn btn-info'])[3]'.</msg>
<status status="PASS" starttime="20220313 22:26:34.803" endtime="20220313 22:26:34.858"/>
</kw>
<status status="PASS" starttime="20220313 22:26:34.802" endtime="20220313 22:26:34.859"/>
</kw>
<kw name="Evaluate" library="BuiltIn">
<var>${index}</var>
<arg>${index} + 1</arg>
<doc>Evaluates the given expression in Python and returns the result.</doc>
<msg timestamp="20220313 22:26:34.860" level="INFO">${index} = 4</msg>
<status status="PASS" starttime="20220313 22:26:34.859" endtime="20220313 22:26:34.860"/>
</kw>
<status status="PASS" starttime="20220313 22:26:34.795" endtime="20220313 22:26:34.860"/>
</iter>
<iter>
<var name="${element}">&lt;selenium.webdriver.remote.webelement.WebElement (session="13f897d7c426d1f6dbaa2181157fee14", element="db73f3c3-7066-4a2f-a960-13755f8bf1f3")&gt;</var>
<kw name="Get Text" library="SeleniumLibrary">
<var>${element_text}</var>
<arg>${element}</arg>
<doc>Returns the text value of the element identified by ``locator``.</doc>
<msg timestamp="20220313 22:26:34.872" level="INFO">${element_text} = Blackberry</msg>
<status status="PASS" starttime="20220313 22:26:34.861" endtime="20220313 22:26:34.872"/>
</kw>
<kw name="Run Keyword If" library="BuiltIn">
<arg>'${element_text}' == '${cardname}'</arg>
<arg>click button</arg>
<arg>xpath:(//button[@class='btn btn-info'])[${index}]</arg>
<doc>Runs the given keyword with the given arguments, if ``condition`` is true.</doc>
<status status="PASS" starttime="20220313 22:26:34.872" endtime="20220313 22:26:34.873"/>
</kw>
<kw name="Evaluate" library="BuiltIn">
<var>${index}</var>
<arg>${index} + 1</arg>
<doc>Evaluates the given expression in Python and returns the result.</doc>
<msg timestamp="20220313 22:26:34.874" level="INFO">${index} = 5</msg>
<status status="PASS" starttime="20220313 22:26:34.873" endtime="20220313 22:26:34.874"/>
</kw>
<status status="PASS" starttime="20220313 22:26:34.860" endtime="20220313 22:26:34.874"/>
</iter>
<status status="PASS" starttime="20220313 22:26:34.778" endtime="20220313 22:26:34.874"/>
</for>
<status status="PASS" starttime="20220313 22:26:34.771" endtime="20220313 22:26:34.875"/>
</kw>
<tag>REGRESSION</tag>
<status status="PASS" starttime="20220313 22:26:14.434" endtime="20220313 22:26:34.875"/>
</test>
<test id="s1-s12-t3" name="Select the Form and navigate to Child window">
<kw name="open login page" library="Common" type="SETUP">
<kw name="Go To" library="SeleniumLibrary">
<arg>${url}</arg>
<doc>Navigates the current browser window to the provided ``url``.</doc>
<msg timestamp="20220313 22:26:34.878" level="INFO">Opening url 'https://rahulshettyacademy.com/loginpagePractise/'</msg>
<status status="PASS" starttime="20220313 22:26:34.877" endtime="20220313 22:26:34.948"/>
</kw>
<status status="PASS" starttime="20220313 22:26:34.877" endtime="20220313 22:26:34.949"/>
</kw>
<kw name="Fill the Login Details and Login Form">
<arg>${user_name}</arg>
<arg>${valid_password}</arg>
<kw name="Input Text" library="SeleniumLibrary">
<arg>username</arg>
<arg>${my_user}</arg>
<doc>Types the given ``text`` into the text field identified by ``locator``.</doc>
<msg timestamp="20220313 22:26:34.952" level="INFO">Typing text 'rahulshettyacademy' into text field 'username'.</msg>
<status status="PASS" starttime="20220313 22:26:34.951" endtime="20220313 22:26:35.040"/>
</kw>
<kw name="Input Password" library="SeleniumLibrary">
<arg>password</arg>
<arg>${my_passwd}</arg>
<doc>Types the given password into the text field identified by ``locator``.</doc>
<msg timestamp="20220313 22:26:35.041" level="INFO">Typing password into text field 'password'.</msg>
<msg timestamp="20220313 22:26:35.072" level="INFO">Temporally setting log level to: NONE</msg>
<msg timestamp="20220313 22:26:35.109" level="INFO">Log level changed from NONE to INFO.</msg>
<status status="PASS" starttime="20220313 22:26:35.040" endtime="20220313 22:26:35.109"/>
</kw>
<kw name="Click Element" library="SeleniumLibrary">
<arg>xpath://input[@value='user']</arg>
<doc>Click the element identified by ``locator``.</doc>
<msg timestamp="20220313 22:26:35.109" level="INFO">Clicking element 'xpath://input[@value='user']'.</msg>
<status status="PASS" starttime="20220313 22:26:35.109" endtime="20220313 22:26:35.149"/>
</kw>
<kw name="Wait Until Element Is Visible" library="SeleniumLibrary">
<arg>xpath://div[@class='modal-body']</arg>
<doc>Waits until the element ``locator`` is visible.</doc>
<status status="PASS" starttime="20220313 22:26:35.150" endtime="20220313 22:26:35.387"/>
</kw>
<kw name="Click Button" library="SeleniumLibrary">
<arg>okayBtn</arg>
<doc>Clicks the button identified by ``locator``.</doc>
<msg timestamp="20220313 22:26:35.387" level="INFO">Clicking button 'okayBtn'.</msg>
<status status="PASS" starttime="20220313 22:26:35.387" endtime="20220313 22:26:35.433"/>
</kw>
<kw name="Click Button" library="SeleniumLibrary">
<arg>okayBtn</arg>
<doc>Clicks the button identified by ``locator``.</doc>
<msg timestamp="20220313 22:26:35.434" level="INFO">Clicking button 'okayBtn'.</msg>
<status status="PASS" starttime="20220313 22:26:35.433" endtime="20220313 22:26:35.463"/>
</kw>
<kw name="Wait Until Element Is Not Visible" library="SeleniumLibrary">
<arg>xpath://div[@class='modal-body']</arg>
<doc>Waits until the element ``locator`` is not visible.</doc>
<status status="PASS" starttime="20220313 22:26:35.463" endtime="20220313 22:26:35.690"/>
</kw>
<kw name="Select From List By Value" library="SeleniumLibrary">
<arg>xpath://select[@class='form-control']</arg>
<arg>consult</arg>
<doc>Selects options from selection list ``locator`` by ``values``.</doc>
<msg timestamp="20220313 22:26:35.691" level="INFO">Selecting options from selection list 'xpath://select[@class='form-control']' by value consult.</msg>
<status status="PASS" starttime="20220313 22:26:35.690" endtime="20220313 22:26:35.744"/>
</kw>
<kw name="Select Checkbox" library="SeleniumLibrary">
<arg>terms</arg>
<doc>Selects the checkbox identified by ``locator``.</doc>
<msg timestamp="20220313 22:26:35.744" level="INFO">Selecting checkbox 'terms'.</msg>
<status status="PASS" starttime="20220313 22:26:35.744" endtime="20220313 22:26:35.802"/>
</kw>
<kw name="Checkbox Should Be Selected" library="SeleniumLibrary">
<arg>terms</arg>
<doc>Verifies checkbox ``locator`` is selected/checked.</doc>
<msg timestamp="20220313 22:26:35.803" level="INFO">Verifying checkbox 'terms' is selected.</msg>
<status status="PASS" starttime="20220313 22:26:35.802" endtime="20220313 22:26:35.813"/>
</kw>
<kw name="Click Element" library="SeleniumLibrary">
<arg>signInBtn</arg>
<doc>Click the element identified by ``locator``.</doc>
<msg timestamp="20220313 22:26:35.813" level="INFO">Clicking element 'signInBtn'.</msg>
<status status="PASS" starttime="20220313 22:26:35.813" endtime="20220313 22:26:35.850"/>
</kw>
<status status="PASS" starttime="20220313 22:26:34.950" endtime="20220313 22:26:35.850"/>
</kw>
<kw name="Wait Until Element Is Visible" library="SeleniumLibrary">
<arg>${Shop_Page_Load_Element}</arg>
<doc>Waits until the element ``locator`` is visible.</doc>
<status status="PASS" starttime="20220313 22:26:35.851" endtime="20220313 22:27:09.560"/>
</kw>
<tag>Current</tag>
<status status="PASS" starttime="20220313 22:26:34.876" endtime="20220313 22:27:09.560"/>
</test>
<kw name="close the app browser" library="Common" type="TEARDOWN">
<kw name="Close Browser" library="SeleniumLibrary">
<doc>Closes the current browser.</doc>
<status status="PASS" starttime="20220313 22:27:09.561" endtime="20220313 22:27:11.682"/>
</kw>
<status status="PASS" starttime="20220313 22:27:09.561" endtime="20220313 22:27:11.682"/>
</kw>
<doc>To validate the Login form</doc>
<status status="PASS" starttime="20220313 22:26:04.313" endtime="20220313 22:27:11.683"/>
</suite>
<doc>[https://pabot.org/?ref=log|Pabot] result from 12 executions.</doc>
<status status="PASS" starttime="20220313 22:25:29.503" endtime="20220313 22:27:38.635"/>
</suite>
<statistics>
<total>
<stat pass="29" fail="0" skip="0">All Tests</stat>
</total>
<tag>
<stat pass="3" fail="0" skip="0">Current</stat>
<stat pass="5" fail="0" skip="0">REGRESSION</stat>
<stat pass="5" fail="0" skip="0">Smoke</stat>
</tag>
<suite>
<stat pass="29" fail="0" skip="0" id="s1" name="Tests">Tests</stat>
<stat pass="1" fail="0" skip="0" id="s1-s1" name="CustomKeywords">Tests.CustomKeywords</stat>
<stat pass="1" fail="0" skip="0" id="s1-s2" name="DemoTest8">Tests.DemoTest8</stat>
<stat pass="3" fail="0" skip="0" id="s1-s3" name="DemoTest9">Tests.DemoTest9</stat>
<stat pass="2" fail="0" skip="0" id="s1-s4" name="DemoTest1">Tests.DemoTest1</stat>
<stat pass="6" fail="0" skip="0" id="s1-s5" name="DemoTest10">Tests.DemoTest10</stat>
<stat pass="2" fail="0" skip="0" id="s1-s6" name="DemoTest11">Tests.DemoTest11</stat>
<stat pass="1" fail="0" skip="0" id="s1-s7" name="DemoTest2">Tests.DemoTest2</stat>
<stat pass="6" fail="0" skip="0" id="s1-s8" name="DemoTest3">Tests.DemoTest3</stat>
<stat pass="1" fail="0" skip="0" id="s1-s9" name="DemoTest4">Tests.DemoTest4</stat>
<stat pass="2" fail="0" skip="0" id="s1-s10" name="DemoTest5">Tests.DemoTest5</stat>
<stat pass="1" fail="0" skip="0" id="s1-s11" name="DemoTest6">Tests.DemoTest6</stat>
<stat pass="3" fail="0" skip="0" id="s1-s12" name="DemoTest7">Tests.DemoTest7</stat>
</suite>
</statistics>
<errors>
</errors>
</robot>
