<?xml version="1.0" encoding="UTF-8"?>
<robot generator="Robot 4.1.3 (Python 3.8.2 on win32)" generated="20220313 22:25:29.507" rpa="false" schemaversion="2">
<suite id="s1" name="Tests" source="D:\workspace_python\RahulUdemy\Tests">
<suite id="s1-s1" name="CustomKeywords" source="D:\workspace_python\RahulUdemy\Tests\CustomKeywords.robot">
<test id="s1-s1-t1" name="Open Store &amp; Login Store With Wrong Credentials">
<kw name="Navigate To Store">
<kw name="Open Browser" library="SeleniumLibrary">
<arg>http://automationpractice.com/</arg>
<arg>browser=chrome</arg>
<doc>Opens a new browser instance to the optional ``url``.</doc>
<msg timestamp="20220313 22:25:30.066" level="INFO">Opening browser 'chrome' to base url 'http://automationpractice.com/'.</msg>
<status status="PASS" starttime="20220313 22:25:30.066" endtime="20220313 22:26:04.687"/>
</kw>
<kw name="Maximize Browser Window" library="SeleniumLibrary">
<doc>Maximizes current browser window.</doc>
<status status="PASS" starttime="20220313 22:26:04.688" endtime="20220313 22:26:04.945"/>
</kw>
<status status="PASS" starttime="20220313 22:25:30.065" endtime="20220313 22:26:04.946"/>
</kw>
<kw name="Verify Page Title Contains Store">
<kw name="Get Title" library="SeleniumLibrary">
<var>${title}</var>
<doc>Returns the title of the current page.</doc>
<msg timestamp="20220313 22:26:04.955" level="INFO">${title} = My Store</msg>
<status status="PASS" starttime="20220313 22:26:04.948" endtime="20220313 22:26:04.955"/>
</kw>
<kw name="Should Be Equal As Strings" library="BuiltIn">
<arg>${title}</arg>
<arg>My Store</arg>
<doc>Fails if objects are unequal after converting them to strings.</doc>
<status status="PASS" starttime="20220313 22:26:04.956" endtime="20220313 22:26:04.957"/>
</kw>
<status status="PASS" starttime="20220313 22:26:04.946" endtime="20220313 22:26:04.958"/>
</kw>
<kw name="Signin With Dummy Email">
<kw name="Click Element" library="SeleniumLibrary">
<arg>//a[contains(text(),'Sign in')]</arg>
<doc>Click the element identified by ``locator``.</doc>
<msg timestamp="20220313 22:26:04.961" level="INFO">Clicking element '//a[contains(text(),'Sign in')]'.</msg>
<status status="PASS" starttime="20220313 22:26:04.960" endtime="20220313 22:26:07.749"/>
</kw>
<kw name="Wait Until Page Contains Element" library="SeleniumLibrary">
<arg>//a[contains(text(), 'Forgot your password')]</arg>
<doc>Waits until the element ``locator`` appears on the current page.</doc>
<status status="PASS" starttime="20220313 22:26:07.750" endtime="20220313 22:26:07.790"/>
</kw>
<kw name="Generate Random Emails" library="CustomLib">
<var>${random_email}</var>
<arg>${10}</arg>
<msg timestamp="20220313 22:26:07.793" level="INFO">${random_email} = mndquttybs@mail.kz</msg>
<status status="PASS" starttime="20220313 22:26:07.791" endtime="20220313 22:26:07.793"/>
</kw>
<kw name="Log" library="BuiltIn">
<arg>${random_email}</arg>
<doc>Logs the given message with the given level.</doc>
<msg timestamp="20220313 22:26:07.795" level="INFO">mndquttybs@mail.kz</msg>
<status status="PASS" starttime="20220313 22:26:07.794" endtime="20220313 22:26:07.795"/>
</kw>
<kw name="Input Text" library="SeleniumLibrary">
<arg>email</arg>
<arg>${random_email}</arg>
<doc>Types the given ``text`` into the text field identified by ``locator``.</doc>
<msg timestamp="20220313 22:26:07.797" level="INFO">Typing text 'mndquttybs@mail.kz' into text field 'email'.</msg>
<status status="PASS" starttime="20220313 22:26:07.795" endtime="20220313 22:26:08.097"/>
</kw>
<kw name="Generate Random Pass" library="CustomLib">
<var>${random_pass}</var>
<arg>${12}</arg>
<msg timestamp="20220313 22:26:08.103" level="INFO">${random_pass} = 8yw0lgi4h7g9</msg>
<status status="PASS" starttime="20220313 22:26:08.101" endtime="20220313 22:26:08.103"/>
</kw>
<kw name="Log" library="BuiltIn">
<arg>${random_pass}</arg>
<doc>Logs the given message with the given level.</doc>
<msg timestamp="20220313 22:26:08.104" level="INFO">8yw0lgi4h7g9</msg>
<status status="PASS" starttime="20220313 22:26:08.103" endtime="20220313 22:26:08.105"/>
</kw>
<kw name="Input Password" library="SeleniumLibrary">
<arg>passwd</arg>
<arg>${random_pass}</arg>
<doc>Types the given password into the text field identified by ``locator``.</doc>
<msg timestamp="20220313 22:26:08.106" level="INFO">Typing password into text field 'passwd'.</msg>
<msg timestamp="20220313 22:26:08.280" level="INFO">Temporally setting log level to: NONE</msg>
<msg timestamp="20220313 22:26:08.461" level="INFO">Log level changed from NONE to INFO.</msg>
<status status="PASS" starttime="20220313 22:26:08.105" endtime="20220313 22:26:08.461"/>
</kw>
<kw name="Click Element" library="SeleniumLibrary">
<arg>SubmitLogin</arg>
<doc>Click the element identified by ``locator``.</doc>
<msg timestamp="20220313 22:26:08.463" level="INFO">Clicking element 'SubmitLogin'.</msg>
<status status="PASS" starttime="20220313 22:26:08.461" endtime="20220313 22:26:10.747"/>
</kw>
<kw name="Wait Until Page Contains" library="SeleniumLibrary">
<arg>Authentication failed.</arg>
<doc>Waits until ``text`` appears on the current page.</doc>
<status status="PASS" starttime="20220313 22:26:10.747" endtime="20220313 22:26:10.840"/>
</kw>
<status status="PASS" starttime="20220313 22:26:04.958" endtime="20220313 22:26:10.840"/>
</kw>
<kw name="Close Browser" library="SeleniumLibrary">
<doc>Closes the current browser.</doc>
<status status="PASS" starttime="20220313 22:26:10.841" endtime="20220313 22:26:16.855"/>
</kw>
<status status="PASS" starttime="20220313 22:25:30.062" endtime="20220313 22:26:16.856"/>
</test>
<doc>My First Custom Keyword Case
This test will try to Signin with Wrong Email</doc>
<status status="PASS" starttime="20220313 22:25:29.563" endtime="20220313 22:26:16.857"/>
</suite>
<status status="PASS" starttime="20220313 22:25:29.522" endtime="20220313 22:26:16.861"/>
</suite>
<statistics>
<total>
<stat pass="1" fail="0" skip="0">All Tests</stat>
</total>
<tag>
</tag>
<suite>
<stat pass="1" fail="0" skip="0" id="s1" name="Tests">Tests</stat>
<stat pass="1" fail="0" skip="0" id="s1-s1" name="CustomKeywords">Tests.CustomKeywords</stat>
</suite>
</statistics>
<errors>
</errors>
</robot>
